#
# There is insufficient memory for the Java Runtime Environment to continue.
# Native memory allocation (malloc) failed to allocate 1048576 bytes for AllocateHeap
# Possible reasons:
#   The system is out of physical RAM or swap space
#   The process is running with CompressedOops enabled, and the Java Heap may be blocking the growth of the native heap
# Possible solutions:
#   Reduce memory load on the system
#   Increase physical memory or swap space
#   Check if swap backing store is full
#   Decrease Java heap size (-Xmx/-Xms)
#   Decrease number of Java threads
#   Decrease Java thread stack sizes (-Xss)
#   Set larger code cache with -XX:ReservedCodeCacheSize=
# This output file may be truncated or incomplete.
#
#  Out of Memory Error (./open/src/hotspot/share/memory/allocation.cpp:46), pid=11592, tid=20416
#
# JRE version:  (11.0.15+8) (build )
# Java VM: Java HotSpot(TM) 64-Bit Server VM (11.0.15+8-LTS-149, mixed mode, sharing, tiered, compressed oops, g1 gc, windows-amd64)
# No core dump will be written. Minidumps are not enabled by default on client versions of Windows
#

---------------  S U M M A R Y ------------

Command Line: org.jetbrains.kotlin.cli.jvm.K2JVMCompiler @C:\Users\Appdev_Design\Desktop\example\node_modules\react-native-screens\android\build\20220825_18062268190121135644.compiler.options

Host: Intel(R) Core(TM) i3-6098P CPU @ 3.60GHz, 4 cores, 7G,  Windows 10 , 64 bit Build 19041 (10.0.19041.1889)
Time: Thu Aug 25 17:36:09 2022 India Standard Time elapsed time: 0.065932 seconds (0d 0h 0m 0s)

---------------  T H R E A D  ---------------

Current thread (0x000002102e24c000):  JavaThread "Unknown thread" [_thread_in_vm, id=20416, stack(0x000000da29600000,0x000000da29700000)]

Stack: [0x000000da29600000,0x000000da29700000]
Native frames: (J=compiled Java code, j=interpreted, Vv=VM code, C=native code)
V  [jvm.dll+0x629d8a]
V  [jvm.dll+0x7638ff]
V  [jvm.dll+0x764fa9]
V  [jvm.dll+0x765633]
V  [jvm.dll+0x23d9c8]
V  [jvm.dll+0xb1494]
V  [jvm.dll+0x2d6cd2]
V  [jvm.dll+0x2d0f29]
V  [jvm.dll+0x73df07]
V  [jvm.dll+0x73f79f]
V  [jvm.dll+0x346ab9]
V  [jvm.dll+0x723810]
V  [jvm.dll+0x3b56cf]
V  [jvm.dll+0x3b77e1]
C  [jli.dll+0x5207]
C  [ucrtbase.dll+0x21bb2]
C  [KERNEL32.DLL+0x17034]
C  [ntdll.dll+0x52651]


---------------  P R O C E S S  ---------------

Threads class SMR info:
_java_thread_list=0x000002102c0b6740, length=0, elements={
}

Java Threads: ( => current thread )

Other Threads:
  0x000002102e262000 GCTaskThread "GC Thread#0" [stack: 0x000000da29700000,0x000000da29800000] [id=18096]

[error occurred during error reporting (printing all threads), id 0xc0000005, EXCEPTION_ACCESS_VIOLATION (0xc0000005) at pc=0x00007ffb5dd5c290]

VM state:not at safepoint (not fully initialized)

VM Mutex/Monitor currently owned by a thread:  ([mutex/lock_event])
[0x000002102e247c40] Heap_lock - owner thread: 0x000002102e24c000

Heap address: 0x0000000080a00000, size: 2038 MB, Compressed Oops mode: Non-zero based: 0x0000000080a00000
Narrow klass base: 0x0000000000000000, Narrow klass shift: 0

GC Heap History (0 events):
No events

Deoptimization events (0 events):
No events

Classes redefined (0 events):
No events

Internal exceptions (0 events):
No events

Events (0 events):
No events


Dynamic libraries:
0x00007ff7a2b40000 - 0x00007ff7a2b4f000 	C:\Program Files\Java\jdk-11.0.15\bin\java.exe
0x00007ffbea310000 - 0x00007ffbea508000 	C:\WINDOWS\SYSTEM32\ntdll.dll
0x00007ffbe9eb0000 - 0x00007ffbe9f6d000 	C:\WINDOWS\System32\KERNEL32.DLL
0x00007ffbe7d30000 - 0x00007ffbe7ffe000 	C:\WINDOWS\System32\KERNELBASE.dll
0x00007ffbe8070000 - 0x00007ffbe8170000 	C:\WINDOWS\System32\ucrtbase.dll
0x00007ffbd2ed0000 - 0x00007ffbd2ee5000 	C:\Program Files\Java\jdk-11.0.15\bin\VCRUNTIME140.dll
0x00007ffbcf4d0000 - 0x00007ffbcf4e8000 	C:\Program Files\Java\jdk-11.0.15\bin\jli.dll
0x00007ffbe8b30000 - 0x00007ffbe8bde000 	C:\WINDOWS\System32\ADVAPI32.dll
0x00007ffbe8370000 - 0x00007ffbe840e000 	C:\WINDOWS\System32\msvcrt.dll
0x00007ffbe8a90000 - 0x00007ffbe8b2c000 	C:\WINDOWS\System32\sechost.dll
0x00007ffbe98b0000 - 0x00007ffbe99d5000 	C:\WINDOWS\System32\RPCRT4.dll
0x00007ffbe8600000 - 0x00007ffbe87a0000 	C:\WINDOWS\System32\USER32.dll
0x00007ffbe8310000 - 0x00007ffbe8332000 	C:\WINDOWS\System32\win32u.dll
0x00007ffbd4790000 - 0x00007ffbd4a2a000 	C:\WINDOWS\WinSxS\amd64_microsoft.windows.common-controls_6595b64144ccf1df_6.0.19041.1110_none_60b5254171f9507e\COMCTL32.dll
0x00007ffbe8930000 - 0x00007ffbe895a000 	C:\WINDOWS\System32\GDI32.dll
0x00007ffbe7a30000 - 0x00007ffbe7b3b000 	C:\WINDOWS\System32\gdi32full.dll
0x00007ffbe8170000 - 0x00007ffbe820d000 	C:\WINDOWS\System32\msvcp_win.dll
0x00007ffbe1d10000 - 0x00007ffbe1d1a000 	C:\WINDOWS\SYSTEM32\VERSION.dll
0x00007ffbe95b0000 - 0x00007ffbe95e0000 	C:\WINDOWS\System32\IMM32.DLL
0x00007ffbbd930000 - 0x00007ffbbd9cb000 	C:\Program Files\Java\jdk-11.0.15\bin\msvcp140.dll
0x00007ffb5da80000 - 0x00007ffb5e596000 	C:\Program Files\Java\jdk-11.0.15\bin\server\jvm.dll
0x00007ffbe95e0000 - 0x00007ffbe95e8000 	C:\WINDOWS\System32\PSAPI.DLL
0x00007ffbd2400000 - 0x00007ffbd2409000 	C:\WINDOWS\SYSTEM32\WSOCK32.dll
0x00007ffbe0e80000 - 0x00007ffbe0ea7000 	C:\WINDOWS\SYSTEM32\WINMM.dll
0x00007ffbe8a20000 - 0x00007ffbe8a8b000 	C:\WINDOWS\System32\WS2_32.dll
0x00007ffbe5910000 - 0x00007ffbe5922000 	C:\WINDOWS\SYSTEM32\kernel.appcore.dll
0x00007ffbd3880000 - 0x00007ffbd3890000 	C:\Program Files\Java\jdk-11.0.15\bin\verify.dll
0x00007ffbdb7b0000 - 0x00007ffbdb994000 	C:\WINDOWS\SYSTEM32\DBGHELP.DLL
0x00007ffbd1740000 - 0x00007ffbd176c000 	C:\WINDOWS\SYSTEM32\dbgcore.DLL
0x00007ffbe7ca0000 - 0x00007ffbe7d22000 	C:\WINDOWS\System32\bcryptPrimitives.dll
0x00007ffbcc760000 - 0x00007ffbcc788000 	C:\Program Files\Java\jdk-11.0.15\bin\java.dll
0x00007ffbd34a0000 - 0x00007ffbd34aa000 	C:\Program Files\Java\jdk-11.0.15\bin\jimage.dll
0x00007ffbcf140000 - 0x00007ffbcf156000 	C:\Program Files\Java\jdk-11.0.15\bin\zip.dll

dbghelp: loaded successfully - version: 4.0.5 - missing functions: none
symbol engine: initialized successfully - sym options: 0x614 - pdb path: .;C:\Program Files\Java\jdk-11.0.15\bin;C:\WINDOWS\SYSTEM32;C:\WINDOWS\WinSxS\amd64_microsoft.windows.common-controls_6595b64144ccf1df_6.0.19041.1110_none_60b5254171f9507e;C:\Program Files\Java\jdk-11.0.15\bin\server

VM Arguments:
java_command: org.jetbrains.kotlin.cli.jvm.K2JVMCompiler @C:\Users\Appdev_Design\Desktop\example\node_modules\react-native-screens\android\build\20220825_18062268190121135644.compiler.options
java_class_path (initial): C:\Users\Appdev_Design\.gradle\caches\modules-2\files-2.1\org.jetbrains.kotlin\kotlin-compiler-embeddable\1.6.21\97bdd5a752ce73b58ef16c17bc7f0ea2faff7a2e\kotlin-compiler-embeddable-1.6.21.jar;C:\Users\Appdev_Design\.gradle\caches\modules-2\files-2.1\org.jetbrains.kotlin\kotlin-reflect\1.6.21\5dc3574d9b7bebfcb4ec6b10ada4aaa9e140bd0b\kotlin-reflect-1.6.21.jar;C:\Users\Appdev_Design\.gradle\caches\modules-2\files-2.1\org.jetbrains.kotlin\kotlin-stdlib\1.6.21\11ef67f1900634fd951bad28c53ec957fabbe5b8\kotlin-stdlib-1.6.21.jar;C:\Users\Appdev_Design\.gradle\caches\modules-2\files-2.1\org.jetbrains.kotlin\kotlin-script-runtime\1.6.21\99c6675100da5d6d5b1c5a1032f27f28008d101b\kotlin-script-runtime-1.6.21.jar;C:\Users\Appdev_Design\.gradle\caches\modules-2\files-2.1\org.jetbrains.kotlin\kotlin-daemon-embeddable\1.6.21\46b78cf392e1c4f10854c3cadba44abb7b82250f\kotlin-daemon-embeddable-1.6.21.jar;C:\Users\Appdev_Design\.gradle\caches\modules-2\files-2.1\org.jetbrains.intellij.deps\trove4j\1.0.20200330\3afb14d5f9ceb459d724e907a21145e8ff394f02\trove4j-1.0.20200330.jar;C:\Users\Appdev_Design\.gradle\caches\modules-2\files-2.1\net.java.dev.jna\jna\5.6.0\330f2244e9030119ab3030fc3fededc86713d9cc\jna-5.6.0.jar;C:\Users\Appdev_Design\.gradle\caches\modules-2\files-2.1\org.jetbrains.kotlin\kotlin-stdlib-common\1.6.21\5e5b55c26dbc80372a920aef60eb774b714559b8\kotlin-stdlib-common-1.6.21.jar;C:\Users\Appdev_Design\.gradle\caches\modules-2\files-2.1\org.jetbrains\annotations\13.0\919f0dfe192fb4e063e7dacadee7f8bb9a2672a9\annotations-13.0.jar
Launcher Type: SUN_STANDARD

[Global flags]
     intx CICompilerCount                          = 3                                         {product} {ergonomic}
     uint ConcGCThreads                            = 1                                         {product} {ergonomic}
     uint G1ConcRefinementThreads                  = 4                                         {product} {ergonomic}
   size_t G1HeapRegionSize                         = 1048576                                   {product} {ergonomic}
    uintx GCDrainStackTargetSize                   = 64                                        {product} {ergonomic}
   size_t InitialHeapSize                          = 134217728                                 {product} {ergonomic}
   size_t MarkStackSize                            = 4194304                                   {product} {ergonomic}
   size_t MaxHeapSize                              = 2136997888                                {product} {ergonomic}
   size_t MinHeapDeltaBytes                        = 1048576                                   {product} {ergonomic}
    uintx NonNMethodCodeHeapSize                   = 5830732                                {pd product} {ergonomic}
    uintx NonProfiledCodeHeapSize                  = 122913754                              {pd product} {ergonomic}
    uintx ProfiledCodeHeapSize                     = 122913754                              {pd product} {ergonomic}
    uintx ReservedCodeCacheSize                    = 251658240                              {pd product} {ergonomic}
     bool SegmentedCodeCache                       = true                                      {product} {ergonomic}
     bool UseCompressedClassPointers               = true                                 {lp64_product} {ergonomic}
     bool UseCompressedOops                        = true                                 {lp64_product} {ergonomic}
     bool UseG1GC                                  = true                                      {product} {ergonomic}
     bool UseLargePagesIndividualAllocation        = false                                  {pd product} {ergonomic}

Logging:
Log output configuration:
 #0: stdout all=warning uptime,level,tags
 #1: stderr all=off uptime,level,tags

Environment Variables:
JAVA_HOME=C:\Program Files\Java\jdk-11.0.15
CLASSPATH=C:\Users\Appdev_Design\Desktop\example\android\\gradle\wrapper\gradle-wrapper.jar
PATH=C:\Users\Appdev_Design\Desktop\example\android\node_modules\.bin;C:\Users\Appdev_Design\Desktop\example\node_modules\.bin;C:\Users\Appdev_Design\Desktop\node_modules\.bin;C:\Users\Appdev_Design\node_modules\.bin;C:\Users\node_modules\.bin;C:\node_modules\.bin;C:\Program Files\nodejs;C:\Users\Appdev_Design\Desktop\example\node_modules\.bin;C:\Users\Appdev_Design\Desktop\node_modules\.bin;C:\Users\Appdev_Design\node_modules\.bin;C:\Users\node_modules\.bin;C:\node_modules\.bin;C:\Program Files\nodejs\node_modules\npm\node_modules\@npmcli\run-script\lib\node-gyp-bin;C:\Program Files\Common Files\Oracle\Java\javapath;C:\Program Files (x86)\Common Files\Oracle\Java\javapath;C:\Python27\;C:\Python27\Scripts;C:\ProgramData\chocolatey\bin;C:\Program Files\nodejs;D:\Android;C:\Program Files\Git\cmd;C:\Program Files\nodejs\;C:\Program Files\Java\jdk-11.0.15\bin;D:\Android\platform-tools;D:\sqllite;C:\Program Files\MySQL\MySQL Shell 8.0\bin\;C:\Users\Appdev_Design\AppData\Local\Microsoft\WindowsApps;C:\Users\Appdev_Design\AppData\Local\Programs\Microsoft VS Code\bin;C:\Users\Appdev_Design\AppData\Local\atom\bin;C:\Users\Appdev_Design\AppData\Roaming;C:\Users\Appdev_Design\AppData\Roaming\npm;C:\Users\Appdev_Design\Desktop\example\node_modules\.bin
USERNAME=Appdev_Design
OS=Windows_NT
PROCESSOR_IDENTIFIER=Intel64 Family 6 Model 94 Stepping 3, GenuineIntel



---------------  S Y S T E M  ---------------

OS: Windows 10 , 64 bit Build 19041 (10.0.19041.1889)
Hyper-V role detected

CPU:total 4 (initial active 4) (2 cores per cpu, 2 threads per core) family 6 model 94 stepping 3 microcode 0xcc, cmov, cx8, fxsr, mmx, sse, sse2, sse3, ssse3, sse4.1, sse4.2, popcnt, avx, avx2, aes, clmul, erms, 3dnowpref, lzcnt, ht, tsc, tscinvbit, bmi1, bmi2, adx, fma

Memory: 4k page, system-wide physical 8148M (442M free)
TotalPageFile size 22329M (AvailPageFile size 4M)
current process WorkingSet (physical memory assigned to process): 9M, peak: 9M
current process commit charge ("private bytes"): 50M, peak: 51M

vm_info: Java HotSpot(TM) 64-Bit Server VM (11.0.15+8-LTS-149) for windows-amd64 JRE (11.0.15+8-LTS-149), built on Mar  9 2022 22:42:32 by "mach5one" with MS VC++ 15.9 (VS2017)

END.
