#
# There is insufficient memory for the Java Runtime Environment to continue.
# Native memory allocation (mmap) failed to map 130023424 bytes for Failed to commit area from 0x000000008de00000 to 0x0000000095a00000 of length 130023424.
# Possible reasons:
#   The system is out of physical RAM or swap space
#   The process is running with CompressedOops enabled, and the Java Heap may be blocking the growth of the native heap
# Possible solutions:
#   Reduce memory load on the system
#   Increase physical memory or swap space
#   Check if swap backing store is full
#   Decrease Java heap size (-Xmx/-Xms)
#   Decrease number of Java threads
#   Decrease Java thread stack sizes (-Xss)
#   Set larger code cache with -XX:ReservedCodeCacheSize=
#   JVM is running with Unscaled Compressed Oops mode in which the Java heap is
#     placed in the first 4GB address space. The Java Heap base address is the
#     maximum limit for the native heap growth. Please use -XX:HeapBaseMinAddress
#     to set the Java Heap base and to place the Java Heap above 4GB virtual address.
# This output file may be truncated or incomplete.
#
#  Out of Memory Error (./open/src/hotspot/os/windows/os_windows.cpp:3287), pid=10940, tid=12960
#
# JRE version: Java(TM) SE Runtime Environment 18.9 (11.0.15+8) (build 11.0.15+8-LTS-149)
# Java VM: Java HotSpot(TM) 64-Bit Server VM 18.9 (11.0.15+8-LTS-149, mixed mode, tiered, compressed oops, g1 gc, windows-amd64)
# No core dump will be written. Minidumps are not enabled by default on client versions of Windows
#

---------------  S U M M A R Y ------------

Command Line: -XX:MaxMetaspaceSize=512m --add-opens=java.base/java.util=ALL-UNNAMED --add-opens=java.base/java.lang=ALL-UNNAMED --add-opens=java.base/java.lang.invoke=ALL-UNNAMED --add-opens=java.base/java.util=ALL-UNNAMED --add-opens=java.prefs/java.util.prefs=ALL-UNNAMED --add-opens=java.prefs/java.util.prefs=ALL-UNNAMED --add-opens=java.base/java.nio.charset=ALL-UNNAMED --add-opens=java.base/java.net=ALL-UNNAMED --add-opens=java.base/java.util.concurrent.atomic=ALL-UNNAMED -Xmx2048m -Dfile.encoding=windows-1252 -Duser.country=IN -Duser.language=en -Duser.variant org.gradle.launcher.daemon.bootstrap.GradleDaemon 7.3.3

Host: Intel(R) Core(TM) i3-6098P CPU @ 3.60GHz, 4 cores, 7G,  Windows 10 , 64 bit Build 19041 (10.0.19041.1889)
Time: Thu Aug 25 17:28:44 2022 India Standard Time elapsed time: 115.627925 seconds (0d 0h 1m 55s)

---------------  T H R E A D  ---------------

Current thread (0x000002abffa8f800):  VMThread "VM Thread" [stack: 0x000000ced4e00000,0x000000ced4f00000] [id=12960]

Stack: [0x000000ced4e00000,0x000000ced4f00000]
[error occurred during error reporting (printing stack bounds), id 0xc0000005, EXCEPTION_ACCESS_VIOLATION (0xc0000005) at pc=0x000002abeb240f2d]

Native frames: (J=compiled Java code, j=interpreted, Vv=VM code, C=native code)
V  [jvm.dll+0x629d8a]
V  [jvm.dll+0x7638ff]
V  [jvm.dll+0x764fa9]
V  [jvm.dll+0x765595]
V  [jvm.dll+0x76554b]
V  [jvm.dll+0x629273]
V  [jvm.dll+0x629988]
C  [ntdll.dll+0xa229f]
C  [ntdll.dll+0x51454]
C  [ntdll.dll+0xa0dce]
C  0x000002abeb240f2d

VM_Operation (0x000000ced95f66f0): G1CollectForAllocation, mode: safepoint, requested by thread 0x000002ab860ce000


---------------  P R O C E S S  ---------------

Threads class SMR info:
_java_thread_list=0x000002ab8c2d6400, length=107, elements={
0x000002abe239a800, 0x000002abffa94000, 0x000002abffa9e000, 0x000002abffaae800,
0x000002abffc00800, 0x000002abffc03800, 0x000002abffc07800, 0x000002abffc0c000,
0x000002abffc0f800, 0x000002abffd71000, 0x000002ab834c3000, 0x000002abfff21800,
0x000002ab844d4800, 0x000002ab842a2000, 0x000002ab84794800, 0x000002ab83fc9000,
0x000002ab83504800, 0x000002ab83505000, 0x000002ab84ab8800, 0x000002ab844c3000,
0x000002ab844c4800, 0x000002ab844c1000, 0x000002ab844c3800, 0x000002ab844c5000,
0x000002ab844c6000, 0x000002ab844c0800, 0x000002ab844c7000, 0x000002ab844c2000,
0x000002ab8610f800, 0x000002ab86113000, 0x000002ab86111000, 0x000002ab8610e000,
0x000002ab86112000, 0x000002ab86119800, 0x000002ab86113800, 0x000002ab86118800,
0x000002ab8611a000, 0x000002ab86116000, 0x000002ab86114800, 0x000002ab8611b000,
0x000002ab86115000, 0x000002ab8611b800, 0x000002ab86117000, 0x000002ab86216000,
0x000002ab86219800, 0x000002ab86215800, 0x000002ab86218000, 0x000002ab86217000,
0x000002ab86218800, 0x000002ab8621a000, 0x000002ab86214800, 0x000002ab86220800,
0x000002ab8621c800, 0x000002ab8621b000, 0x000002ab86220000, 0x000002ab86221800,
0x000002ab8621c000, 0x000002ab86222800, 0x000002ab86223000, 0x000002ab8621f000,
0x000002ab8621d800, 0x000002ab8621e800, 0x000002ab860cb800, 0x000002ab860d0800,
0x000002ab860cc800, 0x000002ab860d2000, 0x000002ab860ce000, 0x000002ab860d1800,
0x000002ab860cd000, 0x000002ab860cf000, 0x000002ab860cf800, 0x000002ab860ec800,
0x000002ab860f1800, 0x000002ab860f0000, 0x000002ab860f4000, 0x000002ab860f6800,
0x000002ab860f1000, 0x000002ab860f3000, 0x000002ab860f2800, 0x000002ab860fa800,
0x000002ab860f5000, 0x000002ab860f9800, 0x000002ab860ec000, 0x000002ab860f5800,
0x000002ab860f7800, 0x000002ab860f8000, 0x000002ab860f9000, 0x000002ab8800c000,
0x000002ab88008800, 0x000002ab88007000, 0x000002ab8800b000, 0x000002ab88008000,
0x000002ab88009800, 0x000002ab88011000, 0x000002ab88012800, 0x000002ab8800d000,
0x000002ab88011800, 0x000002ab88013800, 0x000002ab88014000, 0x000002ab88010000,
0x000002ab88015800, 0x000002ab860ee800, 0x000002ab843c5000, 0x000002ab843c5800,
0x000002ab843c4000, 0x000002ab843c1800, 0x000002ab843c0000
}

Java Threads: ( => current thread )
  0x000002abe239a800 JavaThread "main" [_thread_blocked, id=17948, stack(0x000000ced4800000,0x000000ced4900000)]
  0x000002abffa94000 JavaThread "Reference Handler" daemon [_thread_blocked, id=15576, stack(0x000000ced4f00000,0x000000ced5000000)]
  0x000002abffa9e000 JavaThread "Finalizer" daemon [_thread_blocked, id=16904, stack(0x000000ced5000000,0x000000ced5100000)]
  0x000002abffaae800 JavaThread "Signal Dispatcher" daemon [_thread_blocked, id=8624, stack(0x000000ced5100000,0x000000ced5200000)]
  0x000002abffc00800 JavaThread "Attach Listener" daemon [_thread_blocked, id=4896, stack(0x000000ced5200000,0x000000ced5300000)]
  0x000002abffc03800 JavaThread "Service Thread" daemon [_thread_blocked, id=18532, stack(0x000000ced5300000,0x000000ced5400000)]
  0x000002abffc07800 JavaThread "C2 CompilerThread0" daemon [_thread_blocked, id=19812, stack(0x000000ced5400000,0x000000ced5500000)]
  0x000002abffc0c000 JavaThread "C1 CompilerThread0" daemon [_thread_blocked, id=10132, stack(0x000000ced5500000,0x000000ced5600000)]
  0x000002abffc0f800 JavaThread "Sweeper thread" daemon [_thread_blocked, id=10860, stack(0x000000ced5600000,0x000000ced5700000)]
  0x000002abffd71000 JavaThread "Common-Cleaner" daemon [_thread_blocked, id=7764, stack(0x000000ced5700000,0x000000ced5800000)]
  0x000002ab834c3000 JavaThread "Daemon health stats" [_thread_blocked, id=17640, stack(0x000000ced5c00000,0x000000ced5d00000)]
  0x000002abfff21800 JavaThread "Incoming local TCP Connector on port 55037" [_thread_in_native, id=14536, stack(0x000000ced5900000,0x000000ced5a00000)]
  0x000002ab844d4800 JavaThread "Daemon periodic checks" [_thread_blocked, id=8632, stack(0x000000ced5d00000,0x000000ced5e00000)]
  0x000002ab842a2000 JavaThread "Daemon" [_thread_blocked, id=20632, stack(0x000000ced5e00000,0x000000ced5f00000)]
  0x000002ab84794800 JavaThread "Handler for socket connection from /127.0.0.1:55037 to /127.0.0.1:55038" [_thread_in_native, id=13852, stack(0x000000ced5f00000,0x000000ced6000000)]
  0x000002ab83fc9000 JavaThread "Cancel handler" [_thread_blocked, id=16228, stack(0x000000ced6000000,0x000000ced6100000)]
  0x000002ab83504800 JavaThread "Daemon worker" [_thread_blocked, id=19528, stack(0x000000ced6100000,0x000000ced6200000)]
  0x000002ab83505000 JavaThread "Asynchronous log dispatcher for DefaultDaemonConnection: socket connection from /127.0.0.1:55037 to /127.0.0.1:55038" [_thread_blocked, id=20612, stack(0x000000ced6200000,0x000000ced6300000)]
  0x000002ab84ab8800 JavaThread "Stdin handler" [_thread_blocked, id=2272, stack(0x000000ced6300000,0x000000ced6400000)]
  0x000002ab844c3000 JavaThread "Daemon client event forwarder" [_thread_blocked, id=12932, stack(0x000000ced6400000,0x000000ced6500000)]
  0x000002ab844c4800 JavaThread "Cache worker for journal cache (C:\Users\Appdev_Design\.gradle\caches\journal-1)" [_thread_blocked, id=20312, stack(0x000000ced6600000,0x000000ced6700000)]
  0x000002ab844c1000 JavaThread "File lock request listener" [_thread_in_native, id=12428, stack(0x000000ced6700000,0x000000ced6800000)]
  0x000002ab844c3800 JavaThread "Cache worker for file hash cache (C:\Users\Appdev_Design\.gradle\caches\7.3.3\fileHashes)" [_thread_blocked, id=5456, stack(0x000000ced6800000,0x000000ced6900000)]
  0x000002ab844c5000 JavaThread "Cache worker for file hash cache (C:\Users\Appdev_Design\Desktop\example\android\.gradle\7.3.3\fileHashes)" [_thread_blocked, id=17144, stack(0x000000ced6900000,0x000000ced6a00000)]
  0x000002ab844c6000 JavaThread "File watcher server" daemon [_thread_blocked, id=10956, stack(0x000000ced6a00000,0x000000ced6b00000)]
  0x000002ab844c0800 JavaThread "File watcher consumer" daemon [_thread_blocked, id=17348, stack(0x000000ced6b00000,0x000000ced6c00000)]
  0x000002ab844c7000 JavaThread "Cache worker for checksums cache (C:\Users\Appdev_Design\Desktop\example\android\.gradle\7.3.3\checksums)" [_thread_blocked, id=20700, stack(0x000000ced6c00000,0x000000ced6d00000)]
  0x000002ab844c2000 JavaThread "Cache worker for cache directory md-supplier (C:\Users\Appdev_Design\.gradle\caches\7.3.3\md-supplier)" [_thread_blocked, id=2340, stack(0x000000ced6d00000,0x000000ced6e00000)]
  0x000002ab8610f800 JavaThread "Cache worker for cache directory md-rule (C:\Users\Appdev_Design\.gradle\caches\7.3.3\md-rule)" [_thread_blocked, id=20476, stack(0x000000ced6f00000,0x000000ced7000000)]
  0x000002ab86113000 JavaThread "Cache worker for execution history cache (C:\Users\Appdev_Design\.gradle\caches\7.3.3\executionHistory)" [_thread_blocked, id=19612, stack(0x000000ced7000000,0x000000ced7100000)]
  0x000002ab86111000 JavaThread "jar transforms" [_thread_blocked, id=9932, stack(0x000000ced7100000,0x000000ced7200000)]
  0x000002ab8610e000 JavaThread "jar transforms Thread 2" [_thread_blocked, id=14392, stack(0x000000ced7200000,0x000000ced7300000)]
  0x000002ab86112000 JavaThread "Cache worker for file content cache (C:\Users\Appdev_Design\.gradle\caches\7.3.3\fileContent)" [_thread_blocked, id=1904, stack(0x000000ced7300000,0x000000ced7400000)]
  0x000002ab86119800 JavaThread "jar transforms Thread 3" [_thread_blocked, id=7608, stack(0x000000ced7400000,0x000000ced7500000)]
  0x000002ab86113800 JavaThread "jar transforms Thread 4" [_thread_blocked, id=5552, stack(0x000000ced7500000,0x000000ced7600000)]
  0x000002ab86118800 JavaThread "Cache worker for kotlin-dsl (C:\Users\Appdev_Design\.gradle\caches\7.3.3\kotlin-dsl)" [_thread_blocked, id=10864, stack(0x000000ced7600000,0x000000ced7700000)]
  0x000002ab8611a000 JavaThread "Cache worker for dependencies-accessors (C:\Users\Appdev_Design\Desktop\example\android\.gradle\7.3.3\dependencies-accessors)" [_thread_blocked, id=1408, stack(0x000000ced7700000,0x000000ced7800000)]
  0x000002ab86116000 JavaThread "Cache worker for Build Output Cleanup Cache (C:\Users\Appdev_Design\Desktop\example\node_modules\react-native-gradle-plugin\.gradle\buildOutputCleanup)" [_thread_blocked, id=14808, stack(0x000000ced7800000,0x000000ced7900000)]
  0x000002ab86114800 JavaThread "Unconstrained build operations" [_thread_blocked, id=12524, stack(0x000000ced7900000,0x000000ced7a00000)]
  0x000002ab8611b000 JavaThread "Unconstrained build operations Thread 2" [_thread_blocked, id=21312, stack(0x000000ced7a00000,0x000000ced7b00000)]
  0x000002ab86115000 JavaThread "Unconstrained build operations Thread 3" [_thread_blocked, id=11012, stack(0x000000ced7b00000,0x000000ced7c00000)]
  0x000002ab8611b800 JavaThread "Unconstrained build operations Thread 4" [_thread_blocked, id=18896, stack(0x000000ced7c00000,0x000000ced7d00000)]
  0x000002ab86117000 JavaThread "Unconstrained build operations Thread 5" [_thread_blocked, id=13832, stack(0x000000ced7d00000,0x000000ced7e00000)]
  0x000002ab86216000 JavaThread "Unconstrained build operations Thread 6" [_thread_blocked, id=19624, stack(0x000000ced7e00000,0x000000ced7f00000)]
  0x000002ab86219800 JavaThread "Unconstrained build operations Thread 7" [_thread_blocked, id=18756, stack(0x000000ced7f00000,0x000000ced8000000)]
  0x000002ab86215800 JavaThread "Unconstrained build operations Thread 8" [_thread_blocked, id=17352, stack(0x000000ced8000000,0x000000ced8100000)]
  0x000002ab86218000 JavaThread "Unconstrained build operations Thread 9" [_thread_blocked, id=14360, stack(0x000000ced8100000,0x000000ced8200000)]
  0x000002ab86217000 JavaThread "Unconstrained build operations Thread 10" [_thread_blocked, id=11616, stack(0x000000ced8200000,0x000000ced8300000)]
  0x000002ab86218800 JavaThread "Unconstrained build operations Thread 11" [_thread_blocked, id=20576, stack(0x000000ced8300000,0x000000ced8400000)]
  0x000002ab8621a000 JavaThread "Unconstrained build operations Thread 12" [_thread_blocked, id=14252, stack(0x000000ced8400000,0x000000ced8500000)]
  0x000002ab86214800 JavaThread "Unconstrained build operations Thread 13" [_thread_blocked, id=18428, stack(0x000000ced8500000,0x000000ced8600000)]
  0x000002ab86220800 JavaThread "Unconstrained build operations Thread 14" [_thread_blocked, id=21052, stack(0x000000ced8600000,0x000000ced8700000)]
  0x000002ab8621c800 JavaThread "Unconstrained build operations Thread 15" [_thread_blocked, id=1280, stack(0x000000ced8700000,0x000000ced8800000)]
  0x000002ab8621b000 JavaThread "Unconstrained build operations Thread 16" [_thread_blocked, id=7068, stack(0x000000ced8800000,0x000000ced8900000)]
  0x000002ab86220000 JavaThread "Unconstrained build operations Thread 17" [_thread_blocked, id=20292, stack(0x000000ced8900000,0x000000ced8a00000)]
  0x000002ab86221800 JavaThread "Unconstrained build operations Thread 18" [_thread_blocked, id=12484, stack(0x000000ced8a00000,0x000000ced8b00000)]
  0x000002ab8621c000 JavaThread "Unconstrained build operations Thread 19" [_thread_blocked, id=1352, stack(0x000000ced8b00000,0x000000ced8c00000)]
  0x000002ab86222800 JavaThread "Unconstrained build operations Thread 20" [_thread_blocked, id=17896, stack(0x000000ced8c00000,0x000000ced8d00000)]
  0x000002ab86223000 JavaThread "Unconstrained build operations Thread 21" [_thread_blocked, id=13504, stack(0x000000ced8d00000,0x000000ced8e00000)]
  0x000002ab8621f000 JavaThread "Unconstrained build operations Thread 22" [_thread_blocked, id=1072, stack(0x000000ced8e00000,0x000000ced8f00000)]
  0x000002ab8621d800 JavaThread "Unconstrained build operations Thread 23" [_thread_blocked, id=15388, stack(0x000000ced8f00000,0x000000ced9000000)]
  0x000002ab8621e800 JavaThread "Unconstrained build operations Thread 24" [_thread_blocked, id=17232, stack(0x000000ced9000000,0x000000ced9100000)]
  0x000002ab860cb800 JavaThread "Unconstrained build operations Thread 25" [_thread_blocked, id=6276, stack(0x000000ced9100000,0x000000ced9200000)]
  0x000002ab860d0800 JavaThread "Unconstrained build operations Thread 26" [_thread_blocked, id=18580, stack(0x000000ced9200000,0x000000ced9300000)]
  0x000002ab860cc800 JavaThread "Unconstrained build operations Thread 27" [_thread_blocked, id=20240, stack(0x000000ced9300000,0x000000ced9400000)]
  0x000002ab860d2000 JavaThread "Unconstrained build operations Thread 28" [_thread_blocked, id=17188, stack(0x000000ced9400000,0x000000ced9500000)]
  0x000002ab860ce000 JavaThread "Unconstrained build operations Thread 29" [_thread_blocked, id=2980, stack(0x000000ced9500000,0x000000ced9600000)]
  0x000002ab860d1800 JavaThread "Unconstrained build operations Thread 30" [_thread_blocked, id=21152, stack(0x000000ced9600000,0x000000ced9700000)]
  0x000002ab860cd000 JavaThread "Unconstrained build operations Thread 31" [_thread_blocked, id=16156, stack(0x000000ced9700000,0x000000ced9800000)]
  0x000002ab860cf000 JavaThread "Unconstrained build operations Thread 32" [_thread_blocked, id=18536, stack(0x000000ced9800000,0x000000ced9900000)]
  0x000002ab860cf800 JavaThread "Unconstrained build operations Thread 33" [_thread_blocked, id=20340, stack(0x000000ced9900000,0x000000ced9a00000)]
  0x000002ab860ec800 JavaThread "build event listener" [_thread_blocked, id=14516, stack(0x000000ced9a00000,0x000000ced9b00000)]
  0x000002ab860f1800 JavaThread "Memory manager" [_thread_blocked, id=8424, stack(0x000000ced9b00000,0x000000ced9c00000)]
  0x000002ab860f0000 JavaThread "Cache worker for Build Output Cleanup Cache (C:\Users\Appdev_Design\Desktop\example\android\.gradle\buildOutputCleanup)" [_thread_blocked, id=11168, stack(0x000000ced9c00000,0x000000ced9d00000)]
  0x000002ab860f4000 JavaThread "Cache worker for execution history cache (C:\Users\Appdev_Design\Desktop\example\node_modules\react-native-gradle-plugin\.gradle\7.3.3\executionHistory)" [_thread_blocked, id=17908, stack(0x000000ceda100000,0x000000ceda200000)]
  0x000002ab860f6800 JavaThread "Unconstrained build operations Thread 34" [_thread_blocked, id=17820, stack(0x000000ceda200000,0x000000ceda300000)]
  0x000002ab860f1000 JavaThread "Unconstrained build operations Thread 35" [_thread_blocked, id=12916, stack(0x000000ceda300000,0x000000ceda400000)]
  0x000002ab860f3000 JavaThread "Unconstrained build operations Thread 36" [_thread_blocked, id=4672, stack(0x000000ceda400000,0x000000ceda500000)]
  0x000002ab860f2800 JavaThread "Unconstrained build operations Thread 37" [_thread_blocked, id=17636, stack(0x000000ceda500000,0x000000ceda600000)]
  0x000002ab860fa800 JavaThread "Unconstrained build operations Thread 38" [_thread_blocked, id=20424, stack(0x000000ceda600000,0x000000ceda700000)]
  0x000002ab860f5000 JavaThread "Unconstrained build operations Thread 39" [_thread_blocked, id=9024, stack(0x000000ceda700000,0x000000ceda800000)]
  0x000002ab860f9800 JavaThread "Unconstrained build operations Thread 40" [_thread_blocked, id=15700, stack(0x000000ceda800000,0x000000ceda900000)]
  0x000002ab860ec000 JavaThread "build event listener" [_thread_blocked, id=1684, stack(0x000000ceda000000,0x000000ceda100000)]
  0x000002ab860f5800 JavaThread "pool-3-thread-1" [_thread_blocked, id=17956, stack(0x000000cedaa00000,0x000000cedab00000)]
  0x000002ab860f7800 JavaThread "build event listener" [_thread_blocked, id=21264, stack(0x000000cedab00000,0x000000cedac00000)]
  0x000002ab860f8000 JavaThread "Execution worker for ':'" [_thread_blocked, id=820, stack(0x000000cedac00000,0x000000cedad00000)]
  0x000002ab860f9000 JavaThread "Execution worker for ':' Thread 2" [_thread_blocked, id=11888, stack(0x000000cedad00000,0x000000cedae00000)]
  0x000002ab8800c000 JavaThread "Execution worker for ':' Thread 3" [_thread_blocked, id=20604, stack(0x000000cedae00000,0x000000cedaf00000)]
  0x000002ab88008800 JavaThread "Cache worker for execution history cache (C:\Users\Appdev_Design\Desktop\example\android\.gradle\7.3.3\executionHistory)" [_thread_blocked, id=9912, stack(0x000000cedaf00000,0x000000cedb000000)]
  0x000002ab88007000 JavaThread "WorkerExecutor Queue Thread 2" [_thread_blocked, id=20516, stack(0x000000cedb100000,0x000000cedb200000)]
  0x000002ab8800b000 JavaThread "WorkerExecutor Queue Thread 3" [_thread_blocked, id=7884, stack(0x000000cedb200000,0x000000cedb300000)]
  0x000002ab88008000 JavaThread "WorkerExecutor Queue Thread 4" [_thread_blocked, id=17780, stack(0x000000ced6e00000,0x000000ced6f00000)]
  0x000002ab88009800 JavaThread "WorkerExecutor Queue Thread 5" [_thread_blocked, id=10048, stack(0x000000cedb300000,0x000000cedb400000)]
  0x000002ab88011000 JavaThread "Cache worker for Java compile cache (C:\Users\Appdev_Design\.gradle\caches\7.3.3\javaCompile)" [_thread_blocked, id=4256, stack(0x000000cedb000000,0x000000cedb100000)]
  0x000002ab88012800 JavaThread "Build operations" [_thread_blocked, id=10868, stack(0x000000ced4600000,0x000000ced4700000)]
  0x000002ab8800d000 JavaThread "Build operations Thread 2" [_thread_blocked, id=20228, stack(0x000000ced9d00000,0x000000ced9e00000)]
  0x000002ab88011800 JavaThread "Build operations Thread 3" [_thread_blocked, id=5104, stack(0x000000cedb400000,0x000000cedb500000)]
  0x000002ab88013800 JavaThread "Build operations Thread 4" [_thread_blocked, id=20308, stack(0x000000cedb500000,0x000000cedb600000)]
  0x000002ab88014000 JavaThread "RMI Scheduler(0)" daemon [_thread_blocked, id=13788, stack(0x000000cedb600000,0x000000cedb700000)]
  0x000002ab88010000 JavaThread "RMI GC Daemon" daemon [_thread_blocked, id=20728, stack(0x000000cedb800000,0x000000cedb900000)]
  0x000002ab88015800 JavaThread "RMI TCP Accept-0" daemon [_thread_in_native, id=15112, stack(0x000000ced4500000,0x000000ced4600000)]
  0x000002ab860ee800 JavaThread "RMI Reaper" [_thread_blocked, id=17936, stack(0x000000ced4700000,0x000000ced4800000)]
  0x000002ab843c5000 JavaThread "RMI TCP Connection(1)-127.0.0.1" daemon [_thread_in_native, id=18620, stack(0x000000cedb900000,0x000000cedba00000)]
  0x000002ab843c5800 JavaThread "pool-4-thread-1" [_thread_blocked, id=15496, stack(0x000000cedb700000,0x000000cedb800000)]
  0x000002ab843c4000 JavaThread "stderr" [_thread_in_native, id=20052, stack(0x000000cedba00000,0x000000cedbb00000)]
  0x000002ab843c1800 JavaThread "stdout" [_thread_in_native, id=9248, stack(0x000000cedbb00000,0x000000cedbc00000)]
  0x000002ab843c0000 JavaThread "Thread-90" [_thread_in_native, id=10580, stack(0x000000cedbc00000,0x000000cedbd00000)]

Other Threads:
=>0x000002abffa8f800 VMThread "VM Thread" [stack: 0x000000ced4e00000,0x000000ced4f00000] [id=12960]
  0x000002abffd8f800 WatcherThread [stack: 0x000000ced5800000,0x000000ced5900000] [id=11216]
  0x000002abe23b1800 GCTaskThread "GC Thread#0" [stack: 0x000000ced4900000,0x000000ced4a00000] [id=15216]
  0x000002ab82942000 GCTaskThread "GC Thread#1" [stack: 0x000000ced5a00000,0x000000ced5b00000] [id=3012]
  0x000002ab82ce3800 GCTaskThread "GC Thread#2" [stack: 0x000000ced5b00000,0x000000ced5c00000] [id=5924]
  0x000002ab83c81000 GCTaskThread "GC Thread#3" [stack: 0x000000ced6500000,0x000000ced6600000] [id=7568]
  0x000002abe23e2800 ConcurrentGCThread "G1 Main Marker" [stack: 0x000000ced4a00000,0x000000ced4b00000] [id=11120]
  0x000002abe23e4000 ConcurrentGCThread "G1 Conc#0" [stack: 0x000000ced4b00000,0x000000ced4c00000] [id=14292]
  0x000002abe2477800 ConcurrentGCThread "G1 Refine#0" [stack: 0x000000ced4c00000,0x000000ced4d00000] [id=12296]
  0x000002abe247a800 ConcurrentGCThread "G1 Young RemSet Sampling" [stack: 0x000000ced4d00000,0x000000ced4e00000] [id=1008]

Threads with active compile tasks:
C2 CompilerThread0 115725 22652   !   4       java.util.concurrent.ConcurrentHashMap::transfer (828 bytes)

VM state:at safepoint (normal execution)

VM Mutex/Monitor currently owned by a thread:  ([mutex/lock_event])
[0x000002abe2396450] Threads_lock - owner thread: 0x000002abffa8f800
[0x000002abe2397fe0] Heap_lock - owner thread: 0x000002ab860ce000

Heap address: 0x0000000080000000, size: 2048 MB, Compressed Oops mode: 32-bit
Narrow klass base: 0x0000000000000000, Narrow klass shift: 3
Compressed class space size: 528482304 Address: 0x0000000100000000

Heap:
 garbage-first heap   total 354304K, used 193184K [0x0000000080000000, 0x0000000100000000)
  region size 1024K, 2 young (2048K), 2 survivors (2048K)
 Metaspace       used 147554K, capacity 151757K, committed 151936K, reserved 649216K
  class space    used 18657K, capacity 20264K, committed 20352K, reserved 516096K
Heap Regions: E=young(eden), S=young(survivor), O=old, HS=humongous(starts), HC=humongous(continues), CS=collection set, F=free, A=archive, TAMS=top-at-mark-start (previous, next)
|   0|0x0000000080000000, 0x0000000080100000, 0x0000000080100000|100%|HS|  |TAMS 0x0000000080100000, 0x0000000080000000| Complete 
|   1|0x0000000080100000, 0x0000000080200000, 0x0000000080200000|100%|HC|  |TAMS 0x0000000080200000, 0x0000000080100000| Complete 
|   2|0x0000000080200000, 0x0000000080300000, 0x0000000080300000|100%|HC|  |TAMS 0x0000000080300000, 0x0000000080200000| Complete 
|   3|0x0000000080300000, 0x0000000080400000, 0x0000000080400000|100%| O|  |TAMS 0x0000000080400000, 0x0000000080300000| Untracked 
|   4|0x0000000080400000, 0x0000000080500000, 0x0000000080500000|100%| O|  |TAMS 0x0000000080500000, 0x0000000080400000| Untracked 
|   5|0x0000000080500000, 0x0000000080600000, 0x0000000080600000|100%| O|  |TAMS 0x0000000080600000, 0x0000000080500000| Untracked 
|   6|0x0000000080600000, 0x0000000080700000, 0x0000000080700000|100%| O|  |TAMS 0x0000000080700000, 0x0000000080600000| Untracked 
|   7|0x0000000080700000, 0x0000000080800000, 0x0000000080800000|100%| O|  |TAMS 0x0000000080800000, 0x0000000080700000| Untracked 
|   8|0x0000000080800000, 0x0000000080900000, 0x0000000080900000|100%| O|  |TAMS 0x0000000080900000, 0x0000000080800000| Untracked 
|   9|0x0000000080900000, 0x0000000080a00000, 0x0000000080a00000|100%| O|  |TAMS 0x0000000080a00000, 0x0000000080900000| Untracked 
|  10|0x0000000080a00000, 0x0000000080b00000, 0x0000000080b00000|100%| O|  |TAMS 0x0000000080b00000, 0x0000000080a00000| Untracked 
|  11|0x0000000080b00000, 0x0000000080c00000, 0x0000000080c00000|100%| O|  |TAMS 0x0000000080c00000, 0x0000000080b00000| Untracked 
|  12|0x0000000080c00000, 0x0000000080d00000, 0x0000000080d00000|100%| O|  |TAMS 0x0000000080d00000, 0x0000000080c00000| Untracked 
|  13|0x0000000080d00000, 0x0000000080e00000, 0x0000000080e00000|100%| O|  |TAMS 0x0000000080e00000, 0x0000000080d00000| Untracked 
|  14|0x0000000080e00000, 0x0000000080f00000, 0x0000000080f00000|100%| O|  |TAMS 0x0000000080f00000, 0x0000000080e00000| Untracked 
|  15|0x0000000080f00000, 0x0000000081000000, 0x0000000081000000|100%| O|  |TAMS 0x0000000081000000, 0x0000000080f00000| Untracked 
|  16|0x0000000081000000, 0x0000000081100000, 0x0000000081100000|100%|HS|  |TAMS 0x0000000081100000, 0x0000000081000000| Complete 
|  17|0x0000000081100000, 0x0000000081200000, 0x0000000081200000|100%| O|  |TAMS 0x0000000081200000, 0x0000000081100000| Untracked 
|  18|0x0000000081200000, 0x0000000081300000, 0x0000000081300000|100%| O|  |TAMS 0x0000000081300000, 0x0000000081200000| Untracked 
|  19|0x0000000081300000, 0x0000000081400000, 0x0000000081400000|100%| O|  |TAMS 0x0000000081400000, 0x0000000081300000| Untracked 
|  20|0x0000000081400000, 0x0000000081500000, 0x0000000081500000|100%| O|  |TAMS 0x0000000081500000, 0x0000000081400000| Untracked 
|  21|0x0000000081500000, 0x0000000081600000, 0x0000000081600000|100%| O|  |TAMS 0x0000000081600000, 0x0000000081500000| Untracked 
|  22|0x0000000081600000, 0x0000000081700000, 0x0000000081700000|100%| O|  |TAMS 0x0000000081700000, 0x0000000081600000| Untracked 
|  23|0x0000000081700000, 0x0000000081800000, 0x0000000081800000|100%| O|  |TAMS 0x0000000081800000, 0x0000000081700000| Untracked 
|  24|0x0000000081800000, 0x0000000081900000, 0x0000000081900000|100%| O|  |TAMS 0x0000000081900000, 0x0000000081800000| Untracked 
|  25|0x0000000081900000, 0x0000000081a00000, 0x0000000081a00000|100%|HS|  |TAMS 0x0000000081a00000, 0x0000000081900000| Complete 
|  26|0x0000000081a00000, 0x0000000081b00000, 0x0000000081b00000|100%|HC|  |TAMS 0x0000000081b00000, 0x0000000081a00000| Complete 
|  27|0x0000000081b00000, 0x0000000081c00000, 0x0000000081c00000|100%|HC|  |TAMS 0x0000000081c00000, 0x0000000081b00000| Complete 
|  28|0x0000000081c00000, 0x0000000081d00000, 0x0000000081d00000|100%| O|  |TAMS 0x0000000081d00000, 0x0000000081c00000| Untracked 
|  29|0x0000000081d00000, 0x0000000081e00000, 0x0000000081e00000|100%| O|  |TAMS 0x0000000081e00000, 0x0000000081d00000| Untracked 
|  30|0x0000000081e00000, 0x0000000081f00000, 0x0000000081f00000|100%| O|  |TAMS 0x0000000081f00000, 0x0000000081e00000| Untracked 
|  31|0x0000000081f00000, 0x0000000082000000, 0x0000000082000000|100%| O|  |TAMS 0x0000000082000000, 0x0000000081f00000| Untracked 
|  32|0x0000000082000000, 0x0000000082100000, 0x0000000082100000|100%| O|  |TAMS 0x0000000082100000, 0x0000000082000000| Untracked 
|  33|0x0000000082100000, 0x0000000082200000, 0x0000000082200000|100%| O|  |TAMS 0x0000000082200000, 0x0000000082100000| Untracked 
|  34|0x0000000082200000, 0x0000000082300000, 0x0000000082300000|100%| O|  |TAMS 0x0000000082300000, 0x0000000082200000| Untracked 
|  35|0x0000000082300000, 0x0000000082400000, 0x0000000082400000|100%| O|  |TAMS 0x0000000082400000, 0x0000000082300000| Untracked 
|  36|0x0000000082400000, 0x0000000082500000, 0x0000000082500000|100%| O|  |TAMS 0x0000000082500000, 0x0000000082400000| Untracked 
|  37|0x0000000082500000, 0x0000000082600000, 0x0000000082600000|100%| O|  |TAMS 0x0000000082600000, 0x0000000082500000| Untracked 
|  38|0x0000000082600000, 0x0000000082700000, 0x0000000082700000|100%| O|  |TAMS 0x0000000082700000, 0x0000000082600000| Untracked 
|  39|0x0000000082700000, 0x0000000082800000, 0x0000000082800000|100%| O|  |TAMS 0x0000000082800000, 0x0000000082700000| Untracked 
|  40|0x0000000082800000, 0x0000000082900000, 0x0000000082900000|100%| O|  |TAMS 0x0000000082900000, 0x0000000082800000| Untracked 
|  41|0x0000000082900000, 0x0000000082a00000, 0x0000000082a00000|100%| O|  |TAMS 0x0000000082a00000, 0x0000000082900000| Untracked 
|  42|0x0000000082a00000, 0x0000000082b00000, 0x0000000082b00000|100%|HS|  |TAMS 0x0000000082b00000, 0x0000000082a00000| Complete 
|  43|0x0000000082b00000, 0x0000000082c00000, 0x0000000082c00000|100%|HS|  |TAMS 0x0000000082c00000, 0x0000000082b00000| Complete 
|  44|0x0000000082c00000, 0x0000000082d00000, 0x0000000082d00000|100%|HS|  |TAMS 0x0000000082d00000, 0x0000000082c00000| Complete 
|  45|0x0000000082d00000, 0x0000000082e00000, 0x0000000082e00000|100%|HS|  |TAMS 0x0000000082e00000, 0x0000000082d00000| Complete 
|  46|0x0000000082e00000, 0x0000000082f00000, 0x0000000082f00000|100%|HC|  |TAMS 0x0000000082f00000, 0x0000000082e00000| Complete 
|  47|0x0000000082f00000, 0x0000000083000000, 0x0000000083000000|100%| O|  |TAMS 0x0000000083000000, 0x0000000082f00000| Untracked 
|  48|0x0000000083000000, 0x0000000083100000, 0x0000000083100000|100%| O|  |TAMS 0x0000000083100000, 0x0000000083000000| Untracked 
|  49|0x0000000083100000, 0x0000000083200000, 0x0000000083200000|100%| O|  |TAMS 0x0000000083200000, 0x0000000083100000| Untracked 
|  50|0x0000000083200000, 0x0000000083300000, 0x0000000083300000|100%| O|  |TAMS 0x0000000083300000, 0x0000000083200000| Untracked 
|  51|0x0000000083300000, 0x0000000083400000, 0x0000000083400000|100%| O|  |TAMS 0x0000000083400000, 0x0000000083300000| Untracked 
|  52|0x0000000083400000, 0x0000000083500000, 0x0000000083500000|100%| O|  |TAMS 0x0000000083500000, 0x0000000083400000| Untracked 
|  53|0x0000000083500000, 0x0000000083600000, 0x0000000083600000|100%| O|  |TAMS 0x0000000083600000, 0x0000000083500000| Untracked 
|  54|0x0000000083600000, 0x0000000083700000, 0x0000000083700000|100%| O|  |TAMS 0x0000000083700000, 0x0000000083600000| Untracked 
|  55|0x0000000083700000, 0x0000000083800000, 0x0000000083800000|100%| O|  |TAMS 0x0000000083800000, 0x0000000083700000| Untracked 
|  56|0x0000000083800000, 0x0000000083900000, 0x0000000083900000|100%| O|  |TAMS 0x0000000083900000, 0x0000000083800000| Untracked 
|  57|0x0000000083900000, 0x0000000083a00000, 0x0000000083a00000|100%| O|  |TAMS 0x0000000083a00000, 0x0000000083900000| Untracked 
|  58|0x0000000083a00000, 0x0000000083b00000, 0x0000000083b00000|100%| O|  |TAMS 0x0000000083b00000, 0x0000000083a00000| Untracked 
|  59|0x0000000083b00000, 0x0000000083c00000, 0x0000000083c00000|100%| O|  |TAMS 0x0000000083c00000, 0x0000000083b00000| Untracked 
|  60|0x0000000083c00000, 0x0000000083d00000, 0x0000000083d00000|100%| O|  |TAMS 0x0000000083d00000, 0x0000000083c00000| Untracked 
|  61|0x0000000083d00000, 0x0000000083e00000, 0x0000000083e00000|100%| O|  |TAMS 0x0000000083e00000, 0x0000000083d00000| Untracked 
|  62|0x0000000083e00000, 0x0000000083f00000, 0x0000000083f00000|100%| O|  |TAMS 0x0000000083f00000, 0x0000000083e00000| Untracked 
|  63|0x0000000083f00000, 0x0000000084000000, 0x0000000084000000|100%| O|  |TAMS 0x0000000084000000, 0x0000000083f00000| Untracked 
|  64|0x0000000084000000, 0x0000000084100000, 0x0000000084100000|100%| O|  |TAMS 0x0000000084100000, 0x0000000084000000| Untracked 
|  65|0x0000000084100000, 0x0000000084200000, 0x0000000084200000|100%| O|  |TAMS 0x0000000084200000, 0x0000000084100000| Untracked 
|  66|0x0000000084200000, 0x0000000084300000, 0x0000000084300000|100%| O|  |TAMS 0x0000000084300000, 0x0000000084200000| Untracked 
|  67|0x0000000084300000, 0x0000000084400000, 0x0000000084400000|100%| O|  |TAMS 0x0000000084400000, 0x0000000084300000| Untracked 
|  68|0x0000000084400000, 0x0000000084500000, 0x0000000084500000|100%| O|  |TAMS 0x0000000084400000, 0x0000000084400000| Untracked 
|  69|0x0000000084500000, 0x0000000084600000, 0x0000000084600000|100%| O|  |TAMS 0x0000000084500000, 0x0000000084500000| Untracked 
|  70|0x0000000084600000, 0x0000000084700000, 0x0000000084700000|100%| O|  |TAMS 0x0000000084700000, 0x0000000084600000| Untracked 
|  71|0x0000000084700000, 0x0000000084800000, 0x0000000084800000|100%| O|  |TAMS 0x0000000084800000, 0x0000000084700000| Untracked 
|  72|0x0000000084800000, 0x0000000084900000, 0x0000000084900000|100%| O|  |TAMS 0x0000000084900000, 0x0000000084800000| Untracked 
|  73|0x0000000084900000, 0x0000000084a00000, 0x0000000084a00000|100%| O|  |TAMS 0x0000000084a00000, 0x0000000084900000| Untracked 
|  74|0x0000000084a00000, 0x0000000084b00000, 0x0000000084b00000|100%| O|  |TAMS 0x0000000084b00000, 0x0000000084a00000| Untracked 
|  75|0x0000000084b00000, 0x0000000084c00000, 0x0000000084c00000|100%| O|  |TAMS 0x0000000084c00000, 0x0000000084b00000| Untracked 
|  76|0x0000000084c00000, 0x0000000084d00000, 0x0000000084d00000|100%| O|  |TAMS 0x0000000084d00000, 0x0000000084c00000| Untracked 
|  77|0x0000000084d00000, 0x0000000084e00000, 0x0000000084e00000|100%| O|  |TAMS 0x0000000084e00000, 0x0000000084d00000| Untracked 
|  78|0x0000000084e00000, 0x0000000084f00000, 0x0000000084f00000|100%| O|  |TAMS 0x0000000084f00000, 0x0000000084e00000| Untracked 
|  79|0x0000000084f00000, 0x0000000085000000, 0x0000000085000000|100%| O|  |TAMS 0x0000000085000000, 0x0000000084f00000| Untracked 
|  80|0x0000000085000000, 0x0000000085100000, 0x0000000085100000|100%| O|  |TAMS 0x0000000085100000, 0x0000000085000000| Untracked 
|  81|0x0000000085100000, 0x0000000085200000, 0x0000000085200000|100%| O|  |TAMS 0x0000000085200000, 0x0000000085100000| Untracked 
|  82|0x0000000085200000, 0x0000000085300000, 0x0000000085300000|100%| O|  |TAMS 0x0000000085300000, 0x0000000085200000| Untracked 
|  83|0x0000000085300000, 0x0000000085400000, 0x0000000085400000|100%| O|  |TAMS 0x0000000085400000, 0x0000000085300000| Untracked 
|  84|0x0000000085400000, 0x0000000085500000, 0x0000000085500000|100%| O|  |TAMS 0x0000000085500000, 0x0000000085400000| Untracked 
|  85|0x0000000085500000, 0x0000000085600000, 0x0000000085600000|100%| O|  |TAMS 0x0000000085600000, 0x0000000085500000| Untracked 
|  86|0x0000000085600000, 0x0000000085700000, 0x0000000085700000|100%| O|  |TAMS 0x0000000085700000, 0x0000000085600000| Untracked 
|  87|0x0000000085700000, 0x0000000085800000, 0x0000000085800000|100%| O|  |TAMS 0x0000000085800000, 0x0000000085700000| Untracked 
|  88|0x0000000085800000, 0x0000000085900000, 0x0000000085900000|100%| O|  |TAMS 0x0000000085900000, 0x0000000085800000| Untracked 
|  89|0x0000000085900000, 0x0000000085a00000, 0x0000000085a00000|100%|HS|  |TAMS 0x0000000085a00000, 0x0000000085900000| Complete 
|  90|0x0000000085a00000, 0x0000000085b00000, 0x0000000085b00000|100%|HS|  |TAMS 0x0000000085b00000, 0x0000000085a00000| Complete 
|  91|0x0000000085b00000, 0x0000000085c00000, 0x0000000085c00000|100%|HS|  |TAMS 0x0000000085c00000, 0x0000000085b00000| Complete 
|  92|0x0000000085c00000, 0x0000000085d00000, 0x0000000085d00000|100%|HC|  |TAMS 0x0000000085d00000, 0x0000000085c00000| Complete 
|  93|0x0000000085d00000, 0x0000000085e00000, 0x0000000085e00000|100%|HC|  |TAMS 0x0000000085e00000, 0x0000000085d00000| Complete 
|  94|0x0000000085e00000, 0x0000000085f00000, 0x0000000085f00000|100%| O|  |TAMS 0x0000000085f00000, 0x0000000085e00000| Untracked 
|  95|0x0000000085f00000, 0x0000000086000000, 0x0000000086000000|100%| O|  |TAMS 0x0000000086000000, 0x0000000085f00000| Untracked 
|  96|0x0000000086000000, 0x0000000086100000, 0x0000000086100000|100%| O|  |TAMS 0x0000000086100000, 0x0000000086000000| Untracked 
|  97|0x0000000086100000, 0x0000000086200000, 0x0000000086200000|100%| O|  |TAMS 0x0000000086200000, 0x0000000086100000| Untracked 
|  98|0x0000000086200000, 0x0000000086300000, 0x0000000086300000|100%| O|  |TAMS 0x0000000086300000, 0x0000000086200000| Untracked 
|  99|0x0000000086300000, 0x0000000086400000, 0x0000000086400000|100%| O|  |TAMS 0x0000000086400000, 0x0000000086300000| Untracked 
| 100|0x0000000086400000, 0x0000000086500000, 0x0000000086500000|100%| O|  |TAMS 0x0000000086500000, 0x0000000086400000| Untracked 
| 101|0x0000000086500000, 0x0000000086600000, 0x0000000086600000|100%| O|  |TAMS 0x0000000086600000, 0x0000000086500000| Untracked 
| 102|0x0000000086600000, 0x0000000086700000, 0x0000000086700000|100%| O|  |TAMS 0x0000000086700000, 0x0000000086600000| Untracked 
| 103|0x0000000086700000, 0x0000000086800000, 0x0000000086800000|100%| O|  |TAMS 0x0000000086800000, 0x0000000086700000| Untracked 
| 104|0x0000000086800000, 0x0000000086900000, 0x0000000086900000|100%| O|  |TAMS 0x0000000086900000, 0x0000000086800000| Untracked 
| 105|0x0000000086900000, 0x0000000086a00000, 0x0000000086a00000|100%| O|  |TAMS 0x0000000086a00000, 0x0000000086900000| Untracked 
| 106|0x0000000086a00000, 0x0000000086b00000, 0x0000000086b00000|100%| O|  |TAMS 0x0000000086b00000, 0x0000000086a00000| Untracked 
| 107|0x0000000086b00000, 0x0000000086c00000, 0x0000000086c00000|100%| O|  |TAMS 0x0000000086c00000, 0x0000000086b00000| Untracked 
| 108|0x0000000086c00000, 0x0000000086d00000, 0x0000000086d00000|100%| O|  |TAMS 0x0000000086d00000, 0x0000000086c00000| Untracked 
| 109|0x0000000086d00000, 0x0000000086e00000, 0x0000000086e00000|100%| O|  |TAMS 0x0000000086e00000, 0x0000000086d00000| Untracked 
| 110|0x0000000086e00000, 0x0000000086f00000, 0x0000000086f00000|100%| O|  |TAMS 0x0000000086f00000, 0x0000000086e00000| Untracked 
| 111|0x0000000086f00000, 0x0000000087000000, 0x0000000087000000|100%| O|  |TAMS 0x0000000087000000, 0x0000000086f00000| Untracked 
| 112|0x0000000087000000, 0x0000000087100000, 0x0000000087100000|100%| O|  |TAMS 0x0000000087100000, 0x0000000087000000| Untracked 
| 113|0x0000000087100000, 0x0000000087200000, 0x0000000087200000|100%| O|  |TAMS 0x0000000087200000, 0x0000000087100000| Untracked 
| 114|0x0000000087200000, 0x0000000087300000, 0x0000000087300000|100%| O|  |TAMS 0x0000000087300000, 0x0000000087200000| Untracked 
| 115|0x0000000087300000, 0x0000000087400000, 0x0000000087400000|100%| O|  |TAMS 0x0000000087400000, 0x0000000087300000| Untracked 
| 116|0x0000000087400000, 0x0000000087500000, 0x0000000087500000|100%| O|  |TAMS 0x0000000087500000, 0x0000000087400000| Untracked 
| 117|0x0000000087500000, 0x0000000087600000, 0x0000000087600000|100%| O|  |TAMS 0x0000000087600000, 0x0000000087500000| Untracked 
| 118|0x0000000087600000, 0x0000000087700000, 0x0000000087700000|100%| O|  |TAMS 0x0000000087700000, 0x0000000087600000| Untracked 
| 119|0x0000000087700000, 0x0000000087800000, 0x0000000087800000|100%| O|  |TAMS 0x0000000087800000, 0x0000000087700000| Untracked 
| 120|0x0000000087800000, 0x0000000087900000, 0x0000000087900000|100%| O|  |TAMS 0x0000000087900000, 0x0000000087800000| Untracked 
| 121|0x0000000087900000, 0x00000000879abc00, 0x0000000087a00000| 67%| O|  |TAMS 0x0000000087900000, 0x0000000087900000| Untracked 
| 122|0x0000000087a00000, 0x0000000087b00000, 0x0000000087b00000|100%| O|  |TAMS 0x0000000087b00000, 0x0000000087a00000| Untracked 
| 123|0x0000000087b00000, 0x0000000087c00000, 0x0000000087c00000|100%| O|  |TAMS 0x0000000087c00000, 0x0000000087b00000| Untracked 
| 124|0x0000000087c00000, 0x0000000087d00000, 0x0000000087d00000|100%| O|  |TAMS 0x0000000087d00000, 0x0000000087c00000| Untracked 
| 125|0x0000000087d00000, 0x0000000087e00000, 0x0000000087e00000|100%| O|  |TAMS 0x0000000087e00000, 0x0000000087d00000| Untracked 
| 126|0x0000000087e00000, 0x0000000087f00000, 0x0000000087f00000|100%| O|  |TAMS 0x0000000087f00000, 0x0000000087e00000| Untracked 
| 127|0x0000000087f00000, 0x0000000088000000, 0x0000000088000000|100%| O|  |TAMS 0x0000000088000000, 0x0000000087f00000| Untracked 
| 128|0x0000000088000000, 0x0000000088100000, 0x0000000088100000|100%| O|  |TAMS 0x0000000088000000, 0x0000000088000000| Untracked 
| 129|0x0000000088100000, 0x0000000088200000, 0x0000000088200000|100%| O|  |TAMS 0x0000000088200000, 0x0000000088100000| Untracked 
| 130|0x0000000088200000, 0x0000000088300000, 0x0000000088300000|100%| O|  |TAMS 0x0000000088300000, 0x0000000088200000| Untracked 
| 131|0x0000000088300000, 0x0000000088400000, 0x0000000088400000|100%| O|  |TAMS 0x0000000088400000, 0x0000000088300000| Untracked 
| 132|0x0000000088400000, 0x0000000088500000, 0x0000000088500000|100%| O|  |TAMS 0x0000000088500000, 0x0000000088400000| Untracked 
| 133|0x0000000088500000, 0x0000000088600000, 0x0000000088600000|100%| O|  |TAMS 0x0000000088500000, 0x0000000088500000| Untracked 
| 134|0x0000000088600000, 0x0000000088700000, 0x0000000088700000|100%| O|  |TAMS 0x0000000088600000, 0x0000000088600000| Untracked 
| 135|0x0000000088700000, 0x0000000088800000, 0x0000000088800000|100%| O|  |TAMS 0x0000000088700000, 0x0000000088700000| Untracked 
| 136|0x0000000088800000, 0x0000000088800000, 0x0000000088900000|  0%| F|  |TAMS 0x0000000088800000, 0x0000000088800000| Untracked 
| 137|0x0000000088900000, 0x0000000088900000, 0x0000000088a00000|  0%| F|  |TAMS 0x0000000088900000, 0x0000000088900000| Untracked 
| 138|0x0000000088a00000, 0x0000000088b00000, 0x0000000088b00000|100%| O|  |TAMS 0x0000000088b00000, 0x0000000088a00000| Untracked 
| 139|0x0000000088b00000, 0x0000000088c00000, 0x0000000088c00000|100%| O|  |TAMS 0x0000000088c00000, 0x0000000088b00000| Untracked 
| 140|0x0000000088c00000, 0x0000000088c00000, 0x0000000088d00000|  0%| F|  |TAMS 0x0000000088c00000, 0x0000000088c00000| Untracked 
| 141|0x0000000088d00000, 0x0000000088d00000, 0x0000000088e00000|  0%| F|  |TAMS 0x0000000088d00000, 0x0000000088d00000| Untracked 
| 142|0x0000000088e00000, 0x0000000088e00000, 0x0000000088f00000|  0%| F|  |TAMS 0x0000000088e00000, 0x0000000088e00000| Untracked 
| 143|0x0000000088f00000, 0x0000000089000000, 0x0000000089000000|100%| O|  |TAMS 0x0000000088f00000, 0x0000000088f00000| Untracked 
| 144|0x0000000089000000, 0x0000000089000000, 0x0000000089100000|  0%| F|  |TAMS 0x0000000089000000, 0x0000000089000000| Untracked 
| 145|0x0000000089100000, 0x0000000089100000, 0x0000000089200000|  0%| F|  |TAMS 0x0000000089100000, 0x0000000089100000| Untracked 
| 146|0x0000000089200000, 0x0000000089300000, 0x0000000089300000|100%| O|  |TAMS 0x0000000089300000, 0x0000000089200000| Untracked 
| 147|0x0000000089300000, 0x0000000089400000, 0x0000000089400000|100%| O|  |TAMS 0x0000000089400000, 0x0000000089300000| Untracked 
| 148|0x0000000089400000, 0x0000000089500000, 0x0000000089500000|100%| O|  |TAMS 0x0000000089500000, 0x0000000089400000| Untracked 
| 149|0x0000000089500000, 0x0000000089600000, 0x0000000089600000|100%| O|  |TAMS 0x0000000089600000, 0x0000000089500000| Untracked 
| 150|0x0000000089600000, 0x0000000089700000, 0x0000000089700000|100%|HS|  |TAMS 0x0000000089700000, 0x0000000089600000| Complete 
| 151|0x0000000089700000, 0x0000000089800000, 0x0000000089800000|100%|HC|  |TAMS 0x0000000089800000, 0x0000000089700000| Complete 
| 152|0x0000000089800000, 0x0000000089900000, 0x0000000089900000|100%| O|  |TAMS 0x0000000089900000, 0x0000000089800000| Untracked 
| 153|0x0000000089900000, 0x0000000089a00000, 0x0000000089a00000|100%| O|  |TAMS 0x0000000089a00000, 0x0000000089900000| Untracked 
| 154|0x0000000089a00000, 0x0000000089b00000, 0x0000000089b00000|100%| O|  |TAMS 0x0000000089b00000, 0x0000000089a00000| Untracked 
| 155|0x0000000089b00000, 0x0000000089b00000, 0x0000000089c00000|  0%| F|  |TAMS 0x0000000089b00000, 0x0000000089b00000| Untracked 
| 156|0x0000000089c00000, 0x0000000089c00000, 0x0000000089d00000|  0%| F|  |TAMS 0x0000000089c00000, 0x0000000089c00000| Untracked 
| 157|0x0000000089d00000, 0x0000000089e00000, 0x0000000089e00000|100%| O|  |TAMS 0x0000000089e00000, 0x0000000089d00000| Untracked 
| 158|0x0000000089e00000, 0x0000000089f00000, 0x0000000089f00000|100%| O|  |TAMS 0x0000000089f00000, 0x0000000089e00000| Untracked 
| 159|0x0000000089f00000, 0x000000008a000000, 0x000000008a000000|100%| O|  |TAMS 0x000000008a000000, 0x0000000089f00000| Untracked 
| 160|0x000000008a000000, 0x000000008a000000, 0x000000008a100000|  0%| F|  |TAMS 0x000000008a000000, 0x000000008a000000| Untracked 
| 161|0x000000008a100000, 0x000000008a200000, 0x000000008a200000|100%| O|  |TAMS 0x000000008a200000, 0x000000008a100000| Untracked 
| 162|0x000000008a200000, 0x000000008a300000, 0x000000008a300000|100%| O|  |TAMS 0x000000008a300000, 0x000000008a200000| Untracked 
| 163|0x000000008a300000, 0x000000008a400000, 0x000000008a400000|100%| O|  |TAMS 0x000000008a400000, 0x000000008a300000| Untracked 
| 164|0x000000008a400000, 0x000000008a400000, 0x000000008a500000|  0%| F|  |TAMS 0x000000008a400000, 0x000000008a400000| Untracked 
| 165|0x000000008a500000, 0x000000008a600000, 0x000000008a600000|100%|HS|  |TAMS 0x000000008a600000, 0x000000008a500000| Complete 
| 166|0x000000008a600000, 0x000000008a700000, 0x000000008a700000|100%|HC|  |TAMS 0x000000008a700000, 0x000000008a600000| Complete 
| 167|0x000000008a700000, 0x000000008a800000, 0x000000008a800000|100%| O|  |TAMS 0x000000008a800000, 0x000000008a700000| Untracked 
| 168|0x000000008a800000, 0x000000008a900000, 0x000000008a900000|100%| O|  |TAMS 0x000000008a900000, 0x000000008a800000| Untracked 
| 169|0x000000008a900000, 0x000000008a900000, 0x000000008aa00000|  0%| F|  |TAMS 0x000000008a900000, 0x000000008a900000| Untracked 
| 170|0x000000008aa00000, 0x000000008aa00000, 0x000000008ab00000|  0%| F|  |TAMS 0x000000008aa00000, 0x000000008aa00000| Untracked 
| 171|0x000000008ab00000, 0x000000008ab00000, 0x000000008ac00000|  0%| F|  |TAMS 0x000000008ab00000, 0x000000008ab00000| Untracked 
| 172|0x000000008ac00000, 0x000000008ad00000, 0x000000008ad00000|100%| O|  |TAMS 0x000000008ad00000, 0x000000008ac00000| Untracked 
| 173|0x000000008ad00000, 0x000000008ae00000, 0x000000008ae00000|100%| O|  |TAMS 0x000000008ae00000, 0x000000008ad00000| Untracked 
| 174|0x000000008ae00000, 0x000000008af00000, 0x000000008af00000|100%| O|  |TAMS 0x000000008af00000, 0x000000008ae00000| Untracked 
| 175|0x000000008af00000, 0x000000008b000000, 0x000000008b000000|100%| O|  |TAMS 0x000000008b000000, 0x000000008af00000| Untracked 
| 176|0x000000008b000000, 0x000000008b100000, 0x000000008b100000|100%| O|  |TAMS 0x000000008b100000, 0x000000008b000000| Untracked 
| 177|0x000000008b100000, 0x000000008b100000, 0x000000008b200000|  0%| F|  |TAMS 0x000000008b100000, 0x000000008b100000| Untracked 
| 178|0x000000008b200000, 0x000000008b200000, 0x000000008b300000|  0%| F|  |TAMS 0x000000008b200000, 0x000000008b200000| Untracked 
| 179|0x000000008b300000, 0x000000008b300000, 0x000000008b400000|  0%| F|  |TAMS 0x000000008b300000, 0x000000008b300000| Untracked 
| 180|0x000000008b400000, 0x000000008b500000, 0x000000008b500000|100%| O|  |TAMS 0x000000008b500000, 0x000000008b400000| Untracked 
| 181|0x000000008b500000, 0x000000008b500000, 0x000000008b600000|  0%| F|  |TAMS 0x000000008b500000, 0x000000008b500000| Untracked 
| 182|0x000000008b600000, 0x000000008b600000, 0x000000008b700000|  0%| F|  |TAMS 0x000000008b600000, 0x000000008b600000| Untracked 
| 183|0x000000008b700000, 0x000000008b800000, 0x000000008b800000|100%| O|  |TAMS 0x000000008b800000, 0x000000008b700000| Untracked 
| 184|0x000000008b800000, 0x000000008b900000, 0x000000008b900000|100%| O|  |TAMS 0x000000008b900000, 0x000000008b800000| Untracked 
| 185|0x000000008b900000, 0x000000008ba00000, 0x000000008ba00000|100%| O|  |TAMS 0x000000008ba00000, 0x000000008b900000| Untracked 
| 186|0x000000008ba00000, 0x000000008bb00000, 0x000000008bb00000|100%| O|  |TAMS 0x000000008bb00000, 0x000000008ba00000| Untracked 
| 187|0x000000008bb00000, 0x000000008bc00000, 0x000000008bc00000|100%| O|  |TAMS 0x000000008bc00000, 0x000000008bb00000| Untracked 
| 188|0x000000008bc00000, 0x000000008bd00000, 0x000000008bd00000|100%|HS|  |TAMS 0x000000008bd00000, 0x000000008bc00000| Complete 
| 189|0x000000008bd00000, 0x000000008be00000, 0x000000008be00000|100%|HC|  |TAMS 0x000000008be00000, 0x000000008bd00000| Complete 
| 190|0x000000008be00000, 0x000000008bf00000, 0x000000008bf00000|100%| O|  |TAMS 0x000000008bf00000, 0x000000008be00000| Untracked 
| 191|0x000000008bf00000, 0x000000008c000000, 0x000000008c000000|100%| O|  |TAMS 0x000000008c000000, 0x000000008bf00000| Untracked 
| 192|0x000000008c000000, 0x000000008c100000, 0x000000008c100000|100%| O|  |TAMS 0x000000008c100000, 0x000000008c000000| Untracked 
| 193|0x000000008c100000, 0x000000008c200000, 0x000000008c200000|100%| O|  |TAMS 0x000000008c185e00, 0x000000008c100000| Untracked 
| 194|0x000000008c200000, 0x000000008c300000, 0x000000008c300000|100%| O|  |TAMS 0x000000008c200000, 0x000000008c200000| Untracked 
| 195|0x000000008c300000, 0x000000008c400000, 0x000000008c400000|100%| O|  |TAMS 0x000000008c300000, 0x000000008c300000| Untracked 
| 196|0x000000008c400000, 0x000000008c500000, 0x000000008c500000|100%| O|  |TAMS 0x000000008c400000, 0x000000008c400000| Untracked 
| 197|0x000000008c500000, 0x000000008c600000, 0x000000008c600000|100%| O|  |TAMS 0x000000008c500000, 0x000000008c500000| Untracked 
| 198|0x000000008c600000, 0x000000008c700000, 0x000000008c700000|100%| O|  |TAMS 0x000000008c600000, 0x000000008c600000| Untracked 
| 199|0x000000008c700000, 0x000000008c800000, 0x000000008c800000|100%| O|  |TAMS 0x000000008c700000, 0x000000008c700000| Untracked 
| 200|0x000000008c800000, 0x000000008c900000, 0x000000008c900000|100%| O|  |TAMS 0x000000008c800000, 0x000000008c800000| Untracked 
| 201|0x000000008c900000, 0x000000008ca00000, 0x000000008ca00000|100%| O|  |TAMS 0x000000008c900000, 0x000000008c900000| Untracked 
| 202|0x000000008ca00000, 0x000000008cb00000, 0x000000008cb00000|100%| O|  |TAMS 0x000000008ca00000, 0x000000008ca00000| Untracked 
| 203|0x000000008cb00000, 0x000000008cc00000, 0x000000008cc00000|100%| O|  |TAMS 0x000000008cb00000, 0x000000008cb00000| Untracked 
| 204|0x000000008cc00000, 0x000000008cd00000, 0x000000008cd00000|100%| O|  |TAMS 0x000000008cc00000, 0x000000008cc00000| Untracked 
| 205|0x000000008cd00000, 0x000000008ce00000, 0x000000008ce00000|100%| O|  |TAMS 0x000000008cd00000, 0x000000008cd00000| Untracked 
| 206|0x000000008ce00000, 0x000000008ce00000, 0x000000008cf00000|  0%| F|  |TAMS 0x000000008ce00000, 0x000000008ce00000| Untracked 
| 207|0x000000008cf00000, 0x000000008cf00000, 0x000000008d000000|  0%| F|  |TAMS 0x000000008cf00000, 0x000000008cf00000| Untracked 
| 208|0x000000008d000000, 0x000000008d000000, 0x000000008d100000|  0%| F|  |TAMS 0x000000008d000000, 0x000000008d000000| Untracked 
| 209|0x000000008d100000, 0x000000008d100000, 0x000000008d200000|  0%| F|  |TAMS 0x000000008d100000, 0x000000008d100000| Untracked 
| 210|0x000000008d200000, 0x000000008d200000, 0x000000008d300000|  0%| F|  |TAMS 0x000000008d200000, 0x000000008d200000| Untracked 
| 211|0x000000008d300000, 0x000000008d3fc768, 0x000000008d400000| 98%| S|CS|TAMS 0x000000008d300000, 0x000000008d300000| Complete 
| 212|0x000000008d400000, 0x000000008d500000, 0x000000008d500000|100%| S|CS|TAMS 0x000000008d400000, 0x000000008d400000| Complete 
| 213|0x000000008d500000, 0x000000008d500000, 0x000000008d600000|  0%| F|  |TAMS 0x000000008d500000, 0x000000008d500000| Untracked 
| 214|0x000000008d600000, 0x000000008d600000, 0x000000008d700000|  0%| F|  |TAMS 0x000000008d600000, 0x000000008d600000| Untracked 
| 215|0x000000008d700000, 0x000000008d700000, 0x000000008d800000|  0%| F|  |TAMS 0x000000008d700000, 0x000000008d700000| Untracked 
| 216|0x000000008d800000, 0x000000008d800000, 0x000000008d900000|  0%| F|  |TAMS 0x000000008d800000, 0x000000008d800000| Untracked 
| 217|0x000000008d900000, 0x000000008d900000, 0x000000008da00000|  0%| F|  |TAMS 0x000000008d900000, 0x000000008d900000| Untracked 
| 218|0x000000008da00000, 0x000000008da00000, 0x000000008db00000|  0%| F|  |TAMS 0x000000008da00000, 0x000000008da00000| Untracked 
| 219|0x000000008db00000, 0x000000008db00000, 0x000000008dc00000|  0%| F|  |TAMS 0x000000008db00000, 0x000000008db00000| Untracked 
| 220|0x000000008dc00000, 0x000000008dc00000, 0x000000008dd00000|  0%| F|  |TAMS 0x000000008dc00000, 0x000000008dc00000| Untracked 
| 221|0x000000008dd00000, 0x000000008dd00000, 0x000000008de00000|  0%| F|  |TAMS 0x000000008dd00000, 0x000000008dd00000| Untracked 

Card table byte_map: [0x000002abfac60000,0x000002abfb060000] _byte_map_base: 0x000002abfa860000

Marking Bits (Prev, Next): (CMBitMap*) 0x000002abe23d9318, (CMBitMap*) 0x000002abe23d9350
 Prev Bits: [0x000002abfb460000, 0x000002abfd460000)
 Next Bits: [0x000002abfd460000, 0x000002abff460000)

Polling page: 0x000002abe2480000

Metaspace:

Usage:
  Non-class:    128.41 MB capacity,   125.88 MB ( 98%) used,     2.12 MB (  2%) free+waste,   430.00 KB ( <1%) overhead. 
      Class:     19.79 MB capacity,    18.22 MB ( 92%) used,     1.38 MB (  7%) free+waste,   198.44 KB ( <1%) overhead. 
       Both:    148.20 MB capacity,   144.10 MB ( 97%) used,     3.49 MB (  2%) free+waste,   628.44 KB ( <1%) overhead. 

Virtual space:
  Non-class space:      130.00 MB reserved,     128.50 MB ( 99%) committed 
      Class space:      504.00 MB reserved,      19.88 MB (  4%) committed 
             Both:      634.00 MB reserved,     148.38 MB ( 23%) committed 

Chunk freelists:
   Non-Class:  3.38 KB
       Class:  0 bytes
        Both:  3.38 KB

CodeHeap 'non-profiled nmethods': size=120064Kb used=14064Kb max_used=14064Kb free=105999Kb
 bounds [0x000002abf2d00000, 0x000002abf3ac0000, 0x000002abfa240000]
CodeHeap 'profiled nmethods': size=120000Kb used=45338Kb max_used=45338Kb free=74661Kb
 bounds [0x000002abeb7d0000, 0x000002abee430000, 0x000002abf2d00000]
CodeHeap 'non-nmethods': size=5696Kb used=2414Kb max_used=2446Kb free=3282Kb
 bounds [0x000002abeb240000, 0x000002abeb4b0000, 0x000002abeb7d0000]
 total_blobs=21262 nmethods=20199 adapters=973
 compilation: enabled
              stopped_count=0, restarted_count=0
 full_count=0

Compilation events (10 events):
Event: 115.549 Thread 0x000002abffc0c000 22649   !   2       com.android.tools.r8.internal.LG0::a (170 bytes)
Event: 115.549 Thread 0x000002abffc0c000 nmethod 22649 0x000002abee42d590 code [0x000002abee42d740, 0x000002abee42dba8]
Event: 115.552 Thread 0x000002abffc07800 nmethod 22603% 0x000002abf3ab7f10 code [0x000002abf3ab8120, 0x000002abf3aba0b0]
Event: 115.552 Thread 0x000002abffc07800 22627       4       com.android.tools.r8.graph.W0::a (89 bytes)
Event: 115.554 Thread 0x000002abffc0c000 22650       1       com.android.tools.r8.graph.P0::b (5 bytes)
Event: 115.554 Thread 0x000002abffc0c000 nmethod 22650 0x000002abf3abab90 code [0x000002abf3abad20, 0x000002abf3abadd8]
Event: 115.555 Thread 0x000002abffc0c000 22651       1       com.android.tools.r8.graph.P0::a (5 bytes)
Event: 115.556 Thread 0x000002abffc0c000 nmethod 22651 0x000002abf3abae90 code [0x000002abf3abb020, 0x000002abf3abb0d8]
Event: 115.585 Thread 0x000002abffc07800 nmethod 22627 0x000002abf3abb190 code [0x000002abf3abb320, 0x000002abf3abbf58]
Event: 115.585 Thread 0x000002abffc07800 22652   !   4       java.util.concurrent.ConcurrentHashMap::transfer (828 bytes)

GC Heap History (10 events):
Event: 114.415 GC heap after
{Heap after GC invocations=129 (full 0):
 garbage-first heap   total 227328K, used 203709K [0x0000000080000000, 0x0000000100000000)
  region size 1024K, 2 young (2048K), 2 survivors (2048K)
 Metaspace       used 144775K, capacity 148931K, committed 149248K, reserved 647168K
  class space    used 18260K, capacity 19849K, committed 19968K, reserved 516096K
}
Event: 114.760 GC heap before
{Heap before GC invocations=129 (full 0):
 garbage-first heap   total 227328K, used 210877K [0x0000000080000000, 0x0000000100000000)
  region size 1024K, 11 young (11264K), 2 survivors (2048K)
 Metaspace       used 145672K, capacity 149838K, committed 150144K, reserved 647168K
  class space    used 18404K, capacity 19990K, committed 20096K, reserved 516096K
}
Event: 114.765 GC heap after
{Heap after GC invocations=130 (full 0):
 garbage-first heap   total 227328K, used 203193K [0x0000000080000000, 0x0000000100000000)
  region size 1024K, 2 young (2048K), 2 survivors (2048K)
 Metaspace       used 145672K, capacity 149838K, committed 150144K, reserved 647168K
  class space    used 18404K, capacity 19990K, committed 20096K, reserved 516096K
}
Event: 115.022 GC heap before
{Heap before GC invocations=131 (full 0):
 garbage-first heap   total 227328K, used 212409K [0x0000000080000000, 0x0000000100000000)
  region size 1024K, 11 young (11264K), 2 survivors (2048K)
 Metaspace       used 146630K, capacity 150836K, committed 151040K, reserved 647168K
  class space    used 18519K, capacity 20130K, committed 20224K, reserved 516096K
}
Event: 115.028 GC heap after
{Heap after GC invocations=132 (full 0):
 garbage-first heap   total 227328K, used 204297K [0x0000000080000000, 0x0000000100000000)
  region size 1024K, 2 young (2048K), 2 survivors (2048K)
 Metaspace       used 146630K, capacity 150836K, committed 151040K, reserved 647168K
  class space    used 18519K, capacity 20130K, committed 20224K, reserved 516096K
}
Event: 115.386 GC heap before
{Heap before GC invocations=132 (full 0):
 garbage-first heap   total 227328K, used 213513K [0x0000000080000000, 0x0000000100000000)
  region size 1024K, 11 young (11264K), 2 survivors (2048K)
 Metaspace       used 147240K, capacity 151462K, committed 151552K, reserved 649216K
  class space    used 18604K, capacity 20208K, committed 20224K, reserved 516096K
}
Event: 115.406 GC heap after
{Heap after GC invocations=133 (full 0):
 garbage-first heap   total 227328K, used 188650K [0x0000000080000000, 0x0000000100000000)
  region size 1024K, 2 young (2048K), 2 survivors (2048K)
 Metaspace       used 147240K, capacity 151462K, committed 151552K, reserved 649216K
  class space    used 18604K, capacity 20208K, committed 20224K, reserved 516096K
}
Event: 115.472 GC heap before
{Heap before GC invocations=133 (full 0):
 garbage-first heap   total 227328K, used 197866K [0x0000000080000000, 0x0000000100000000)
  region size 1024K, 11 young (11264K), 2 survivors (2048K)
 Metaspace       used 147312K, capacity 151560K, committed 151680K, reserved 649216K
  class space    used 18613K, capacity 20240K, committed 20352K, reserved 516096K
}
Event: 115.484 GC heap after
{Heap after GC invocations=134 (full 0):
 garbage-first heap   total 227328K, used 190747K [0x0000000080000000, 0x0000000100000000)
  region size 1024K, 2 young (2048K), 2 survivors (2048K)
 Metaspace       used 147312K, capacity 151560K, committed 151680K, reserved 649216K
  class space    used 18613K, capacity 20240K, committed 20352K, reserved 516096K
}
Event: 115.615 GC heap before
{Heap before GC invocations=134 (full 0):
 garbage-first heap   total 227328K, used 199963K [0x0000000080000000, 0x0000000100000000)
  region size 1024K, 11 young (11264K), 2 survivors (2048K)
 Metaspace       used 147554K, capacity 151757K, committed 151936K, reserved 649216K
  class space    used 18657K, capacity 20264K, committed 20352K, reserved 516096K
}

Deoptimization events (10 events):
Event: 114.627 Thread 0x000002ab860ce000 Uncommon trap: reason=unstable_if action=reinterpret pc=0x000002abf32b8174 method=com.google.common.collect.MapMakerInternalMap$Segment.put(Ljava/lang/Object;ILjava/lang/Object;Z)Ljava/lang/Object; @ 92 c2
Event: 114.785 Thread 0x000002ab860fa800 Uncommon trap: reason=unstable_if action=reinterpret pc=0x000002abf3aa6eb8 method=com.android.tools.r8.graph.W0.a(C)I @ 1 c2
Event: 114.785 Thread 0x000002ab860fa800 Uncommon trap: reason=unstable_if action=reinterpret pc=0x000002abf3aa3c6c method=com.android.tools.r8.graph.W0.a(C[BI)I @ 1 c2
Event: 115.085 Thread 0x000002ab860ce000 Uncommon trap: reason=unstable_if action=reinterpret pc=0x000002abf32b31e8 method=com.google.common.collect.MapMakerInternalMap$Segment.put(Ljava/lang/Object;ILjava/lang/Object;Z)Ljava/lang/Object; @ 92 c2
Event: 115.585 Thread 0x000002ab860fa800 Uncommon trap: reason=profile_predicate action=maybe_recompile pc=0x000002abf3abbe28 method=com.android.tools.r8.graph.W0.a(Ljava/lang/String;)[B @ 9 c2
Event: 115.585 Thread 0x000002ab860fa800 Uncommon trap: reason=profile_predicate action=maybe_recompile pc=0x000002abf3abbe28 method=com.android.tools.r8.graph.W0.a(Ljava/lang/String;)[B @ 9 c2
Event: 115.585 Thread 0x000002ab860fa800 Uncommon trap: reason=profile_predicate action=maybe_recompile pc=0x000002abf3abbe28 method=com.android.tools.r8.graph.W0.a(Ljava/lang/String;)[B @ 9 c2
Event: 115.585 Thread 0x000002ab860fa800 Uncommon trap: reason=profile_predicate action=maybe_recompile pc=0x000002abf3abbe28 method=com.android.tools.r8.graph.W0.a(Ljava/lang/String;)[B @ 9 c2
Event: 115.586 Thread 0x000002ab860fa800 Uncommon trap: reason=profile_predicate action=maybe_recompile pc=0x000002abf3ab7274 method=com.android.tools.r8.graph.W0.a(Ljava/lang/String;)[B @ 63 c2
Event: 115.587 Thread 0x000002ab860fa800 Uncommon trap: reason=profile_predicate action=maybe_recompile pc=0x000002abf3ab7274 method=com.android.tools.r8.graph.W0.a(Ljava/lang/String;)[B @ 63 c2

Classes redefined (0 events):
No events

Internal exceptions (10 events):
Event: 114.439 Thread 0x000002ab860fa800 Exception <a 'sun/nio/fs/WindowsException'{0x000000008d917110}> (0x000000008d917110) thrown at [./open/src/hotspot/share/prims/jni.cpp, line 611]
Event: 114.670 Thread 0x000002ab860ce000 Exception <a 'java/lang/NoSuchMethodError'{0x000000008d6715f0}: java.lang.invoke.DirectMethodHandle$Holder.invokeStaticInit(Ljava/lang/Object;Ljava/lang/Object;Ljava/lang/Object;Ljava/lang/Object;Ljava/lang/Object;Ljava/lang/Object;Ljava/lang/Object;Ljava
Event: 114.744 Thread 0x000002ab860fa800 Exception <a 'java/lang/IncompatibleClassChangeError'{0x000000008d58ede0}: Found class java.lang.Object, but interface was expected> (0x000000008d58ede0) thrown at [./open/src/hotspot/share/interpreter/linkResolver.cpp, line 838]
Event: 114.744 Thread 0x000002ab860ce000 Exception <a 'java/lang/IncompatibleClassChangeError'{0x000000008d5b32a8}: Found class java.lang.Object, but interface was expected> (0x000000008d5b32a8) thrown at [./open/src/hotspot/share/interpreter/linkResolver.cpp, line 838]
Event: 115.385 Thread 0x000002ab860ce000 Exception <a 'java/lang/NoSuchMethodError'{0x000000008d5f3560}: java.lang.invoke.DirectMethodHandle$Holder.invokeStatic(Ljava/lang/Object;Ljava/lang/Object;)J> (0x000000008d5f3560) thrown at [./open/src/hotspot/share/interpreter/linkResolver.cpp, line 772
Event: 115.493 Thread 0x000002ab860ce000 Exception <a 'java/lang/IncompatibleClassChangeError'{0x000000008dd9ff28}: Found class java.lang.Object, but interface was expected> (0x000000008dd9ff28) thrown at [./open/src/hotspot/share/interpreter/linkResolver.cpp, line 838]
Event: 115.494 Thread 0x000002ab860ce000 Exception <a 'java/lang/NoSuchMethodError'{0x000000008ddc3508}: java.lang.invoke.DirectMethodHandle$Holder.newInvokeSpecial(Ljava/lang/Object;I)Ljava/lang/Object;> (0x000000008ddc3508) thrown at [./open/src/hotspot/share/interpreter/linkResolver.cpp, line
Event: 115.496 Thread 0x000002ab860ce000 Exception <a 'java/lang/IncompatibleClassChangeError'{0x000000008ddcf828}: Found class java.lang.Object, but interface was expected> (0x000000008ddcf828) thrown at [./open/src/hotspot/share/interpreter/linkResolver.cpp, line 838]
Event: 115.497 Thread 0x000002ab860ce000 Exception <a 'java/lang/IncompatibleClassChangeError'{0x000000008ddf5b10}: Found class java.lang.Object, but interface was expected> (0x000000008ddf5b10) thrown at [./open/src/hotspot/share/interpreter/linkResolver.cpp, line 838]
Event: 115.601 Thread 0x000002ab860ce000 Exception <a 'java/lang/IncompatibleClassChangeError'{0x000000008d5a3620}: Found class java.lang.Object, but interface was expected> (0x000000008d5a3620) thrown at [./open/src/hotspot/share/interpreter/linkResolver.cpp, line 838]

Events (10 events):
Event: 115.607 loading class com/android/tools/r8/internal/Fq1 done
Event: 115.608 loading class com/android/tools/r8/graph/v
Event: 115.608 loading class com/android/tools/r8/graph/v done
Event: 115.610 loading class com/android/tools/r8/graph/o2
Event: 115.610 loading class com/android/tools/r8/graph/o2 done
Event: 115.610 loading class com/android/tools/r8/internal/l41
Event: 115.610 loading class com/android/tools/r8/internal/l41 done
Event: 115.611 loading class com/android/tools/r8/graph/n2
Event: 115.611 loading class com/android/tools/r8/graph/n2 done
Event: 115.612 Executing VM operation: G1CollectForAllocation


Dynamic libraries:
0x00007ff7a2b40000 - 0x00007ff7a2b4f000 	C:\Program Files\Java\jdk-11.0.15\bin\java.exe
0x00007ffbea310000 - 0x00007ffbea508000 	C:\WINDOWS\SYSTEM32\ntdll.dll
0x00007ffbe9eb0000 - 0x00007ffbe9f6d000 	C:\WINDOWS\System32\KERNEL32.DLL
0x00007ffbe7d30000 - 0x00007ffbe7ffe000 	C:\WINDOWS\System32\KERNELBASE.dll
0x00007ffbe8070000 - 0x00007ffbe8170000 	C:\WINDOWS\System32\ucrtbase.dll
0x00007ffbcf4d0000 - 0x00007ffbcf4e8000 	C:\Program Files\Java\jdk-11.0.15\bin\jli.dll
0x00007ffbd2ed0000 - 0x00007ffbd2ee5000 	C:\Program Files\Java\jdk-11.0.15\bin\VCRUNTIME140.dll
0x00007ffbe8b30000 - 0x00007ffbe8bde000 	C:\WINDOWS\System32\ADVAPI32.dll
0x00007ffbe8370000 - 0x00007ffbe840e000 	C:\WINDOWS\System32\msvcrt.dll
0x00007ffbe8a90000 - 0x00007ffbe8b2c000 	C:\WINDOWS\System32\sechost.dll
0x00007ffbe98b0000 - 0x00007ffbe99d5000 	C:\WINDOWS\System32\RPCRT4.dll
0x00007ffbe8600000 - 0x00007ffbe87a0000 	C:\WINDOWS\System32\USER32.dll
0x00007ffbe8310000 - 0x00007ffbe8332000 	C:\WINDOWS\System32\win32u.dll
0x00007ffbd4790000 - 0x00007ffbd4a2a000 	C:\WINDOWS\WinSxS\amd64_microsoft.windows.common-controls_6595b64144ccf1df_6.0.19041.1110_none_60b5254171f9507e\COMCTL32.dll
0x00007ffbe8930000 - 0x00007ffbe895a000 	C:\WINDOWS\System32\GDI32.dll
0x00007ffbe7a30000 - 0x00007ffbe7b3b000 	C:\WINDOWS\System32\gdi32full.dll
0x00007ffbe8170000 - 0x00007ffbe820d000 	C:\WINDOWS\System32\msvcp_win.dll
0x00007ffbe1d10000 - 0x00007ffbe1d1a000 	C:\WINDOWS\SYSTEM32\VERSION.dll
0x00007ffbe95b0000 - 0x00007ffbe95e0000 	C:\WINDOWS\System32\IMM32.DLL
0x00007ffbbd930000 - 0x00007ffbbd9cb000 	C:\Program Files\Java\jdk-11.0.15\bin\msvcp140.dll
0x00007ffb5da80000 - 0x00007ffb5e596000 	C:\Program Files\Java\jdk-11.0.15\bin\server\jvm.dll
0x00007ffbe95e0000 - 0x00007ffbe95e8000 	C:\WINDOWS\System32\PSAPI.DLL
0x00007ffbe0e80000 - 0x00007ffbe0ea7000 	C:\WINDOWS\SYSTEM32\WINMM.dll
0x00007ffbd2400000 - 0x00007ffbd2409000 	C:\WINDOWS\SYSTEM32\WSOCK32.dll
0x00007ffbe8a20000 - 0x00007ffbe8a8b000 	C:\WINDOWS\System32\WS2_32.dll
0x00007ffbe5910000 - 0x00007ffbe5922000 	C:\WINDOWS\SYSTEM32\kernel.appcore.dll
0x00007ffbd3880000 - 0x00007ffbd3890000 	C:\Program Files\Java\jdk-11.0.15\bin\verify.dll
0x00007ffbdb7b0000 - 0x00007ffbdb994000 	C:\WINDOWS\SYSTEM32\DBGHELP.DLL
0x00007ffbd1740000 - 0x00007ffbd176c000 	C:\WINDOWS\SYSTEM32\dbgcore.DLL
0x00007ffbe7ca0000 - 0x00007ffbe7d22000 	C:\WINDOWS\System32\bcryptPrimitives.dll
0x00007ffbcc760000 - 0x00007ffbcc788000 	C:\Program Files\Java\jdk-11.0.15\bin\java.dll
0x00007ffbd34a0000 - 0x00007ffbd34aa000 	C:\Program Files\Java\jdk-11.0.15\bin\jimage.dll
0x00007ffbcf140000 - 0x00007ffbcf156000 	C:\Program Files\Java\jdk-11.0.15\bin\zip.dll
0x00007ffbe8be0000 - 0x00007ffbe9324000 	C:\WINDOWS\System32\SHELL32.dll
0x00007ffbe5b10000 - 0x00007ffbe62a4000 	C:\WINDOWS\SYSTEM32\windows.storage.dll
0x00007ffbe9f70000 - 0x00007ffbea2c4000 	C:\WINDOWS\System32\combase.dll
0x00007ffbe73b0000 - 0x00007ffbe73e0000 	C:\WINDOWS\SYSTEM32\Wldp.dll
0x00007ffbe8960000 - 0x00007ffbe8a0d000 	C:\WINDOWS\System32\SHCORE.dll
0x00007ffbe8410000 - 0x00007ffbe8465000 	C:\WINDOWS\System32\shlwapi.dll
0x00007ffbe7970000 - 0x00007ffbe798f000 	C:\WINDOWS\SYSTEM32\profapi.dll
0x00007ffbcc7b0000 - 0x00007ffbcc7c9000 	C:\Program Files\Java\jdk-11.0.15\bin\net.dll
0x00007ffbe1d90000 - 0x00007ffbe1e9a000 	C:\WINDOWS\SYSTEM32\WINHTTP.dll
0x00007ffbe7190000 - 0x00007ffbe71fa000 	C:\WINDOWS\system32\mswsock.dll
0x00007ffbcbb60000 - 0x00007ffbcbb72000 	C:\Program Files\Java\jdk-11.0.15\bin\nio.dll
0x00007ffbd4ea0000 - 0x00007ffbd4ec7000 	C:\Users\Appdev_Design\.gradle\native\e1d6ef7f7dcc3fd88c89a11ec53ec762bb8ba0a96d01ffa2cd45eb1d1d8dd5c5\windows-amd64\native-platform.dll
0x00007ffbbd7e0000 - 0x00007ffbbd924000 	C:\Users\Appdev_Design\.gradle\native\5664cfc778a61ccfe75a443a1ab52a65af34e5dc3c78e0209fed803814484fcb\windows-amd64\native-platform-file-events.dll
0x00007ffbe35f0000 - 0x00007ffbe35f9000 	C:\Program Files\Java\jdk-11.0.15\bin\management.dll
0x00007ffbd4f80000 - 0x00007ffbd4f8b000 	C:\Program Files\Java\jdk-11.0.15\bin\management_ext.dll
0x00007ffbe76f0000 - 0x00007ffbe7708000 	C:\WINDOWS\SYSTEM32\CRYPTSP.dll
0x00007ffbe6a60000 - 0x00007ffbe6a94000 	C:\WINDOWS\system32\rsaenh.dll
0x00007ffbe8340000 - 0x00007ffbe8367000 	C:\WINDOWS\System32\bcrypt.dll
0x00007ffbe7930000 - 0x00007ffbe795e000 	C:\WINDOWS\SYSTEM32\USERENV.dll
0x00007ffbe7320000 - 0x00007ffbe732c000 	C:\WINDOWS\SYSTEM32\CRYPTBASE.dll
0x00007ffbe6e30000 - 0x00007ffbe6e6b000 	C:\WINDOWS\SYSTEM32\IPHLPAPI.DLL
0x00007ffbe9720000 - 0x00007ffbe9728000 	C:\WINDOWS\System32\NSI.dll
0x00007ffbe1730000 - 0x00007ffbe1747000 	C:\WINDOWS\SYSTEM32\dhcpcsvc6.DLL
0x00007ffbe1710000 - 0x00007ffbe172d000 	C:\WINDOWS\SYSTEM32\dhcpcsvc.DLL
0x00007ffbe6e70000 - 0x00007ffbe6f3a000 	C:\WINDOWS\SYSTEM32\DNSAPI.dll
0x00007ffbe35e0000 - 0x00007ffbe35ed000 	C:\Program Files\Java\jdk-11.0.15\bin\sunmscapi.dll
0x00007ffbe7b40000 - 0x00007ffbe7c96000 	C:\WINDOWS\System32\CRYPT32.dll
0x00007ffbe7420000 - 0x00007ffbe7447000 	C:\WINDOWS\SYSTEM32\ncrypt.dll
0x00007ffbe73e0000 - 0x00007ffbe741b000 	C:\WINDOWS\SYSTEM32\NTASN1.dll
0x00007ffbe30f0000 - 0x00007ffbe3115000 	C:\Program Files\Java\jdk-11.0.15\bin\sunec.dll
0x00007ffbdb720000 - 0x00007ffbdb72a000 	C:\Windows\System32\rasadhlp.dll
0x00007ffbdb600000 - 0x00007ffbdb680000 	C:\WINDOWS\System32\fwpuclnt.dll
0x00007ffbe66f0000 - 0x00007ffbe6723000 	C:\WINDOWS\SYSTEM32\ntmarta.dll
0x00007ffbd38c0000 - 0x00007ffbd38c7000 	C:\Program Files\Java\jdk-11.0.15\bin\rmi.dll
0x00007ffbcfe50000 - 0x00007ffbcfe67000 	C:\WINDOWS\system32\napinsp.dll
0x00007ffbcfe30000 - 0x00007ffbcfe4b000 	C:\WINDOWS\system32\pnrpnsp.dll
0x00007ffbcfe10000 - 0x00007ffbcfe25000 	C:\WINDOWS\system32\wshbth.dll
0x00007ffbe3580000 - 0x00007ffbe359d000 	C:\WINDOWS\system32\NLAapi.dll
0x00007ffbcfdf0000 - 0x00007ffbcfe02000 	C:\WINDOWS\System32\winrnr.dll
0x00007ffbdffa0000 - 0x00007ffbdffbe000 	C:\Users\Appdev_Design\AppData\Local\Temp\native-platform2696625061267077236dir\native-platform.dll

dbghelp: loaded successfully - version: 4.0.5 - missing functions: none
symbol engine: initialized successfully - sym options: 0x614 - pdb path: .;C:\Program Files\Java\jdk-11.0.15\bin;C:\WINDOWS\SYSTEM32;C:\WINDOWS\WinSxS\amd64_microsoft.windows.common-controls_6595b64144ccf1df_6.0.19041.1110_none_60b5254171f9507e;C:\Program Files\Java\jdk-11.0.15\bin\server;C:\Users\Appdev_Design\.gradle\native\e1d6ef7f7dcc3fd88c89a11ec53ec762bb8ba0a96d01ffa2cd45eb1d1d8dd5c5\windows-amd64;C:\Users\Appdev_Design\.gradle\native\5664cfc778a61ccfe75a443a1ab52a65af34e5dc3c78e0209fed803814484fcb\windows-amd64;C:\Users\Appdev_Design\AppData\Local\Temp\native-platform2696625061267077236dir

VM Arguments:
jvm_args: -XX:MaxMetaspaceSize=512m --add-opens=java.base/java.util=ALL-UNNAMED --add-opens=java.base/java.lang=ALL-UNNAMED --add-opens=java.base/java.lang.invoke=ALL-UNNAMED --add-opens=java.base/java.util=ALL-UNNAMED --add-opens=java.prefs/java.util.prefs=ALL-UNNAMED --add-opens=java.prefs/java.util.prefs=ALL-UNNAMED --add-opens=java.base/java.nio.charset=ALL-UNNAMED --add-opens=java.base/java.net=ALL-UNNAMED --add-opens=java.base/java.util.concurrent.atomic=ALL-UNNAMED -Xmx2048m -Dfile.encoding=windows-1252 -Duser.country=IN -Duser.language=en -Duser.variant 
java_command: org.gradle.launcher.daemon.bootstrap.GradleDaemon 7.3.3
java_class_path (initial): C:\Users\Appdev_Design\.gradle\wrapper\dists\gradle-7.3.3-all\4295vidhdd9hd3gbjyw1xqxpo\gradle-7.3.3\lib\gradle-launcher-7.3.3.jar
Launcher Type: SUN_STANDARD

[Global flags]
     intx CICompilerCount                          = 3                                         {product} {ergonomic}
   size_t CompressedClassSpaceSize                 = 528482304                                 {product} {ergonomic}
     uint ConcGCThreads                            = 1                                         {product} {ergonomic}
     uint G1ConcRefinementThreads                  = 4                                         {product} {ergonomic}
   size_t G1HeapRegionSize                         = 1048576                                   {product} {ergonomic}
    uintx GCDrainStackTargetSize                   = 64                                        {product} {ergonomic}
   size_t InitialHeapSize                          = 134217728                                 {product} {ergonomic}
   size_t MarkStackSize                            = 4194304                                   {product} {ergonomic}
   size_t MaxHeapSize                              = 2147483648                                {product} {command line}
   size_t MaxMetaspaceSize                         = 536870912                                 {product} {command line}
   size_t MaxNewSize                               = 1287651328                                {product} {ergonomic}
   size_t MinHeapDeltaBytes                        = 1048576                                   {product} {ergonomic}
    uintx NonNMethodCodeHeapSize                   = 5830732                                {pd product} {ergonomic}
    uintx NonProfiledCodeHeapSize                  = 122913754                              {pd product} {ergonomic}
    uintx ProfiledCodeHeapSize                     = 122913754                              {pd product} {ergonomic}
    uintx ReservedCodeCacheSize                    = 251658240                              {pd product} {ergonomic}
     bool SegmentedCodeCache                       = true                                      {product} {ergonomic}
     bool UseCompressedClassPointers               = true                                 {lp64_product} {ergonomic}
     bool UseCompressedOops                        = true                                 {lp64_product} {ergonomic}
     bool UseG1GC                                  = true                                      {product} {ergonomic}
     bool UseLargePagesIndividualAllocation        = false                                  {pd product} {ergonomic}

Logging:
Log output configuration:
 #0: stdout all=warning uptime,level,tags
 #1: stderr all=off uptime,level,tags

Environment Variables:
JAVA_HOME=C:\Program Files\Java\jdk-11.0.15
CLASSPATH=C:\Users\Appdev_Design\Desktop\example\android\\gradle\wrapper\gradle-wrapper.jar
PATH=C:\Users\Appdev_Design\Desktop\example\android\node_modules\.bin;C:\Users\Appdev_Design\Desktop\example\node_modules\.bin;C:\Users\Appdev_Design\Desktop\node_modules\.bin;C:\Users\Appdev_Design\node_modules\.bin;C:\Users\node_modules\.bin;C:\node_modules\.bin;C:\Program Files\nodejs;C:\Users\Appdev_Design\Desktop\example\node_modules\.bin;C:\Users\Appdev_Design\Desktop\node_modules\.bin;C:\Users\Appdev_Design\node_modules\.bin;C:\Users\node_modules\.bin;C:\node_modules\.bin;C:\Program Files\nodejs\node_modules\npm\node_modules\@npmcli\run-script\lib\node-gyp-bin;C:\Program Files\Common Files\Oracle\Java\javapath;C:\Program Files (x86)\Common Files\Oracle\Java\javapath;C:\Python27\;C:\Python27\Scripts;C:\ProgramData\chocolatey\bin;C:\Program Files\nodejs;D:\Android;C:\Program Files\Git\cmd;C:\Program Files\nodejs\;C:\Program Files\Java\jdk-11.0.15\bin;D:\Android\platform-tools;D:\sqllite;C:\Program Files\MySQL\MySQL Shell 8.0\bin\;C:\Users\Appdev_Design\AppData\Local\Microsoft\WindowsApps;C:\Users\Appdev_Design\AppData\Local\Programs\Microsoft VS Code\bin;C:\Users\Appdev_Design\AppData\Local\atom\bin;C:\Users\Appdev_Design\AppData\Roaming;C:\Users\Appdev_Design\AppData\Roaming\npm;C:\Users\Appdev_Design\Desktop\example\node_modules\.bin
USERNAME=Appdev_Design
OS=Windows_NT
PROCESSOR_IDENTIFIER=Intel64 Family 6 Model 94 Stepping 3, GenuineIntel



---------------  S Y S T E M  ---------------

OS: Windows 10 , 64 bit Build 19041 (10.0.19041.1889)
Hyper-V role detected

CPU:total 4 (initial active 4) (2 cores per cpu, 2 threads per core) family 6 model 94 stepping 3 microcode 0xcc, cmov, cx8, fxsr, mmx, sse, sse2, sse3, ssse3, sse4.1, sse4.2, popcnt, avx, avx2, aes, clmul, erms, 3dnowpref, lzcnt, ht, tsc, tscinvbit, bmi1, bmi2, adx, fma

Memory: 4k page, system-wide physical 8148M (311M free)
TotalPageFile size 22329M (AvailPageFile size 109M)
current process WorkingSet (physical memory assigned to process): 529M, peak: 559M
current process commit charge ("private bytes"): 639M, peak: 763M

vm_info: Java HotSpot(TM) 64-Bit Server VM (11.0.15+8-LTS-149) for windows-amd64 JRE (11.0.15+8-LTS-149), built on Mar  9 2022 22:42:32 by "mach5one" with MS VC++ 15.9 (VS2017)

END.
