#
# There is insufficient memory for the Java Runtime Environment to continue.
# Native memory allocation (malloc) failed to allocate 858336 bytes for Chunk::new
# Possible reasons:
#   The system is out of physical RAM or swap space
#   The process is running with CompressedOops enabled, and the Java Heap may be blocking the growth of the native heap
# Possible solutions:
#   Reduce memory load on the system
#   Increase physical memory or swap space
#   Check if swap backing store is full
#   Decrease Java heap size (-Xmx/-Xms)
#   Decrease number of Java threads
#   Decrease Java thread stack sizes (-Xss)
#   Set larger code cache with -XX:ReservedCodeCacheSize=
#   JVM is running with Unscaled Compressed Oops mode in which the Java heap is
#     placed in the first 4GB address space. The Java Heap base address is the
#     maximum limit for the native heap growth. Please use -XX:HeapBaseMinAddress
#     to set the Java Heap base and to place the Java Heap above 4GB virtual address.
# This output file may be truncated or incomplete.
#
#  Out of Memory Error (./open/src/hotspot/share/memory/arena.cpp:197), pid=9876, tid=18792
#
# JRE version: Java(TM) SE Runtime Environment 18.9 (11.0.15+8) (build 11.0.15+8-LTS-149)
# Java VM: Java HotSpot(TM) 64-Bit Server VM 18.9 (11.0.15+8-LTS-149, mixed mode, tiered, compressed oops, g1 gc, windows-amd64)
# No core dump will be written. Minidumps are not enabled by default on client versions of Windows
#

---------------  S U M M A R Y ------------

Command Line: -XX:MaxMetaspaceSize=512m --add-opens=java.base/java.util=ALL-UNNAMED --add-opens=java.base/java.lang=ALL-UNNAMED --add-opens=java.base/java.lang.invoke=ALL-UNNAMED --add-opens=java.base/java.util=ALL-UNNAMED --add-opens=java.prefs/java.util.prefs=ALL-UNNAMED --add-opens=java.prefs/java.util.prefs=ALL-UNNAMED --add-opens=java.base/java.nio.charset=ALL-UNNAMED --add-opens=java.base/java.net=ALL-UNNAMED --add-opens=java.base/java.util.concurrent.atomic=ALL-UNNAMED -Xmx2048m -Dfile.encoding=windows-1252 -Duser.country=IN -Duser.language=en -Duser.variant org.gradle.launcher.daemon.bootstrap.GradleDaemon 7.3.3

Host: Intel(R) Core(TM) i3-6098P CPU @ 3.60GHz, 4 cores, 7G,  Windows 10 , 64 bit Build 19041 (10.0.19041.1889)
Time: Thu Aug 25 17:36:09 2022 India Standard Time elapsed time: 60.287083 seconds (0d 0h 1m 0s)

---------------  T H R E A D  ---------------

Current thread (0x0000029ffb8a7000):  JavaThread "C2 CompilerThread0" daemon [_thread_in_native, id=18792, stack(0x000000bdc9f00000,0x000000bdca000000)]


Current CompileTask:
C2:  60287 15413       4       org.gradle.internal.Try$Success::ifSuccessfulOrElse (11 bytes)

Stack: [0x000000bdc9f00000,0x000000bdca000000]
Native frames: (J=compiled Java code, j=interpreted, Vv=VM code, C=native code)
V  [jvm.dll+0x629d8a]
V  [jvm.dll+0x7638ff]
V  [jvm.dll+0x764fa9]
V  [jvm.dll+0x765633]
V  [jvm.dll+0x23d9c8]
V  [jvm.dll+0xb2a1c]
V  [jvm.dll+0xb2fdc]
V  [jvm.dll+0x2ae744]
V  [jvm.dll+0x53d4c6]
V  [jvm.dll+0x1f9f75]
V  [jvm.dll+0x1f762d]
V  [jvm.dll+0x177c51]
V  [jvm.dll+0x207026]
V  [jvm.dll+0x2051bb]
V  [jvm.dll+0x729820]
V  [jvm.dll+0x7223f4]
V  [jvm.dll+0x628c26]
C  [ucrtbase.dll+0x21bb2]
C  [KERNEL32.DLL+0x17034]
C  [ntdll.dll+0x52651]


---------------  P R O C E S S  ---------------

Threads class SMR info:
_java_thread_list=0x0000029ffda22cb0, length=97, elements={
0x0000029fdd7bc800, 0x0000029ffaf2f800, 0x0000029ffaf3a800, 0x0000029ffaf4d000,
0x0000029ffb8a2800, 0x0000029ffb8a3000, 0x0000029ffb8a7000, 0x0000029ffaf9b000,
0x0000029ffb8ab800, 0x0000029ffba07000, 0x0000029ffdeda800, 0x0000029ffdc9a000,
0x0000029ffd432800, 0x0000029ffcd4d800, 0x0000029ffd6da000, 0x0000029ffe45d800,
0x0000029ffe1da800, 0x0000029ffd3e5800, 0x0000029ffde78000, 0x0000029ffd6c9000,
0x0000029ffd6c7000, 0x0000029ffd6ca000, 0x0000029ffd6c4800, 0x0000029ffd6cb000,
0x0000029ffd6c5000, 0x0000029ffd6c6000, 0x0000029ffd6c7800, 0x0000029ffd6c8800,
0x0000029fff47c000, 0x0000029fff479800, 0x0000029fff476800, 0x0000029fff47d000,
0x0000029fff477000, 0x0000029fff47e800, 0x0000029fff478800, 0x0000029fff485000,
0x0000029fff481000, 0x0000029fff483800, 0x0000029fff484000, 0x0000029fff47f800,
0x0000029fff480000, 0x0000029fff481800, 0x0000029fff482800, 0x0000029fff4c5800,
0x0000029fff4c3000, 0x0000029fff4c0000, 0x0000029fff4c4000, 0x0000029fff4c2800,
0x0000029fff4c5000, 0x0000029fff4c0800, 0x0000029fff4c6800, 0x0000029fff4c1800,
0x0000029ffc65a800, 0x0000029ffc65e000, 0x0000029ffc65e800, 0x0000029ffc65a000,
0x0000029ffc65f800, 0x0000029ffc660800, 0x0000029ffc661000, 0x0000029ffc65b800,
0x0000029ffc662000, 0x0000029ffc65d000, 0x0000029ffc65c800, 0x0000029ffc664800,
0x0000029ffc663000, 0x0000029ffc665800, 0x0000029ffc667000, 0x0000029ffc666000,
0x0000029ffc663800, 0x0000029ffc667800, 0x0000029ffc668800, 0x0000029ffc988000,
0x0000029ffc986800, 0x0000029ffc986000, 0x0000029ffc98a800, 0x0000029ffc985000,
0x0000029ffc98f800, 0x0000029ffc98e000, 0x0000029ffc98b800, 0x0000029ffc990800,
0x0000029ffc98f000, 0x0000029ffc991000, 0x0000029ffc98d000, 0x0000029ffc98c800,
0x0000029ffc98a000, 0x0000029ffc987800, 0x0000029ffc993800, 0x0000029ffc992000,
0x0000029ffc993000, 0x0000029f8316d000, 0x0000029f83173000, 0x0000029f83174000,
0x0000029f8316e000, 0x0000029f83172000, 0x0000029f83170800, 0x0000029f8316f000,
0x0000029fff060800
}

Java Threads: ( => current thread )
  0x0000029fdd7bc800 JavaThread "main" [_thread_blocked, id=12000, stack(0x000000bdc9300000,0x000000bdc9400000)]
  0x0000029ffaf2f800 JavaThread "Reference Handler" daemon [_thread_blocked, id=19532, stack(0x000000bdc9a00000,0x000000bdc9b00000)]
  0x0000029ffaf3a800 JavaThread "Finalizer" daemon [_thread_blocked, id=9984, stack(0x000000bdc9b00000,0x000000bdc9c00000)]
  0x0000029ffaf4d000 JavaThread "Signal Dispatcher" daemon [_thread_blocked, id=16440, stack(0x000000bdc9c00000,0x000000bdc9d00000)]
  0x0000029ffb8a2800 JavaThread "Attach Listener" daemon [_thread_blocked, id=9412, stack(0x000000bdc9d00000,0x000000bdc9e00000)]
  0x0000029ffb8a3000 JavaThread "Service Thread" daemon [_thread_blocked, id=776, stack(0x000000bdc9e00000,0x000000bdc9f00000)]
=>0x0000029ffb8a7000 JavaThread "C2 CompilerThread0" daemon [_thread_in_native, id=18792, stack(0x000000bdc9f00000,0x000000bdca000000)]
  0x0000029ffaf9b000 JavaThread "C1 CompilerThread0" daemon [_thread_blocked, id=11352, stack(0x000000bdca000000,0x000000bdca100000)]
  0x0000029ffb8ab800 JavaThread "Sweeper thread" daemon [_thread_blocked, id=20672, stack(0x000000bdca100000,0x000000bdca200000)]
  0x0000029ffba07000 JavaThread "Common-Cleaner" daemon [_thread_blocked, id=16212, stack(0x000000bdca200000,0x000000bdca300000)]
  0x0000029ffdeda800 JavaThread "Daemon health stats" [_thread_blocked, id=17968, stack(0x000000bdca700000,0x000000bdca800000)]
  0x0000029ffdc9a000 JavaThread "Incoming local TCP Connector on port 55535" [_thread_in_native, id=17060, stack(0x000000bdca400000,0x000000bdca500000)]
  0x0000029ffd432800 JavaThread "Daemon periodic checks" [_thread_blocked, id=5696, stack(0x000000bdca900000,0x000000bdcaa00000)]
  0x0000029ffcd4d800 JavaThread "Daemon" [_thread_blocked, id=5548, stack(0x000000bdcaa00000,0x000000bdcab00000)]
  0x0000029ffd6da000 JavaThread "Handler for socket connection from /127.0.0.1:55535 to /127.0.0.1:55536" [_thread_in_native, id=15752, stack(0x000000bdcab00000,0x000000bdcac00000)]
  0x0000029ffe45d800 JavaThread "Cancel handler" [_thread_blocked, id=10908, stack(0x000000bdcac00000,0x000000bdcad00000)]
  0x0000029ffe1da800 JavaThread "Daemon worker" [_thread_blocked, id=13368, stack(0x000000bdcad00000,0x000000bdcae00000)]
  0x0000029ffd3e5800 JavaThread "Asynchronous log dispatcher for DefaultDaemonConnection: socket connection from /127.0.0.1:55535 to /127.0.0.1:55536" [_thread_blocked, id=3412, stack(0x000000bdcae00000,0x000000bdcaf00000)]
  0x0000029ffde78000 JavaThread "Stdin handler" [_thread_blocked, id=14124, stack(0x000000bdcaf00000,0x000000bdcb000000)]
  0x0000029ffd6c9000 JavaThread "Daemon client event forwarder" [_thread_blocked, id=7368, stack(0x000000bdcb000000,0x000000bdcb100000)]
  0x0000029ffd6c7000 JavaThread "Cache worker for journal cache (C:\Users\Appdev_Design\.gradle\caches\journal-1)" [_thread_blocked, id=8560, stack(0x000000bdcb100000,0x000000bdcb200000)]
  0x0000029ffd6ca000 JavaThread "File lock request listener" [_thread_in_native, id=14392, stack(0x000000bdcb200000,0x000000bdcb300000)]
  0x0000029ffd6c4800 JavaThread "Cache worker for file hash cache (C:\Users\Appdev_Design\.gradle\caches\7.3.3\fileHashes)" [_thread_blocked, id=3112, stack(0x000000bdcb300000,0x000000bdcb400000)]
  0x0000029ffd6cb000 JavaThread "Cache worker for file hash cache (C:\Users\Appdev_Design\Desktop\example\android\.gradle\7.3.3\fileHashes)" [_thread_blocked, id=6980, stack(0x000000bdca800000,0x000000bdca900000)]
  0x0000029ffd6c5000 JavaThread "File watcher server" daemon [_thread_in_native, id=18560, stack(0x000000bdcb600000,0x000000bdcb700000)]
  0x0000029ffd6c6000 JavaThread "File watcher consumer" daemon [_thread_blocked, id=20324, stack(0x000000bdcb700000,0x000000bdcb800000)]
  0x0000029ffd6c7800 JavaThread "Cache worker for checksums cache (C:\Users\Appdev_Design\Desktop\example\android\.gradle\7.3.3\checksums)" [_thread_blocked, id=16572, stack(0x000000bdcb500000,0x000000bdcb600000)]
  0x0000029ffd6c8800 JavaThread "Cache worker for cache directory md-supplier (C:\Users\Appdev_Design\.gradle\caches\7.3.3\md-supplier)" [_thread_blocked, id=21096, stack(0x000000bdcb800000,0x000000bdcb900000)]
  0x0000029fff47c000 JavaThread "Cache worker for cache directory md-rule (C:\Users\Appdev_Design\.gradle\caches\7.3.3\md-rule)" [_thread_blocked, id=14952, stack(0x000000bdcba00000,0x000000bdcbb00000)]
  0x0000029fff479800 JavaThread "Cache worker for execution history cache (C:\Users\Appdev_Design\.gradle\caches\7.3.3\executionHistory)" [_thread_blocked, id=17048, stack(0x000000bdcbb00000,0x000000bdcbc00000)]
  0x0000029fff476800 JavaThread "jar transforms" [_thread_blocked, id=2680, stack(0x000000bdcbc00000,0x000000bdcbd00000)]
  0x0000029fff47d000 JavaThread "jar transforms Thread 2" [_thread_blocked, id=18852, stack(0x000000bdcbd00000,0x000000bdcbe00000)]
  0x0000029fff477000 JavaThread "Cache worker for file content cache (C:\Users\Appdev_Design\.gradle\caches\7.3.3\fileContent)" [_thread_blocked, id=20496, stack(0x000000bdcbe00000,0x000000bdcbf00000)]
  0x0000029fff47e800 JavaThread "jar transforms Thread 3" [_thread_blocked, id=8748, stack(0x000000bdcbf00000,0x000000bdcc000000)]
  0x0000029fff478800 JavaThread "jar transforms Thread 4" [_thread_blocked, id=7228, stack(0x000000bdcc000000,0x000000bdcc100000)]
  0x0000029fff485000 JavaThread "Cache worker for kotlin-dsl (C:\Users\Appdev_Design\.gradle\caches\7.3.3\kotlin-dsl)" [_thread_blocked, id=16780, stack(0x000000bdcc100000,0x000000bdcc200000)]
  0x0000029fff481000 JavaThread "Cache worker for dependencies-accessors (C:\Users\Appdev_Design\Desktop\example\android\.gradle\7.3.3\dependencies-accessors)" [_thread_blocked, id=16580, stack(0x000000bdcc200000,0x000000bdcc300000)]
  0x0000029fff483800 JavaThread "Cache worker for Build Output Cleanup Cache (C:\Users\Appdev_Design\Desktop\example\node_modules\react-native-gradle-plugin\.gradle\buildOutputCleanup)" [_thread_blocked, id=20060, stack(0x000000bdcc300000,0x000000bdcc400000)]
  0x0000029fff484000 JavaThread "Unconstrained build operations" [_thread_blocked, id=14836, stack(0x000000bdcb900000,0x000000bdcba00000)]
  0x0000029fff47f800 JavaThread "Unconstrained build operations Thread 2" [_thread_blocked, id=9804, stack(0x000000bdcc400000,0x000000bdcc500000)]
  0x0000029fff480000 JavaThread "Unconstrained build operations Thread 3" [_thread_blocked, id=20684, stack(0x000000bdcc500000,0x000000bdcc600000)]
  0x0000029fff481800 JavaThread "Unconstrained build operations Thread 4" [_thread_in_native, id=13032, stack(0x000000bdcc600000,0x000000bdcc700000)]
  0x0000029fff482800 JavaThread "Unconstrained build operations Thread 5" [_thread_blocked, id=7464, stack(0x000000bdcc700000,0x000000bdcc800000)]
  0x0000029fff4c5800 JavaThread "Unconstrained build operations Thread 6" [_thread_blocked, id=10656, stack(0x000000bdcc800000,0x000000bdcc900000)]
  0x0000029fff4c3000 JavaThread "Unconstrained build operations Thread 7" [_thread_blocked, id=5232, stack(0x000000bdcc900000,0x000000bdcca00000)]
  0x0000029fff4c0000 JavaThread "Unconstrained build operations Thread 8" [_thread_blocked, id=19248, stack(0x000000bdcca00000,0x000000bdccb00000)]
  0x0000029fff4c4000 JavaThread "Unconstrained build operations Thread 9" [_thread_blocked, id=19168, stack(0x000000bdccb00000,0x000000bdccc00000)]
  0x0000029fff4c2800 JavaThread "Unconstrained build operations Thread 10" [_thread_blocked, id=18964, stack(0x000000bdccc00000,0x000000bdccd00000)]
  0x0000029fff4c5000 JavaThread "Unconstrained build operations Thread 11" [_thread_blocked, id=12972, stack(0x000000bdccd00000,0x000000bdcce00000)]
  0x0000029fff4c0800 JavaThread "Unconstrained build operations Thread 12" [_thread_blocked, id=8612, stack(0x000000bdcce00000,0x000000bdccf00000)]
  0x0000029fff4c6800 JavaThread "Unconstrained build operations Thread 13" [_thread_blocked, id=3136, stack(0x000000bdccf00000,0x000000bdcd000000)]
  0x0000029fff4c1800 JavaThread "Unconstrained build operations Thread 14" [_thread_blocked, id=8980, stack(0x000000bdcd000000,0x000000bdcd100000)]
  0x0000029ffc65a800 JavaThread "Unconstrained build operations Thread 15" [_thread_blocked, id=3224, stack(0x000000bdcd100000,0x000000bdcd200000)]
  0x0000029ffc65e000 JavaThread "Unconstrained build operations Thread 16" [_thread_blocked, id=19908, stack(0x000000bdcd200000,0x000000bdcd300000)]
  0x0000029ffc65e800 JavaThread "Unconstrained build operations Thread 17" [_thread_blocked, id=6864, stack(0x000000bdcd300000,0x000000bdcd400000)]
  0x0000029ffc65a000 JavaThread "Unconstrained build operations Thread 18" [_thread_blocked, id=2428, stack(0x000000bdcd400000,0x000000bdcd500000)]
  0x0000029ffc65f800 JavaThread "Unconstrained build operations Thread 19" [_thread_blocked, id=2184, stack(0x000000bdcd500000,0x000000bdcd600000)]
  0x0000029ffc660800 JavaThread "Unconstrained build operations Thread 20" [_thread_blocked, id=17708, stack(0x000000bdcd600000,0x000000bdcd700000)]
  0x0000029ffc661000 JavaThread "Unconstrained build operations Thread 21" [_thread_blocked, id=7972, stack(0x000000bdcd700000,0x000000bdcd800000)]
  0x0000029ffc65b800 JavaThread "Unconstrained build operations Thread 22" [_thread_blocked, id=16936, stack(0x000000bdcd800000,0x000000bdcd900000)]
  0x0000029ffc662000 JavaThread "Unconstrained build operations Thread 23" [_thread_blocked, id=16620, stack(0x000000bdcd900000,0x000000bdcda00000)]
  0x0000029ffc65d000 JavaThread "Unconstrained build operations Thread 24" [_thread_blocked, id=10188, stack(0x000000bdcda00000,0x000000bdcdb00000)]
  0x0000029ffc65c800 JavaThread "Unconstrained build operations Thread 25" [_thread_blocked, id=14172, stack(0x000000bdcdb00000,0x000000bdcdc00000)]
  0x0000029ffc664800 JavaThread "Unconstrained build operations Thread 26" [_thread_blocked, id=15656, stack(0x000000bdcdc00000,0x000000bdcdd00000)]
  0x0000029ffc663000 JavaThread "Unconstrained build operations Thread 27" [_thread_blocked, id=10084, stack(0x000000bdcdd00000,0x000000bdcde00000)]
  0x0000029ffc665800 JavaThread "Unconstrained build operations Thread 28" [_thread_blocked, id=6924, stack(0x000000bdcde00000,0x000000bdcdf00000)]
  0x0000029ffc667000 JavaThread "Unconstrained build operations Thread 29" [_thread_blocked, id=21208, stack(0x000000bdcdf00000,0x000000bdce000000)]
  0x0000029ffc666000 JavaThread "Unconstrained build operations Thread 30" [_thread_blocked, id=9016, stack(0x000000bdce000000,0x000000bdce100000)]
  0x0000029ffc663800 JavaThread "Unconstrained build operations Thread 31" [_thread_blocked, id=13056, stack(0x000000bdce100000,0x000000bdce200000)]
  0x0000029ffc667800 JavaThread "Unconstrained build operations Thread 32" [_thread_blocked, id=1888, stack(0x000000bdce200000,0x000000bdce300000)]
  0x0000029ffc668800 JavaThread "Unconstrained build operations Thread 33" [_thread_blocked, id=18648, stack(0x000000bdce300000,0x000000bdce400000)]
  0x0000029ffc988000 JavaThread "build event listener" [_thread_blocked, id=3052, stack(0x000000bdce400000,0x000000bdce500000)]
  0x0000029ffc986800 JavaThread "Memory manager" [_thread_blocked, id=12516, stack(0x000000bdce500000,0x000000bdce600000)]
  0x0000029ffc986000 JavaThread "Cache worker for Build Output Cleanup Cache (C:\Users\Appdev_Design\Desktop\example\android\.gradle\buildOutputCleanup)" [_thread_blocked, id=15188, stack(0x000000bdce700000,0x000000bdce800000)]
  0x0000029ffc98a800 JavaThread "included builds" [_thread_blocked, id=16208, stack(0x000000bdce800000,0x000000bdce900000)]
  0x0000029ffc985000 JavaThread "Cache worker for execution history cache (C:\Users\Appdev_Design\Desktop\example\node_modules\react-native-gradle-plugin\.gradle\7.3.3\executionHistory)" [_thread_blocked, id=20792, stack(0x000000bdcec00000,0x000000bdced00000)]
  0x0000029ffc98f800 JavaThread "Unconstrained build operations Thread 34" [_thread_in_native, id=14804, stack(0x000000bdced00000,0x000000bdcee00000)]
  0x0000029ffc98e000 JavaThread "Unconstrained build operations Thread 35" [_thread_blocked, id=17828, stack(0x000000bdcee00000,0x000000bdcef00000)]
  0x0000029ffc98b800 JavaThread "Unconstrained build operations Thread 36" [_thread_blocked, id=17744, stack(0x000000bdcef00000,0x000000bdcf000000)]
  0x0000029ffc990800 JavaThread "Unconstrained build operations Thread 37" [_thread_blocked, id=14788, stack(0x000000bdcf000000,0x000000bdcf100000)]
  0x0000029ffc98f000 JavaThread "Unconstrained build operations Thread 38" [_thread_blocked, id=8664, stack(0x000000bdcf100000,0x000000bdcf200000)]
  0x0000029ffc991000 JavaThread "Unconstrained build operations Thread 39" [_thread_blocked, id=13404, stack(0x000000bdcf200000,0x000000bdcf300000)]
  0x0000029ffc98d000 JavaThread "Unconstrained build operations Thread 40" [_thread_blocked, id=4500, stack(0x000000bdcf300000,0x000000bdcf400000)]
  0x0000029ffc98c800 JavaThread "build event listener" [_thread_blocked, id=14924, stack(0x000000bdceb00000,0x000000bdcec00000)]
  0x0000029ffc98a000 JavaThread "pool-3-thread-1" [_thread_blocked, id=19116, stack(0x000000bdcf400000,0x000000bdcf500000)]
  0x0000029ffc987800 JavaThread "build event listener" [_thread_blocked, id=10192, stack(0x000000bdcf500000,0x000000bdcf600000)]
  0x0000029ffc993800 JavaThread "Execution worker for ':'" [_thread_blocked, id=2708, stack(0x000000bdcf600000,0x000000bdcf700000)]
  0x0000029ffc992000 JavaThread "Execution worker for ':' Thread 2" [_thread_blocked, id=20044, stack(0x000000bdcf700000,0x000000bdcf800000)]
  0x0000029ffc993000 JavaThread "Execution worker for ':' Thread 3" [_thread_blocked, id=18060, stack(0x000000bdcf800000,0x000000bdcf900000)]
  0x0000029f8316d000 JavaThread "Cache worker for execution history cache (C:\Users\Appdev_Design\Desktop\example\android\.gradle\7.3.3\executionHistory)" [_thread_blocked, id=20428, stack(0x000000bdcf900000,0x000000bdcfa00000)]
  0x0000029f83173000 JavaThread "WorkerExecutor Queue" [_thread_blocked, id=2904, stack(0x000000bdcea00000,0x000000bdceb00000)]
  0x0000029f83174000 JavaThread "pool-4-thread-1" [_thread_blocked, id=16528, stack(0x000000bdcfa00000,0x000000bdcfb00000)]
  0x0000029f8316e000 JavaThread "stderr" [_thread_in_native, id=4168, stack(0x000000bdcfb00000,0x000000bdcfc00000)]
  0x0000029f83172000 JavaThread "stdout" [_thread_in_native, id=9584, stack(0x000000bdcfc00000,0x000000bdcfd00000)]
  0x0000029f83170800 JavaThread "WorkerExecutor Queue Thread 2" [_thread_in_native, id=14136, stack(0x000000bdcfd00000,0x000000bdcfe00000)]
  0x0000029f8316f000 JavaThread "Thread-84" [_thread_in_native, id=14100, stack(0x000000bdc9000000,0x000000bdc9100000)]
  0x0000029fff060800 JavaThread "C2 CompilerThread1" daemon [_thread_in_native, id=11188, stack(0x000000bdc9100000,0x000000bdc9200000)]

Other Threads:
  0x0000029ffaf2c000 VMThread "VM Thread" [stack: 0x000000bdc9900000,0x000000bdc9a00000] [id=1724]
  0x0000029ffba48800 WatcherThread [stack: 0x000000bdca300000,0x000000bdca400000] [id=19944]
  0x0000029fdd7d4000 GCTaskThread "GC Thread#0" [stack: 0x000000bdc9400000,0x000000bdc9500000] [id=19104]
  0x0000029ffc338800 GCTaskThread "GC Thread#1" [stack: 0x000000bdca500000,0x000000bdca600000] [id=19340]
  0x0000029ffc339000 GCTaskThread "GC Thread#2" [stack: 0x000000bdca600000,0x000000bdca700000] [id=20600]
  0x0000029ffd77d000 GCTaskThread "GC Thread#3" [stack: 0x000000bdcb400000,0x000000bdcb500000] [id=9776]
  0x0000029fdd806800 ConcurrentGCThread "G1 Main Marker" [stack: 0x000000bdc9500000,0x000000bdc9600000] [id=12980]
  0x0000029fdd808800 ConcurrentGCThread "G1 Conc#0" [stack: 0x000000bdc9600000,0x000000bdc9700000] [id=5044]
  0x0000029fdd898800 ConcurrentGCThread "G1 Refine#0" [stack: 0x000000bdc9700000,0x000000bdc9800000] [id=13996]
  0x0000029fdd899800 ConcurrentGCThread "G1 Young RemSet Sampling" [stack: 0x000000bdc9800000,0x000000bdc9900000] [id=7936]

Threads with active compile tasks:
C2 CompilerThread0  60371 15413       4       org.gradle.internal.Try$Success::ifSuccessfulOrElse (11 bytes)
C2 CompilerThread1  60371 15414       4       org.gradle.api.internal.artifacts.transform.TransformingAsyncArtifactListener$TransformedArtifact::visit (24 bytes)

VM state:not at safepoint (normal execution)

VM Mutex/Monitor currently owned by a thread: None

Heap address: 0x0000000080000000, size: 2048 MB, Compressed Oops mode: 32-bit
Narrow klass base: 0x0000000000000000, Narrow klass shift: 3
Compressed class space size: 528482304 Address: 0x0000000100000000

Heap:
 garbage-first heap   total 238592K, used 168566K [0x0000000080000000, 0x0000000100000000)
  region size 1024K, 26 young (26624K), 3 survivors (3072K)
 Metaspace       used 111084K, capacity 114532K, committed 114760K, reserved 616448K
  class space    used 14383K, capacity 15753K, committed 15820K, reserved 516096K
Heap Regions: E=young(eden), S=young(survivor), O=old, HS=humongous(starts), HC=humongous(continues), CS=collection set, F=free, A=archive, TAMS=top-at-mark-start (previous, next)
|   0|0x0000000080000000, 0x0000000080100000, 0x0000000080100000|100%|HS|  |TAMS 0x0000000080100000, 0x0000000080000000| Complete 
|   1|0x0000000080100000, 0x0000000080200000, 0x0000000080200000|100%|HC|  |TAMS 0x0000000080200000, 0x0000000080100000| Complete 
|   2|0x0000000080200000, 0x0000000080300000, 0x0000000080300000|100%|HC|  |TAMS 0x0000000080300000, 0x0000000080200000| Complete 
|   3|0x0000000080300000, 0x0000000080400000, 0x0000000080400000|100%| O|  |TAMS 0x0000000080400000, 0x0000000080300000| Untracked 
|   4|0x0000000080400000, 0x0000000080500000, 0x0000000080500000|100%| O|  |TAMS 0x0000000080500000, 0x0000000080400000| Untracked 
|   5|0x0000000080500000, 0x0000000080600000, 0x0000000080600000|100%| O|  |TAMS 0x0000000080600000, 0x0000000080500000| Untracked 
|   6|0x0000000080600000, 0x0000000080700000, 0x0000000080700000|100%| O|  |TAMS 0x0000000080700000, 0x0000000080600000| Untracked 
|   7|0x0000000080700000, 0x0000000080800000, 0x0000000080800000|100%| O|  |TAMS 0x0000000080800000, 0x0000000080700000| Untracked 
|   8|0x0000000080800000, 0x0000000080900000, 0x0000000080900000|100%| O|  |TAMS 0x0000000080900000, 0x0000000080800000| Untracked 
|   9|0x0000000080900000, 0x0000000080a00000, 0x0000000080a00000|100%| O|  |TAMS 0x0000000080a00000, 0x0000000080900000| Untracked 
|  10|0x0000000080a00000, 0x0000000080b00000, 0x0000000080b00000|100%| O|  |TAMS 0x0000000080b00000, 0x0000000080a00000| Untracked 
|  11|0x0000000080b00000, 0x0000000080c00000, 0x0000000080c00000|100%| O|  |TAMS 0x0000000080c00000, 0x0000000080b00000| Untracked 
|  12|0x0000000080c00000, 0x0000000080d00000, 0x0000000080d00000|100%| O|  |TAMS 0x0000000080d00000, 0x0000000080c00000| Untracked 
|  13|0x0000000080d00000, 0x0000000080e00000, 0x0000000080e00000|100%| O|  |TAMS 0x0000000080e00000, 0x0000000080d00000| Untracked 
|  14|0x0000000080e00000, 0x0000000080f00000, 0x0000000080f00000|100%| O|  |TAMS 0x0000000080f00000, 0x0000000080e00000| Untracked 
|  15|0x0000000080f00000, 0x0000000081000000, 0x0000000081000000|100%| O|  |TAMS 0x0000000081000000, 0x0000000080f00000| Untracked 
|  16|0x0000000081000000, 0x0000000081100000, 0x0000000081100000|100%| O|  |TAMS 0x0000000081100000, 0x0000000081000000| Untracked 
|  17|0x0000000081100000, 0x0000000081200000, 0x0000000081200000|100%|HS|  |TAMS 0x0000000081200000, 0x0000000081100000| Complete 
|  18|0x0000000081200000, 0x0000000081300000, 0x0000000081300000|100%| O|  |TAMS 0x0000000081300000, 0x0000000081200000| Untracked 
|  19|0x0000000081300000, 0x0000000081400000, 0x0000000081400000|100%| O|  |TAMS 0x0000000081400000, 0x0000000081300000| Untracked 
|  20|0x0000000081400000, 0x0000000081500000, 0x0000000081500000|100%| O|  |TAMS 0x0000000081500000, 0x0000000081400000| Untracked 
|  21|0x0000000081500000, 0x0000000081600000, 0x0000000081600000|100%| O|  |TAMS 0x0000000081600000, 0x0000000081500000| Untracked 
|  22|0x0000000081600000, 0x0000000081700000, 0x0000000081700000|100%| O|  |TAMS 0x0000000081700000, 0x0000000081600000| Untracked 
|  23|0x0000000081700000, 0x0000000081800000, 0x0000000081800000|100%| O|  |TAMS 0x0000000081800000, 0x0000000081700000| Untracked 
|  24|0x0000000081800000, 0x0000000081900000, 0x0000000081900000|100%| O|  |TAMS 0x0000000081900000, 0x0000000081800000| Untracked 
|  25|0x0000000081900000, 0x0000000081a00000, 0x0000000081a00000|100%| O|  |TAMS 0x0000000081a00000, 0x0000000081900000| Untracked 
|  26|0x0000000081a00000, 0x0000000081b00000, 0x0000000081b00000|100%| O|  |TAMS 0x0000000081b00000, 0x0000000081a00000| Untracked 
|  27|0x0000000081b00000, 0x0000000081c00000, 0x0000000081c00000|100%| O|  |TAMS 0x0000000081c00000, 0x0000000081b00000| Untracked 
|  28|0x0000000081c00000, 0x0000000081d00000, 0x0000000081d00000|100%| O|  |TAMS 0x0000000081d00000, 0x0000000081c00000| Untracked 
|  29|0x0000000081d00000, 0x0000000081e00000, 0x0000000081e00000|100%|HS|  |TAMS 0x0000000081e00000, 0x0000000081d00000| Complete 
|  30|0x0000000081e00000, 0x0000000081f00000, 0x0000000081f00000|100%|HC|  |TAMS 0x0000000081f00000, 0x0000000081e00000| Complete 
|  31|0x0000000081f00000, 0x0000000082000000, 0x0000000082000000|100%|HC|  |TAMS 0x0000000082000000, 0x0000000081f00000| Complete 
|  32|0x0000000082000000, 0x0000000082100000, 0x0000000082100000|100%| O|  |TAMS 0x0000000082100000, 0x0000000082000000| Untracked 
|  33|0x0000000082100000, 0x0000000082200000, 0x0000000082200000|100%| O|  |TAMS 0x0000000082200000, 0x0000000082100000| Untracked 
|  34|0x0000000082200000, 0x0000000082300000, 0x0000000082300000|100%| O|  |TAMS 0x0000000082300000, 0x0000000082200000| Untracked 
|  35|0x0000000082300000, 0x0000000082400000, 0x0000000082400000|100%| O|  |TAMS 0x0000000082400000, 0x0000000082300000| Untracked 
|  36|0x0000000082400000, 0x0000000082500000, 0x0000000082500000|100%| O|  |TAMS 0x0000000082500000, 0x0000000082400000| Untracked 
|  37|0x0000000082500000, 0x0000000082600000, 0x0000000082600000|100%| O|  |TAMS 0x0000000082600000, 0x0000000082500000| Untracked 
|  38|0x0000000082600000, 0x0000000082700000, 0x0000000082700000|100%| O|  |TAMS 0x0000000082700000, 0x0000000082600000| Untracked 
|  39|0x0000000082700000, 0x0000000082800000, 0x0000000082800000|100%| O|  |TAMS 0x0000000082800000, 0x0000000082700000| Untracked 
|  40|0x0000000082800000, 0x0000000082900000, 0x0000000082900000|100%| O|  |TAMS 0x0000000082900000, 0x0000000082800000| Untracked 
|  41|0x0000000082900000, 0x0000000082a00000, 0x0000000082a00000|100%| O|  |TAMS 0x0000000082a00000, 0x0000000082900000| Untracked 
|  42|0x0000000082a00000, 0x0000000082b00000, 0x0000000082b00000|100%|HS|  |TAMS 0x0000000082b00000, 0x0000000082a00000| Complete 
|  43|0x0000000082b00000, 0x0000000082c00000, 0x0000000082c00000|100%|HS|  |TAMS 0x0000000082c00000, 0x0000000082b00000| Complete 
|  44|0x0000000082c00000, 0x0000000082d00000, 0x0000000082d00000|100%|HS|  |TAMS 0x0000000082d00000, 0x0000000082c00000| Complete 
|  45|0x0000000082d00000, 0x0000000082e00000, 0x0000000082e00000|100%|HS|  |TAMS 0x0000000082e00000, 0x0000000082d00000| Complete 
|  46|0x0000000082e00000, 0x0000000082f00000, 0x0000000082f00000|100%|HC|  |TAMS 0x0000000082f00000, 0x0000000082e00000| Complete 
|  47|0x0000000082f00000, 0x0000000083000000, 0x0000000083000000|100%| O|  |TAMS 0x0000000083000000, 0x0000000082f00000| Untracked 
|  48|0x0000000083000000, 0x0000000083100000, 0x0000000083100000|100%| O|  |TAMS 0x0000000083100000, 0x0000000083000000| Untracked 
|  49|0x0000000083100000, 0x0000000083200000, 0x0000000083200000|100%| O|  |TAMS 0x0000000083200000, 0x0000000083100000| Untracked 
|  50|0x0000000083200000, 0x0000000083300000, 0x0000000083300000|100%| O|  |TAMS 0x0000000083300000, 0x0000000083200000| Untracked 
|  51|0x0000000083300000, 0x0000000083400000, 0x0000000083400000|100%| O|  |TAMS 0x0000000083400000, 0x0000000083300000| Untracked 
|  52|0x0000000083400000, 0x0000000083500000, 0x0000000083500000|100%| O|  |TAMS 0x0000000083500000, 0x0000000083400000| Untracked 
|  53|0x0000000083500000, 0x0000000083600000, 0x0000000083600000|100%| O|  |TAMS 0x0000000083600000, 0x0000000083500000| Untracked 
|  54|0x0000000083600000, 0x0000000083700000, 0x0000000083700000|100%| O|  |TAMS 0x0000000083700000, 0x0000000083600000| Untracked 
|  55|0x0000000083700000, 0x0000000083800000, 0x0000000083800000|100%| O|  |TAMS 0x0000000083800000, 0x0000000083700000| Untracked 
|  56|0x0000000083800000, 0x0000000083900000, 0x0000000083900000|100%| O|  |TAMS 0x0000000083900000, 0x0000000083800000| Untracked 
|  57|0x0000000083900000, 0x0000000083a00000, 0x0000000083a00000|100%| O|  |TAMS 0x0000000083a00000, 0x0000000083900000| Untracked 
|  58|0x0000000083a00000, 0x0000000083b00000, 0x0000000083b00000|100%| O|  |TAMS 0x0000000083b00000, 0x0000000083a00000| Untracked 
|  59|0x0000000083b00000, 0x0000000083c00000, 0x0000000083c00000|100%| O|  |TAMS 0x0000000083c00000, 0x0000000083b00000| Untracked 
|  60|0x0000000083c00000, 0x0000000083d00000, 0x0000000083d00000|100%| O|  |TAMS 0x0000000083d00000, 0x0000000083c00000| Untracked 
|  61|0x0000000083d00000, 0x0000000083e00000, 0x0000000083e00000|100%| O|  |TAMS 0x0000000083e00000, 0x0000000083d00000| Untracked 
|  62|0x0000000083e00000, 0x0000000083f00000, 0x0000000083f00000|100%| O|  |TAMS 0x0000000083f00000, 0x0000000083e00000| Untracked 
|  63|0x0000000083f00000, 0x0000000084000000, 0x0000000084000000|100%| O|  |TAMS 0x0000000084000000, 0x0000000083f00000| Untracked 
|  64|0x0000000084000000, 0x0000000084100000, 0x0000000084100000|100%| O|  |TAMS 0x0000000084100000, 0x0000000084000000| Untracked 
|  65|0x0000000084100000, 0x0000000084200000, 0x0000000084200000|100%| O|  |TAMS 0x0000000084200000, 0x0000000084100000| Untracked 
|  66|0x0000000084200000, 0x0000000084300000, 0x0000000084300000|100%| O|  |TAMS 0x0000000084300000, 0x0000000084200000| Untracked 
|  67|0x0000000084300000, 0x0000000084400000, 0x0000000084400000|100%| O|  |TAMS 0x0000000084400000, 0x0000000084300000| Untracked 
|  68|0x0000000084400000, 0x0000000084500000, 0x0000000084500000|100%| O|  |TAMS 0x0000000084500000, 0x0000000084400000| Untracked 
|  69|0x0000000084500000, 0x0000000084600000, 0x0000000084600000|100%| O|  |TAMS 0x0000000084600000, 0x0000000084500000| Untracked 
|  70|0x0000000084600000, 0x0000000084700000, 0x0000000084700000|100%| O|  |TAMS 0x0000000084700000, 0x0000000084600000| Untracked 
|  71|0x0000000084700000, 0x0000000084800000, 0x0000000084800000|100%| O|  |TAMS 0x0000000084800000, 0x0000000084700000| Untracked 
|  72|0x0000000084800000, 0x0000000084900000, 0x0000000084900000|100%| O|  |TAMS 0x0000000084900000, 0x0000000084800000| Untracked 
|  73|0x0000000084900000, 0x0000000084a00000, 0x0000000084a00000|100%| O|  |TAMS 0x0000000084a00000, 0x0000000084900000| Untracked 
|  74|0x0000000084a00000, 0x0000000084b00000, 0x0000000084b00000|100%| O|  |TAMS 0x0000000084b00000, 0x0000000084a00000| Untracked 
|  75|0x0000000084b00000, 0x0000000084c00000, 0x0000000084c00000|100%| O|  |TAMS 0x0000000084c00000, 0x0000000084b00000| Untracked 
|  76|0x0000000084c00000, 0x0000000084d00000, 0x0000000084d00000|100%| O|  |TAMS 0x0000000084d00000, 0x0000000084c00000| Untracked 
|  77|0x0000000084d00000, 0x0000000084e00000, 0x0000000084e00000|100%| O|  |TAMS 0x0000000084e00000, 0x0000000084d00000| Untracked 
|  78|0x0000000084e00000, 0x0000000084f00000, 0x0000000084f00000|100%| O|  |TAMS 0x0000000084f00000, 0x0000000084e00000| Untracked 
|  79|0x0000000084f00000, 0x0000000085000000, 0x0000000085000000|100%| O|  |TAMS 0x0000000085000000, 0x0000000084f00000| Untracked 
|  80|0x0000000085000000, 0x0000000085100000, 0x0000000085100000|100%| O|  |TAMS 0x0000000085100000, 0x0000000085000000| Untracked 
|  81|0x0000000085100000, 0x0000000085200000, 0x0000000085200000|100%| O|  |TAMS 0x0000000085200000, 0x0000000085100000| Untracked 
|  82|0x0000000085200000, 0x0000000085300000, 0x0000000085300000|100%| O|  |TAMS 0x0000000085300000, 0x0000000085200000| Untracked 
|  83|0x0000000085300000, 0x0000000085400000, 0x0000000085400000|100%| O|  |TAMS 0x0000000085400000, 0x0000000085300000| Untracked 
|  84|0x0000000085400000, 0x0000000085500000, 0x0000000085500000|100%| O|  |TAMS 0x0000000085500000, 0x0000000085400000| Untracked 
|  85|0x0000000085500000, 0x0000000085600000, 0x0000000085600000|100%| O|  |TAMS 0x0000000085600000, 0x0000000085500000| Untracked 
|  86|0x0000000085600000, 0x0000000085700000, 0x0000000085700000|100%| O|  |TAMS 0x0000000085700000, 0x0000000085600000| Untracked 
|  87|0x0000000085700000, 0x0000000085800000, 0x0000000085800000|100%| O|  |TAMS 0x0000000085800000, 0x0000000085700000| Untracked 
|  88|0x0000000085800000, 0x0000000085900000, 0x0000000085900000|100%|HS|  |TAMS 0x0000000085900000, 0x0000000085800000| Complete 
|  89|0x0000000085900000, 0x0000000085a00000, 0x0000000085a00000|100%|HS|  |TAMS 0x0000000085a00000, 0x0000000085900000| Complete 
|  90|0x0000000085a00000, 0x0000000085b00000, 0x0000000085b00000|100%|HS|  |TAMS 0x0000000085b00000, 0x0000000085a00000| Complete 
|  91|0x0000000085b00000, 0x0000000085c00000, 0x0000000085c00000|100%|HC|  |TAMS 0x0000000085c00000, 0x0000000085b00000| Complete 
|  92|0x0000000085c00000, 0x0000000085d00000, 0x0000000085d00000|100%|HC|  |TAMS 0x0000000085d00000, 0x0000000085c00000| Complete 
|  93|0x0000000085d00000, 0x0000000085e00000, 0x0000000085e00000|100%| O|  |TAMS 0x0000000085e00000, 0x0000000085d00000| Untracked 
|  94|0x0000000085e00000, 0x0000000085f00000, 0x0000000085f00000|100%| O|  |TAMS 0x0000000085f00000, 0x0000000085e00000| Untracked 
|  95|0x0000000085f00000, 0x0000000086000000, 0x0000000086000000|100%| O|  |TAMS 0x0000000086000000, 0x0000000085f00000| Untracked 
|  96|0x0000000086000000, 0x0000000086100000, 0x0000000086100000|100%| O|  |TAMS 0x0000000086100000, 0x0000000086000000| Untracked 
|  97|0x0000000086100000, 0x0000000086200000, 0x0000000086200000|100%| O|  |TAMS 0x0000000086200000, 0x0000000086100000| Untracked 
|  98|0x0000000086200000, 0x0000000086300000, 0x0000000086300000|100%| O|  |TAMS 0x0000000086300000, 0x0000000086200000| Untracked 
|  99|0x0000000086300000, 0x0000000086400000, 0x0000000086400000|100%| O|  |TAMS 0x0000000086400000, 0x0000000086300000| Untracked 
| 100|0x0000000086400000, 0x0000000086500000, 0x0000000086500000|100%| O|  |TAMS 0x0000000086500000, 0x0000000086400000| Untracked 
| 101|0x0000000086500000, 0x0000000086600000, 0x0000000086600000|100%| O|  |TAMS 0x0000000086600000, 0x0000000086500000| Untracked 
| 102|0x0000000086600000, 0x0000000086700000, 0x0000000086700000|100%| O|  |TAMS 0x0000000086700000, 0x0000000086600000| Untracked 
| 103|0x0000000086700000, 0x0000000086800000, 0x0000000086800000|100%| O|  |TAMS 0x0000000086800000, 0x0000000086700000| Untracked 
| 104|0x0000000086800000, 0x0000000086900000, 0x0000000086900000|100%| O|  |TAMS 0x0000000086900000, 0x0000000086800000| Untracked 
| 105|0x0000000086900000, 0x0000000086a00000, 0x0000000086a00000|100%| O|  |TAMS 0x0000000086a00000, 0x0000000086900000| Untracked 
| 106|0x0000000086a00000, 0x0000000086b00000, 0x0000000086b00000|100%| O|  |TAMS 0x0000000086b00000, 0x0000000086a00000| Untracked 
| 107|0x0000000086b00000, 0x0000000086c00000, 0x0000000086c00000|100%| O|  |TAMS 0x0000000086c00000, 0x0000000086b00000| Untracked 
| 108|0x0000000086c00000, 0x0000000086d00000, 0x0000000086d00000|100%| O|  |TAMS 0x0000000086d00000, 0x0000000086c00000| Untracked 
| 109|0x0000000086d00000, 0x0000000086e00000, 0x0000000086e00000|100%| O|  |TAMS 0x0000000086e00000, 0x0000000086d00000| Untracked 
| 110|0x0000000086e00000, 0x0000000086f00000, 0x0000000086f00000|100%| O|  |TAMS 0x0000000086f00000, 0x0000000086e00000| Untracked 
| 111|0x0000000086f00000, 0x0000000087000000, 0x0000000087000000|100%| O|  |TAMS 0x0000000087000000, 0x0000000086f00000| Untracked 
| 112|0x0000000087000000, 0x0000000087100000, 0x0000000087100000|100%| O|  |TAMS 0x0000000087100000, 0x0000000087000000| Untracked 
| 113|0x0000000087100000, 0x0000000087200000, 0x0000000087200000|100%| O|  |TAMS 0x0000000087200000, 0x0000000087100000| Untracked 
| 114|0x0000000087200000, 0x0000000087300000, 0x0000000087300000|100%| O|  |TAMS 0x0000000087300000, 0x0000000087200000| Untracked 
| 115|0x0000000087300000, 0x0000000087400000, 0x0000000087400000|100%| O|  |TAMS 0x0000000087400000, 0x0000000087300000| Untracked 
| 116|0x0000000087400000, 0x0000000087500000, 0x0000000087500000|100%| O|  |TAMS 0x0000000087500000, 0x0000000087400000| Untracked 
| 117|0x0000000087500000, 0x0000000087600000, 0x0000000087600000|100%| O|  |TAMS 0x0000000087600000, 0x0000000087500000| Untracked 
| 118|0x0000000087600000, 0x0000000087700000, 0x0000000087700000|100%| O|  |TAMS 0x0000000087700000, 0x0000000087600000| Untracked 
| 119|0x0000000087700000, 0x0000000087800000, 0x0000000087800000|100%| O|  |TAMS 0x0000000087800000, 0x0000000087700000| Untracked 
| 120|0x0000000087800000, 0x0000000087900000, 0x0000000087900000|100%| O|  |TAMS 0x0000000087900000, 0x0000000087800000| Untracked 
| 121|0x0000000087900000, 0x0000000087a00000, 0x0000000087a00000|100%| O|  |TAMS 0x0000000087a00000, 0x0000000087900000| Untracked 
| 122|0x0000000087a00000, 0x0000000087b00000, 0x0000000087b00000|100%| O|  |TAMS 0x0000000087b00000, 0x0000000087a00000| Untracked 
| 123|0x0000000087b00000, 0x0000000087c00000, 0x0000000087c00000|100%| O|  |TAMS 0x0000000087c00000, 0x0000000087b00000| Untracked 
| 124|0x0000000087c00000, 0x0000000087d00000, 0x0000000087d00000|100%| O|  |TAMS 0x0000000087d00000, 0x0000000087c00000| Untracked 
| 125|0x0000000087d00000, 0x0000000087e00000, 0x0000000087e00000|100%| O|  |TAMS 0x0000000087e00000, 0x0000000087d00000| Untracked 
| 126|0x0000000087e00000, 0x0000000087f00000, 0x0000000087f00000|100%| O|  |TAMS 0x0000000087f00000, 0x0000000087e00000| Untracked 
| 127|0x0000000087f00000, 0x0000000088000000, 0x0000000088000000|100%| O|  |TAMS 0x0000000088000000, 0x0000000087f00000| Untracked 
| 128|0x0000000088000000, 0x0000000088100000, 0x0000000088100000|100%| O|  |TAMS 0x0000000088100000, 0x0000000088000000| Untracked 
| 129|0x0000000088100000, 0x0000000088200000, 0x0000000088200000|100%| O|  |TAMS 0x0000000088200000, 0x0000000088100000| Untracked 
| 130|0x0000000088200000, 0x0000000088300000, 0x0000000088300000|100%| O|  |TAMS 0x0000000088300000, 0x0000000088200000| Untracked 
| 131|0x0000000088300000, 0x0000000088400000, 0x0000000088400000|100%| O|  |TAMS 0x0000000088400000, 0x0000000088300000| Untracked 
| 132|0x0000000088400000, 0x0000000088500000, 0x0000000088500000|100%| O|  |TAMS 0x0000000088500000, 0x0000000088400000| Untracked 
| 133|0x0000000088500000, 0x0000000088600000, 0x0000000088600000|100%| O|  |TAMS 0x0000000088600000, 0x0000000088500000| Untracked 
| 134|0x0000000088600000, 0x0000000088700000, 0x0000000088700000|100%| O|  |TAMS 0x0000000088700000, 0x0000000088600000| Untracked 
| 135|0x0000000088700000, 0x0000000088800000, 0x0000000088800000|100%| O|  |TAMS 0x0000000088800000, 0x0000000088700000| Untracked 
| 136|0x0000000088800000, 0x0000000088900000, 0x0000000088900000|100%| O|  |TAMS 0x0000000088824800, 0x0000000088800000| Untracked 
| 137|0x0000000088900000, 0x0000000088a00000, 0x0000000088a00000|100%| O|  |TAMS 0x0000000088900000, 0x0000000088900000| Untracked 
| 138|0x0000000088a00000, 0x0000000088b00000, 0x0000000088b00000|100%| O|  |TAMS 0x0000000088a00000, 0x0000000088a00000| Untracked 
| 139|0x0000000088b00000, 0x0000000088b29600, 0x0000000088c00000| 16%| O|  |TAMS 0x0000000088b00000, 0x0000000088b00000| Untracked 
| 140|0x0000000088c00000, 0x0000000088d00000, 0x0000000088d00000|100%|HS|  |TAMS 0x0000000088c00000, 0x0000000088c00000| Complete 
| 141|0x0000000088d00000, 0x0000000088e00000, 0x0000000088e00000|100%|HC|  |TAMS 0x0000000088d00000, 0x0000000088d00000| Complete 
| 142|0x0000000088e00000, 0x0000000088e00000, 0x0000000088f00000|  0%| F|  |TAMS 0x0000000088e00000, 0x0000000088e00000| Untracked 
| 143|0x0000000088f00000, 0x0000000088f00000, 0x0000000089000000|  0%| F|  |TAMS 0x0000000088f00000, 0x0000000088f00000| Untracked 
| 144|0x0000000089000000, 0x0000000089000000, 0x0000000089100000|  0%| F|  |TAMS 0x0000000089000000, 0x0000000089000000| Untracked 
| 145|0x0000000089100000, 0x0000000089100000, 0x0000000089200000|  0%| F|  |TAMS 0x0000000089100000, 0x0000000089100000| Untracked 
| 146|0x0000000089200000, 0x0000000089200000, 0x0000000089300000|  0%| F|  |TAMS 0x0000000089200000, 0x0000000089200000| Untracked 
| 147|0x0000000089300000, 0x0000000089300000, 0x0000000089400000|  0%| F|  |TAMS 0x0000000089300000, 0x0000000089300000| Untracked 
| 148|0x0000000089400000, 0x0000000089400000, 0x0000000089500000|  0%| F|  |TAMS 0x0000000089400000, 0x0000000089400000| Untracked 
| 149|0x0000000089500000, 0x0000000089500000, 0x0000000089600000|  0%| F|  |TAMS 0x0000000089500000, 0x0000000089500000| Untracked 
| 150|0x0000000089600000, 0x0000000089600000, 0x0000000089700000|  0%| F|  |TAMS 0x0000000089600000, 0x0000000089600000| Untracked 
| 151|0x0000000089700000, 0x0000000089700000, 0x0000000089800000|  0%| F|  |TAMS 0x0000000089700000, 0x0000000089700000| Untracked 
| 152|0x0000000089800000, 0x0000000089800000, 0x0000000089900000|  0%| F|  |TAMS 0x0000000089800000, 0x0000000089800000| Untracked 
| 153|0x0000000089900000, 0x0000000089900000, 0x0000000089a00000|  0%| F|  |TAMS 0x0000000089900000, 0x0000000089900000| Untracked 
| 154|0x0000000089a00000, 0x0000000089a00000, 0x0000000089b00000|  0%| F|  |TAMS 0x0000000089a00000, 0x0000000089a00000| Untracked 
| 155|0x0000000089b00000, 0x0000000089b00000, 0x0000000089c00000|  0%| F|  |TAMS 0x0000000089b00000, 0x0000000089b00000| Untracked 
| 156|0x0000000089c00000, 0x0000000089c00000, 0x0000000089d00000|  0%| F|  |TAMS 0x0000000089c00000, 0x0000000089c00000| Untracked 
| 157|0x0000000089d00000, 0x0000000089d00000, 0x0000000089e00000|  0%| F|  |TAMS 0x0000000089d00000, 0x0000000089d00000| Untracked 
| 158|0x0000000089e00000, 0x0000000089e00000, 0x0000000089f00000|  0%| F|  |TAMS 0x0000000089e00000, 0x0000000089e00000| Untracked 
| 159|0x0000000089f00000, 0x0000000089f00000, 0x000000008a000000|  0%| F|  |TAMS 0x0000000089f00000, 0x0000000089f00000| Untracked 
| 160|0x000000008a000000, 0x000000008a000000, 0x000000008a100000|  0%| F|  |TAMS 0x000000008a000000, 0x000000008a000000| Untracked 
| 161|0x000000008a100000, 0x000000008a100000, 0x000000008a200000|  0%| F|  |TAMS 0x000000008a100000, 0x000000008a100000| Untracked 
| 162|0x000000008a200000, 0x000000008a200000, 0x000000008a300000|  0%| F|  |TAMS 0x000000008a200000, 0x000000008a200000| Untracked 
| 163|0x000000008a300000, 0x000000008a300000, 0x000000008a400000|  0%| F|  |TAMS 0x000000008a300000, 0x000000008a300000| Untracked 
| 164|0x000000008a400000, 0x000000008a400000, 0x000000008a500000|  0%| F|  |TAMS 0x000000008a400000, 0x000000008a400000| Untracked 
| 165|0x000000008a500000, 0x000000008a500000, 0x000000008a600000|  0%| F|  |TAMS 0x000000008a500000, 0x000000008a500000| Untracked 
| 166|0x000000008a600000, 0x000000008a600000, 0x000000008a700000|  0%| F|  |TAMS 0x000000008a600000, 0x000000008a600000| Untracked 
| 167|0x000000008a700000, 0x000000008a700000, 0x000000008a800000|  0%| F|  |TAMS 0x000000008a700000, 0x000000008a700000| Untracked 
| 168|0x000000008a800000, 0x000000008a800000, 0x000000008a900000|  0%| F|  |TAMS 0x000000008a800000, 0x000000008a800000| Untracked 
| 169|0x000000008a900000, 0x000000008a974400, 0x000000008aa00000| 45%| S|CS|TAMS 0x000000008a900000, 0x000000008a900000| Complete 
| 170|0x000000008aa00000, 0x000000008ab00000, 0x000000008ab00000|100%| S|CS|TAMS 0x000000008aa00000, 0x000000008aa00000| Complete 
| 171|0x000000008ab00000, 0x000000008ab00000, 0x000000008ac00000|  0%| F|  |TAMS 0x000000008ab00000, 0x000000008ab00000| Untracked 
| 172|0x000000008ac00000, 0x000000008ac00000, 0x000000008ad00000|  0%| F|  |TAMS 0x000000008ac00000, 0x000000008ac00000| Untracked 
| 173|0x000000008ad00000, 0x000000008ae00000, 0x000000008ae00000|100%| S|CS|TAMS 0x000000008ad00000, 0x000000008ad00000| Complete 
| 174|0x000000008ae00000, 0x000000008ae00000, 0x000000008af00000|  0%| F|  |TAMS 0x000000008ae00000, 0x000000008ae00000| Untracked 
| 175|0x000000008af00000, 0x000000008af00000, 0x000000008b000000|  0%| F|  |TAMS 0x000000008af00000, 0x000000008af00000| Untracked 
| 176|0x000000008b000000, 0x000000008b000000, 0x000000008b100000|  0%| F|  |TAMS 0x000000008b000000, 0x000000008b000000| Untracked 
| 177|0x000000008b100000, 0x000000008b100000, 0x000000008b200000|  0%| F|  |TAMS 0x000000008b100000, 0x000000008b100000| Untracked 
| 178|0x000000008b200000, 0x000000008b200000, 0x000000008b300000|  0%| F|  |TAMS 0x000000008b200000, 0x000000008b200000| Untracked 
| 179|0x000000008b300000, 0x000000008b300000, 0x000000008b400000|  0%| F|  |TAMS 0x000000008b300000, 0x000000008b300000| Untracked 
| 180|0x000000008b400000, 0x000000008b400000, 0x000000008b500000|  0%| F|  |TAMS 0x000000008b400000, 0x000000008b400000| Untracked 
| 181|0x000000008b500000, 0x000000008b500000, 0x000000008b600000|  0%| F|  |TAMS 0x000000008b500000, 0x000000008b500000| Untracked 
| 182|0x000000008b600000, 0x000000008b600000, 0x000000008b700000|  0%| F|  |TAMS 0x000000008b600000, 0x000000008b600000| Untracked 
| 183|0x000000008b700000, 0x000000008b700000, 0x000000008b800000|  0%| F|  |TAMS 0x000000008b700000, 0x000000008b700000| Untracked 
| 184|0x000000008b800000, 0x000000008b800000, 0x000000008b900000|  0%| F|  |TAMS 0x000000008b800000, 0x000000008b800000| Untracked 
| 185|0x000000008b900000, 0x000000008b900000, 0x000000008ba00000|  0%| F|  |TAMS 0x000000008b900000, 0x000000008b900000| Untracked 
| 186|0x000000008ba00000, 0x000000008ba00000, 0x000000008bb00000|  0%| F|  |TAMS 0x000000008ba00000, 0x000000008ba00000| Untracked 
| 187|0x000000008bb00000, 0x000000008bb00000, 0x000000008bc00000|  0%| F|  |TAMS 0x000000008bb00000, 0x000000008bb00000| Untracked 
| 188|0x000000008bc00000, 0x000000008bc00000, 0x000000008bd00000|  0%| F|  |TAMS 0x000000008bc00000, 0x000000008bc00000| Untracked 
| 189|0x000000008bd00000, 0x000000008bd00000, 0x000000008be00000|  0%| F|  |TAMS 0x000000008bd00000, 0x000000008bd00000| Untracked 
| 190|0x000000008be00000, 0x000000008be00000, 0x000000008bf00000|  0%| F|  |TAMS 0x000000008be00000, 0x000000008be00000| Untracked 
| 191|0x000000008bf00000, 0x000000008bf00000, 0x000000008c000000|  0%| F|  |TAMS 0x000000008bf00000, 0x000000008bf00000| Untracked 
| 192|0x000000008c000000, 0x000000008c000000, 0x000000008c100000|  0%| F|  |TAMS 0x000000008c000000, 0x000000008c000000| Untracked 
| 193|0x000000008c100000, 0x000000008c100000, 0x000000008c200000|  0%| F|  |TAMS 0x000000008c100000, 0x000000008c100000| Untracked 
| 194|0x000000008c200000, 0x000000008c200000, 0x000000008c300000|  0%| F|  |TAMS 0x000000008c200000, 0x000000008c200000| Untracked 
| 195|0x000000008c300000, 0x000000008c300000, 0x000000008c400000|  0%| F|  |TAMS 0x000000008c300000, 0x000000008c300000| Untracked 
| 196|0x000000008c400000, 0x000000008c400000, 0x000000008c500000|  0%| F|  |TAMS 0x000000008c400000, 0x000000008c400000| Untracked 
| 197|0x000000008c500000, 0x000000008c500000, 0x000000008c600000|  0%| F|  |TAMS 0x000000008c500000, 0x000000008c500000| Untracked 
| 198|0x000000008c600000, 0x000000008c600000, 0x000000008c700000|  0%| F|  |TAMS 0x000000008c600000, 0x000000008c600000| Untracked 
| 199|0x000000008c700000, 0x000000008c700000, 0x000000008c800000|  0%| F|  |TAMS 0x000000008c700000, 0x000000008c700000| Untracked 
| 200|0x000000008c800000, 0x000000008c800000, 0x000000008c900000|  0%| F|  |TAMS 0x000000008c800000, 0x000000008c800000| Untracked 
| 201|0x000000008c900000, 0x000000008c900000, 0x000000008ca00000|  0%| F|  |TAMS 0x000000008c900000, 0x000000008c900000| Untracked 
| 202|0x000000008ca00000, 0x000000008ca00000, 0x000000008cb00000|  0%| F|  |TAMS 0x000000008ca00000, 0x000000008ca00000| Untracked 
| 203|0x000000008cb00000, 0x000000008cb00000, 0x000000008cc00000|  0%| F|  |TAMS 0x000000008cb00000, 0x000000008cb00000| Untracked 
| 204|0x000000008cc00000, 0x000000008cc00000, 0x000000008cd00000|  0%| F|  |TAMS 0x000000008cc00000, 0x000000008cc00000| Untracked 
| 205|0x000000008cd00000, 0x000000008cd00000, 0x000000008ce00000|  0%| F|  |TAMS 0x000000008cd00000, 0x000000008cd00000| Untracked 
| 206|0x000000008ce00000, 0x000000008ce00000, 0x000000008cf00000|  0%| F|  |TAMS 0x000000008ce00000, 0x000000008ce00000| Untracked 
| 207|0x000000008cf00000, 0x000000008cf00000, 0x000000008d000000|  0%| F|  |TAMS 0x000000008cf00000, 0x000000008cf00000| Untracked 
| 208|0x000000008d000000, 0x000000008d000000, 0x000000008d100000|  0%| F|  |TAMS 0x000000008d000000, 0x000000008d000000| Untracked 
| 209|0x000000008d100000, 0x000000008d100000, 0x000000008d200000|  0%| F|  |TAMS 0x000000008d100000, 0x000000008d100000| Untracked 
| 210|0x000000008d200000, 0x000000008d2fd4f0, 0x000000008d300000| 98%| E|  |TAMS 0x000000008d200000, 0x000000008d200000| Complete 
| 211|0x000000008d300000, 0x000000008d400000, 0x000000008d400000|100%| E|CS|TAMS 0x000000008d300000, 0x000000008d300000| Complete 
| 212|0x000000008d400000, 0x000000008d500000, 0x000000008d500000|100%| E|CS|TAMS 0x000000008d400000, 0x000000008d400000| Complete 
| 213|0x000000008d500000, 0x000000008d600000, 0x000000008d600000|100%| E|CS|TAMS 0x000000008d500000, 0x000000008d500000| Complete 
| 214|0x000000008d600000, 0x000000008d700000, 0x000000008d700000|100%| E|CS|TAMS 0x000000008d600000, 0x000000008d600000| Complete 
| 215|0x000000008d700000, 0x000000008d800000, 0x000000008d800000|100%| E|CS|TAMS 0x000000008d700000, 0x000000008d700000| Complete 
| 216|0x000000008d800000, 0x000000008d900000, 0x000000008d900000|100%| E|CS|TAMS 0x000000008d800000, 0x000000008d800000| Complete 
| 217|0x000000008d900000, 0x000000008da00000, 0x000000008da00000|100%| E|CS|TAMS 0x000000008d900000, 0x000000008d900000| Complete 
| 218|0x000000008da00000, 0x000000008db00000, 0x000000008db00000|100%| E|CS|TAMS 0x000000008da00000, 0x000000008da00000| Complete 
| 219|0x000000008db00000, 0x000000008dc00000, 0x000000008dc00000|100%| E|CS|TAMS 0x000000008db00000, 0x000000008db00000| Complete 
| 220|0x000000008dc00000, 0x000000008dd00000, 0x000000008dd00000|100%| E|CS|TAMS 0x000000008dc00000, 0x000000008dc00000| Complete 
| 221|0x000000008dd00000, 0x000000008de00000, 0x000000008de00000|100%| E|CS|TAMS 0x000000008dd00000, 0x000000008dd00000| Complete 
| 222|0x000000008de00000, 0x000000008df00000, 0x000000008df00000|100%| E|CS|TAMS 0x000000008de00000, 0x000000008de00000| Complete 
| 223|0x000000008df00000, 0x000000008e000000, 0x000000008e000000|100%| E|CS|TAMS 0x000000008df00000, 0x000000008df00000| Complete 
| 224|0x000000008e000000, 0x000000008e100000, 0x000000008e100000|100%| E|CS|TAMS 0x000000008e000000, 0x000000008e000000| Complete 
| 225|0x000000008e100000, 0x000000008e200000, 0x000000008e200000|100%| E|CS|TAMS 0x000000008e100000, 0x000000008e100000| Complete 
| 226|0x000000008e200000, 0x000000008e300000, 0x000000008e300000|100%| E|CS|TAMS 0x000000008e200000, 0x000000008e200000| Complete 
| 227|0x000000008e300000, 0x000000008e400000, 0x000000008e400000|100%| E|CS|TAMS 0x000000008e300000, 0x000000008e300000| Complete 
| 228|0x000000008e400000, 0x000000008e500000, 0x000000008e500000|100%| E|CS|TAMS 0x000000008e400000, 0x000000008e400000| Complete 
| 229|0x000000008e500000, 0x000000008e600000, 0x000000008e600000|100%| E|CS|TAMS 0x000000008e500000, 0x000000008e500000| Complete 
| 230|0x000000008e600000, 0x000000008e700000, 0x000000008e700000|100%| E|CS|TAMS 0x000000008e600000, 0x000000008e600000| Complete 
| 231|0x000000008e700000, 0x000000008e800000, 0x000000008e800000|100%| E|CS|TAMS 0x000000008e700000, 0x000000008e700000| Complete 
| 232|0x000000008e800000, 0x000000008e900000, 0x000000008e900000|100%| E|  |TAMS 0x000000008e800000, 0x000000008e800000| Complete 

Card table byte_map: [0x0000029ff4270000,0x0000029ff4670000] _byte_map_base: 0x0000029ff3e70000

Marking Bits (Prev, Next): (CMBitMap*) 0x0000029fdd7fd750, (CMBitMap*) 0x0000029fdd7fd718
 Prev Bits: [0x0000029ff6a70000, 0x0000029ff8a70000)
 Next Bits: [0x0000029ff4a70000, 0x0000029ff6a70000)

Polling page: 0x0000029fdb770000

Metaspace:

Usage:
  Non-class:     96.46 MB capacity,    94.43 MB ( 98%) used,     1.72 MB (  2%) free+waste,   318.25 KB ( <1%) overhead. 
      Class:     15.38 MB capacity,    14.05 MB ( 91%) used,     1.19 MB (  8%) free+waste,   147.31 KB ( <1%) overhead. 
       Both:    111.85 MB capacity,   108.48 MB ( 97%) used,     2.91 MB (  3%) free+waste,   465.56 KB ( <1%) overhead. 

Virtual space:
  Non-class space:       98.00 MB reserved,      96.62 MB ( 99%) committed 
      Class space:      504.00 MB reserved,      15.45 MB (  3%) committed 
             Both:      602.00 MB reserved,     112.07 MB ( 19%) committed 

Chunk freelists:
   Non-Class:  4.13 KB
       Class:  2.88 KB
        Both:  7.00 KB

CodeHeap 'non-profiled nmethods': size=120064Kb used=8751Kb max_used=9345Kb free=111312Kb
 bounds [0x0000029fec930000, 0x0000029fed260000, 0x0000029ff3e70000]
CodeHeap 'profiled nmethods': size=120000Kb used=33186Kb max_used=33854Kb free=86813Kb
 bounds [0x0000029fe5400000, 0x0000029fe7520000, 0x0000029fec930000]
CodeHeap 'non-nmethods': size=5696Kb used=2320Kb max_used=2379Kb free=3375Kb
 bounds [0x0000029fe4e70000, 0x0000029fe50e0000, 0x0000029fe5400000]
 total_blobs=15498 nmethods=14562 adapters=846
 compilation: enabled
              stopped_count=0, restarted_count=0
 full_count=0

Compilation events (10 events):
Event: 60.205 Thread 0x0000029ffaf9b000 15417       3       java.util.concurrent.atomic.AtomicLong::addAndGet (14 bytes)
Event: 60.206 Thread 0x0000029ffaf9b000 nmethod 15417 0x0000029fe56e7910 code [0x0000029fe56e7aa0, 0x0000029fe56e7bb8]
Event: 60.211 Thread 0x0000029fff060800 nmethod 15412 0x0000029fec9b1490 code [0x0000029fec9b1600, 0x0000029fec9b1978]
Event: 60.211 Thread 0x0000029fff060800 15416       4       sun.nio.fs.WindowsPathParser::normalize (233 bytes)
Event: 60.226 Thread 0x0000029ffaf9b000 15418   !   3       java.io.BufferedReader::readLine (304 bytes)
Event: 60.228 Thread 0x0000029ffaf9b000 nmethod 15418 0x0000029fe5837f10 code [0x0000029fe5838260, 0x0000029fe5839a08]
Event: 60.249 Thread 0x0000029fff060800 nmethod 15416 0x0000029fec9cc810 code [0x0000029fec9cca20, 0x0000029fec9cd9a0]
Event: 60.249 Thread 0x0000029fff060800 15415       4       java.util.HashSet::clear (8 bytes)
Event: 60.259 Thread 0x0000029fff060800 nmethod 15415 0x0000029fec9bd110 code [0x0000029fec9bd2a0, 0x0000029fec9bd858]
Event: 60.259 Thread 0x0000029fff060800 15414       4       org.gradle.api.internal.artifacts.transform.TransformingAsyncArtifactListener$TransformedArtifact::visit (24 bytes)

GC Heap History (10 events):
Event: 56.001 GC heap before
{Heap before GC invocations=78 (full 0):
 garbage-first heap   total 196608K, used 155075K [0x0000000080000000, 0x0000000100000000)
  region size 1024K, 16 young (16384K), 1 survivors (1024K)
 Metaspace       used 109322K, capacity 112698K, committed 112968K, reserved 614400K
  class space    used 14128K, capacity 15460K, committed 15564K, reserved 516096K
}
Event: 56.007 GC heap after
{Heap after GC invocations=79 (full 0):
 garbage-first heap   total 196608K, used 142263K [0x0000000080000000, 0x0000000100000000)
  region size 1024K, 2 young (2048K), 2 survivors (2048K)
 Metaspace       used 109322K, capacity 112698K, committed 112968K, reserved 614400K
  class space    used 14128K, capacity 15460K, committed 15564K, reserved 516096K
}
Event: 56.905 GC heap before
{Heap before GC invocations=80 (full 0):
 garbage-first heap   total 196608K, used 158647K [0x0000000080000000, 0x0000000100000000)
  region size 1024K, 18 young (18432K), 2 survivors (2048K)
 Metaspace       used 110043K, capacity 113357K, committed 113480K, reserved 614400K
  class space    used 14217K, capacity 15513K, committed 15564K, reserved 516096K
}
Event: 56.909 GC heap after
{Heap after GC invocations=81 (full 0):
 garbage-first heap   total 196608K, used 142619K [0x0000000080000000, 0x0000000100000000)
  region size 1024K, 1 young (1024K), 1 survivors (1024K)
 Metaspace       used 110043K, capacity 113357K, committed 113480K, reserved 614400K
  class space    used 14217K, capacity 15513K, committed 15564K, reserved 516096K
}
Event: 57.157 GC heap before
{Heap before GC invocations=81 (full 0):
 garbage-first heap   total 196608K, used 157979K [0x0000000080000000, 0x0000000100000000)
  region size 1024K, 17 young (17408K), 1 survivors (1024K)
 Metaspace       used 110520K, capacity 113838K, committed 114120K, reserved 616448K
  class space    used 14302K, capacity 15609K, committed 15692K, reserved 516096K
}
Event: 57.160 GC heap after
{Heap after GC invocations=82 (full 0):
 garbage-first heap   total 196608K, used 143126K [0x0000000080000000, 0x0000000100000000)
  region size 1024K, 1 young (1024K), 1 survivors (1024K)
 Metaspace       used 110520K, capacity 113838K, committed 114120K, reserved 616448K
  class space    used 14302K, capacity 15609K, committed 15692K, reserved 516096K
}
Event: 57.710 GC heap before
{Heap before GC invocations=82 (full 0):
 garbage-first heap   total 196608K, used 160534K [0x0000000080000000, 0x0000000100000000)
  region size 1024K, 19 young (19456K), 1 survivors (1024K)
 Metaspace       used 110573K, capacity 113935K, committed 114120K, reserved 616448K
  class space    used 14308K, capacity 15641K, committed 15692K, reserved 516096K
}
Event: 57.722 GC heap after
{Heap after GC invocations=83 (full 0):
 garbage-first heap   total 196608K, used 144029K [0x0000000080000000, 0x0000000100000000)
  region size 1024K, 2 young (2048K), 2 survivors (2048K)
 Metaspace       used 110573K, capacity 113935K, committed 114120K, reserved 616448K
  class space    used 14308K, capacity 15641K, committed 15692K, reserved 516096K
}
Event: 58.063 GC heap before
{Heap before GC invocations=83 (full 0):
 garbage-first heap   total 196608K, used 161437K [0x0000000080000000, 0x0000000100000000)
  region size 1024K, 20 young (20480K), 2 survivors (2048K)
 Metaspace       used 110602K, capacity 113940K, committed 114120K, reserved 616448K
  class space    used 14309K, capacity 15642K, committed 15692K, reserved 516096K
}
Event: 58.071 GC heap after
{Heap after GC invocations=84 (full 0):
 garbage-first heap   total 238592K, used 145014K [0x0000000080000000, 0x0000000100000000)
  region size 1024K, 3 young (3072K), 3 survivors (3072K)
 Metaspace       used 110602K, capacity 113940K, committed 114120K, reserved 616448K
  class space    used 14309K, capacity 15642K, committed 15692K, reserved 516096K
}

Deoptimization events (10 events):
Event: 58.665 Thread 0x0000029f83170800 Uncommon trap: reason=class_check action=maybe_recompile pc=0x0000029fecf7c36c method=org.gradle.internal.logging.sink.OutputEventTransformer.onOutput(Lorg/gradle/internal/logging/events/OutputEvent;)V @ 225 c2
Event: 58.666 Thread 0x0000029f83170800 Uncommon trap: reason=unstable_if action=reinterpret pc=0x0000029fec956d48 method=org.gradle.internal.operations.logging.LoggingBuildOperationProgressBroadcaster.onOutput(Lorg/gradle/internal/logging/events/OutputEvent;)V @ 4 c2
Event: 58.666 Thread 0x0000029f83170800 Uncommon trap: reason=bimorphic_or_optimized_type_check action=maybe_recompile pc=0x0000029fecf610f8 method=org.gradle.internal.logging.sink.OutputEventRenderer.onOutput(Lorg/gradle/internal/logging/events/OutputEvent;)V @ 1 c2
Event: 58.666 Thread 0x0000029f83170800 Uncommon trap: reason=class_check action=maybe_recompile pc=0x0000029fecf7c36c method=org.gradle.internal.logging.sink.OutputEventTransformer.onOutput(Lorg/gradle/internal/logging/events/OutputEvent;)V @ 225 c2
Event: 60.080 Thread 0x0000029fff481800 Uncommon trap: reason=unstable_if action=reinterpret pc=0x0000029fecbd5160 method=java.util.zip.ZipFile$ZipEntryIterator.hasNext()Z @ 8 c2
Event: 60.225 Thread 0x0000029f83170800 Uncommon trap: reason=bimorphic_or_optimized_type_check action=maybe_recompile pc=0x0000029fecf610f8 method=org.gradle.internal.logging.sink.OutputEventRenderer.onOutput(Lorg/gradle/internal/logging/events/OutputEvent;)V @ 1 c2
Event: 60.226 Thread 0x0000029f83170800 Uncommon trap: reason=class_check action=maybe_recompile pc=0x0000029fecf7c36c method=org.gradle.internal.logging.sink.OutputEventTransformer.onOutput(Lorg/gradle/internal/logging/events/OutputEvent;)V @ 225 c2
Event: 60.226 Thread 0x0000029f83170800 Uncommon trap: reason=bimorphic_or_optimized_type_check action=maybe_recompile pc=0x0000029fecf610f8 method=org.gradle.internal.logging.sink.OutputEventRenderer.onOutput(Lorg/gradle/internal/logging/events/OutputEvent;)V @ 1 c2
Event: 60.226 Thread 0x0000029f83170800 Uncommon trap: reason=class_check action=maybe_recompile pc=0x0000029fecf7c36c method=org.gradle.internal.logging.sink.OutputEventTransformer.onOutput(Lorg/gradle/internal/logging/events/OutputEvent;)V @ 225 c2
Event: 60.226 Thread 0x0000029f83170800 Uncommon trap: reason=bimorphic_or_optimized_type_check action=maybe_recompile pc=0x0000029fecf60724 method=org.gradle.internal.logging.sink.OutputEventRenderer.onOutput(Lorg/gradle/internal/logging/events/OutputEvent;)V @ 1 c2

Classes redefined (0 events):
No events

Internal exceptions (10 events):
Event: 54.274 Thread 0x0000029ffe1da800 Exception <a 'java/lang/NoSuchMethodError'{0x00000000895dd1b0}: static [Ljava/lang/Object;.<clinit>()V> (0x00000000895dd1b0) thrown at [./open/src/hotspot/share/prims/jni.cpp, line 1366]
Event: 54.285 Thread 0x0000029ffe1da800 Exception <a 'java/lang/NoSuchMethodError'{0x000000008941d018}: static Lcom/android/build/api/variant/impl/VariantOutputImpl$SerializedForm;.<clinit>()V> (0x000000008941d018) thrown at [./open/src/hotspot/share/prims/jni.cpp, line 1366]
Event: 54.288 Thread 0x0000029ffe1da800 Exception <a 'java/lang/NoSuchMethodError'{0x0000000089436f78}: static Lcom/android/build/api/variant/impl/VariantOutputConfigurationImpl;.<clinit>()V> (0x0000000089436f78) thrown at [./open/src/hotspot/share/prims/jni.cpp, line 1366]
Event: 56.032 Thread 0x0000029f83173000 Exception <a 'java/lang/NoSuchMethodError'{0x000000008bf5a280}: java.lang.invoke.DirectMethodHandle$Holder.invokeSpecialIFC(Ljava/lang/Object;Ljava/lang/Object;Ljava/lang/Object;)I> (0x000000008bf5a280) thrown at [./open/src/hotspot/share/interpreter/link
Event: 56.732 Thread 0x0000029ffc992000 Implicit null exception at 0x0000029fec97f174 to 0x0000029fec97f678
Event: 56.801 Thread 0x0000029ffc992000 Exception <a 'java/lang/reflect/InvocationTargetException'{0x000000008b4fd4c0}> (0x000000008b4fd4c0) thrown at [./open/src/hotspot/share/runtime/reflection.cpp, line 1242]
Event: 56.850 Thread 0x0000029ffc992000 Exception <a 'java/lang/NoSuchMethodError'{0x000000008b27d7a8}: static [Ljava/lang/String;.<clinit>()V> (0x000000008b27d7a8) thrown at [./open/src/hotspot/share/prims/jni.cpp, line 1366]
Event: 56.860 Thread 0x0000029ffc992000 Exception <a 'java/lang/NoSuchMethodError'{0x000000008b2c0690}: static Lorg/jetbrains/kotlin/incremental/ChangedFiles$Unknown;.<clinit>()V> (0x000000008b2c0690) thrown at [./open/src/hotspot/share/prims/jni.cpp, line 1366]
Event: 56.863 Thread 0x0000029ffc992000 Exception <a 'java/lang/NoSuchMethodError'{0x000000008b2dcf10}: static Lorg/jetbrains/kotlin/incremental/ClasspathChanges;.<clinit>()V> (0x000000008b2dcf10) thrown at [./open/src/hotspot/share/prims/jni.cpp, line 1366]
Event: 56.863 Thread 0x0000029ffc992000 Exception <a 'java/lang/NoSuchMethodError'{0x000000008b2de7c8}: static Lorg/jetbrains/kotlin/incremental/ClasspathChanges;.<clinit>()V> (0x000000008b2de7c8) thrown at [./open/src/hotspot/share/prims/jni.cpp, line 1366]

Events (10 events):
Event: 60.226 Thread 0x0000029f83170800 DEOPT UNPACKING pc=0x0000029fe4e9662f sp=0x000000bdcfdfd4b8 mode 2
Event: 60.226 Thread 0x0000029f83170800 Uncommon trap: trap_request=0xffffffc6 fr.pc=0x0000029fecf610f8 relative=0x0000000000000398
Event: 60.226 Thread 0x0000029f83170800 DEOPT PACKING pc=0x0000029fecf610f8 sp=0x000000bdcfdfd600
Event: 60.226 Thread 0x0000029f83170800 DEOPT UNPACKING pc=0x0000029fe4e9662f sp=0x000000bdcfdfd558 mode 2
Event: 60.226 Thread 0x0000029f83170800 Uncommon trap: trap_request=0xffffffde fr.pc=0x0000029fecf7c36c relative=0x000000000000384c
Event: 60.226 Thread 0x0000029f83170800 DEOPT PACKING pc=0x0000029fecf7c36c sp=0x000000bdcfdfd4c0
Event: 60.226 Thread 0x0000029f83170800 DEOPT UNPACKING pc=0x0000029fe4e9662f sp=0x000000bdcfdfd4b8 mode 2
Event: 60.226 Thread 0x0000029f83170800 Uncommon trap: trap_request=0xffffffc6 fr.pc=0x0000029fecf60724 relative=0x00000000000002e4
Event: 60.226 Thread 0x0000029f83170800 DEOPT PACKING pc=0x0000029fecf60724 sp=0x000000bdcfdfd5a0
Event: 60.226 Thread 0x0000029f83170800 DEOPT UNPACKING pc=0x0000029fe4e9662f sp=0x000000bdcfdfd558 mode 2


Dynamic libraries:
0x00007ff7a2b40000 - 0x00007ff7a2b4f000 	C:\Program Files\Java\jdk-11.0.15\bin\java.exe
0x00007ffbea310000 - 0x00007ffbea508000 	C:\WINDOWS\SYSTEM32\ntdll.dll
0x00007ffbe9eb0000 - 0x00007ffbe9f6d000 	C:\WINDOWS\System32\KERNEL32.DLL
0x00007ffbe7d30000 - 0x00007ffbe7ffe000 	C:\WINDOWS\System32\KERNELBASE.dll
0x00007ffbe8070000 - 0x00007ffbe8170000 	C:\WINDOWS\System32\ucrtbase.dll
0x00007ffbd2ed0000 - 0x00007ffbd2ee5000 	C:\Program Files\Java\jdk-11.0.15\bin\VCRUNTIME140.dll
0x00007ffbcf4d0000 - 0x00007ffbcf4e8000 	C:\Program Files\Java\jdk-11.0.15\bin\jli.dll
0x00007ffbe8b30000 - 0x00007ffbe8bde000 	C:\WINDOWS\System32\ADVAPI32.dll
0x00007ffbe8370000 - 0x00007ffbe840e000 	C:\WINDOWS\System32\msvcrt.dll
0x00007ffbe8a90000 - 0x00007ffbe8b2c000 	C:\WINDOWS\System32\sechost.dll
0x00007ffbe98b0000 - 0x00007ffbe99d5000 	C:\WINDOWS\System32\RPCRT4.dll
0x00007ffbd4790000 - 0x00007ffbd4a2a000 	C:\WINDOWS\WinSxS\amd64_microsoft.windows.common-controls_6595b64144ccf1df_6.0.19041.1110_none_60b5254171f9507e\COMCTL32.dll
0x00007ffbe8600000 - 0x00007ffbe87a0000 	C:\WINDOWS\System32\USER32.dll
0x00007ffbe8930000 - 0x00007ffbe895a000 	C:\WINDOWS\System32\GDI32.dll
0x00007ffbe8310000 - 0x00007ffbe8332000 	C:\WINDOWS\System32\win32u.dll
0x00007ffbe7a30000 - 0x00007ffbe7b3b000 	C:\WINDOWS\System32\gdi32full.dll
0x00007ffbe8170000 - 0x00007ffbe820d000 	C:\WINDOWS\System32\msvcp_win.dll
0x00007ffbe1d10000 - 0x00007ffbe1d1a000 	C:\WINDOWS\SYSTEM32\VERSION.dll
0x00007ffbe95b0000 - 0x00007ffbe95e0000 	C:\WINDOWS\System32\IMM32.DLL
0x00007ffbbd930000 - 0x00007ffbbd9cb000 	C:\Program Files\Java\jdk-11.0.15\bin\msvcp140.dll
0x00007ffb5da80000 - 0x00007ffb5e596000 	C:\Program Files\Java\jdk-11.0.15\bin\server\jvm.dll
0x00007ffbe95e0000 - 0x00007ffbe95e8000 	C:\WINDOWS\System32\PSAPI.DLL
0x00007ffbd2400000 - 0x00007ffbd2409000 	C:\WINDOWS\SYSTEM32\WSOCK32.dll
0x00007ffbe0e80000 - 0x00007ffbe0ea7000 	C:\WINDOWS\SYSTEM32\WINMM.dll
0x00007ffbe8a20000 - 0x00007ffbe8a8b000 	C:\WINDOWS\System32\WS2_32.dll
0x00007ffbe5910000 - 0x00007ffbe5922000 	C:\WINDOWS\SYSTEM32\kernel.appcore.dll
0x00007ffbd3880000 - 0x00007ffbd3890000 	C:\Program Files\Java\jdk-11.0.15\bin\verify.dll
0x00007ffbdb7b0000 - 0x00007ffbdb994000 	C:\WINDOWS\SYSTEM32\DBGHELP.DLL
0x00007ffbd1740000 - 0x00007ffbd176c000 	C:\WINDOWS\SYSTEM32\dbgcore.DLL
0x00007ffbe7ca0000 - 0x00007ffbe7d22000 	C:\WINDOWS\System32\bcryptPrimitives.dll
0x00007ffbcc760000 - 0x00007ffbcc788000 	C:\Program Files\Java\jdk-11.0.15\bin\java.dll
0x00007ffbd34a0000 - 0x00007ffbd34aa000 	C:\Program Files\Java\jdk-11.0.15\bin\jimage.dll
0x00007ffbcf140000 - 0x00007ffbcf156000 	C:\Program Files\Java\jdk-11.0.15\bin\zip.dll
0x00007ffbe8be0000 - 0x00007ffbe9324000 	C:\WINDOWS\System32\SHELL32.dll
0x00007ffbe5b10000 - 0x00007ffbe62a4000 	C:\WINDOWS\SYSTEM32\windows.storage.dll
0x00007ffbe9f70000 - 0x00007ffbea2c4000 	C:\WINDOWS\System32\combase.dll
0x00007ffbe73b0000 - 0x00007ffbe73e0000 	C:\WINDOWS\SYSTEM32\Wldp.dll
0x00007ffbe8960000 - 0x00007ffbe8a0d000 	C:\WINDOWS\System32\SHCORE.dll
0x00007ffbe8410000 - 0x00007ffbe8465000 	C:\WINDOWS\System32\shlwapi.dll
0x00007ffbe7970000 - 0x00007ffbe798f000 	C:\WINDOWS\SYSTEM32\profapi.dll
0x00007ffbcc7b0000 - 0x00007ffbcc7c9000 	C:\Program Files\Java\jdk-11.0.15\bin\net.dll
0x00007ffbe1d90000 - 0x00007ffbe1e9a000 	C:\WINDOWS\SYSTEM32\WINHTTP.dll
0x00007ffbe7190000 - 0x00007ffbe71fa000 	C:\WINDOWS\system32\mswsock.dll
0x00007ffbcbb60000 - 0x00007ffbcbb72000 	C:\Program Files\Java\jdk-11.0.15\bin\nio.dll
0x00007ffbe30f0000 - 0x00007ffbe3117000 	C:\Users\Appdev_Design\.gradle\native\e1d6ef7f7dcc3fd88c89a11ec53ec762bb8ba0a96d01ffa2cd45eb1d1d8dd5c5\windows-amd64\native-platform.dll
0x00007ffbbd7e0000 - 0x00007ffbbd924000 	C:\Users\Appdev_Design\.gradle\native\5664cfc778a61ccfe75a443a1ab52a65af34e5dc3c78e0209fed803814484fcb\windows-amd64\native-platform-file-events.dll
0x00007ffbe35f0000 - 0x00007ffbe35f9000 	C:\Program Files\Java\jdk-11.0.15\bin\management.dll
0x00007ffbd4f80000 - 0x00007ffbd4f8b000 	C:\Program Files\Java\jdk-11.0.15\bin\management_ext.dll
0x00007ffbe76f0000 - 0x00007ffbe7708000 	C:\WINDOWS\SYSTEM32\CRYPTSP.dll
0x00007ffbe6a60000 - 0x00007ffbe6a94000 	C:\WINDOWS\system32\rsaenh.dll
0x00007ffbe8340000 - 0x00007ffbe8367000 	C:\WINDOWS\System32\bcrypt.dll
0x00007ffbe7930000 - 0x00007ffbe795e000 	C:\WINDOWS\SYSTEM32\USERENV.dll
0x00007ffbe7320000 - 0x00007ffbe732c000 	C:\WINDOWS\SYSTEM32\CRYPTBASE.dll
0x00007ffbe6e30000 - 0x00007ffbe6e6b000 	C:\WINDOWS\SYSTEM32\IPHLPAPI.DLL
0x00007ffbe9720000 - 0x00007ffbe9728000 	C:\WINDOWS\System32\NSI.dll
0x00007ffbe1730000 - 0x00007ffbe1747000 	C:\WINDOWS\SYSTEM32\dhcpcsvc6.DLL
0x00007ffbe1710000 - 0x00007ffbe172d000 	C:\WINDOWS\SYSTEM32\dhcpcsvc.DLL
0x00007ffbe6e70000 - 0x00007ffbe6f3a000 	C:\WINDOWS\SYSTEM32\DNSAPI.dll
0x00007ffbd5b40000 - 0x00007ffbd5b5e000 	C:\Users\Appdev_Design\AppData\Local\Temp\native-platform6997380050668421554dir\native-platform.dll

dbghelp: loaded successfully - version: 4.0.5 - missing functions: none
symbol engine: initialized successfully - sym options: 0x614 - pdb path: .;C:\Program Files\Java\jdk-11.0.15\bin;C:\WINDOWS\SYSTEM32;C:\WINDOWS\WinSxS\amd64_microsoft.windows.common-controls_6595b64144ccf1df_6.0.19041.1110_none_60b5254171f9507e;C:\Program Files\Java\jdk-11.0.15\bin\server;C:\Users\Appdev_Design\.gradle\native\e1d6ef7f7dcc3fd88c89a11ec53ec762bb8ba0a96d01ffa2cd45eb1d1d8dd5c5\windows-amd64;C:\Users\Appdev_Design\.gradle\native\5664cfc778a61ccfe75a443a1ab52a65af34e5dc3c78e0209fed803814484fcb\windows-amd64;C:\Users\Appdev_Design\AppData\Local\Temp\native-platform6997380050668421554dir

VM Arguments:
jvm_args: -XX:MaxMetaspaceSize=512m --add-opens=java.base/java.util=ALL-UNNAMED --add-opens=java.base/java.lang=ALL-UNNAMED --add-opens=java.base/java.lang.invoke=ALL-UNNAMED --add-opens=java.base/java.util=ALL-UNNAMED --add-opens=java.prefs/java.util.prefs=ALL-UNNAMED --add-opens=java.prefs/java.util.prefs=ALL-UNNAMED --add-opens=java.base/java.nio.charset=ALL-UNNAMED --add-opens=java.base/java.net=ALL-UNNAMED --add-opens=java.base/java.util.concurrent.atomic=ALL-UNNAMED -Xmx2048m -Dfile.encoding=windows-1252 -Duser.country=IN -Duser.language=en -Duser.variant 
java_command: org.gradle.launcher.daemon.bootstrap.GradleDaemon 7.3.3
java_class_path (initial): C:\Users\Appdev_Design\.gradle\wrapper\dists\gradle-7.3.3-all\4295vidhdd9hd3gbjyw1xqxpo\gradle-7.3.3\lib\gradle-launcher-7.3.3.jar
Launcher Type: SUN_STANDARD

[Global flags]
     intx CICompilerCount                          = 3                                         {product} {ergonomic}
   size_t CompressedClassSpaceSize                 = 528482304                                 {product} {ergonomic}
     uint ConcGCThreads                            = 1                                         {product} {ergonomic}
     uint G1ConcRefinementThreads                  = 4                                         {product} {ergonomic}
   size_t G1HeapRegionSize                         = 1048576                                   {product} {ergonomic}
    uintx GCDrainStackTargetSize                   = 64                                        {product} {ergonomic}
   size_t InitialHeapSize                          = 134217728                                 {product} {ergonomic}
   size_t MarkStackSize                            = 4194304                                   {product} {ergonomic}
   size_t MaxHeapSize                              = 2147483648                                {product} {command line}
   size_t MaxMetaspaceSize                         = 536870912                                 {product} {command line}
   size_t MaxNewSize                               = 1287651328                                {product} {ergonomic}
   size_t MinHeapDeltaBytes                        = 1048576                                   {product} {ergonomic}
    uintx NonNMethodCodeHeapSize                   = 5830732                                {pd product} {ergonomic}
    uintx NonProfiledCodeHeapSize                  = 122913754                              {pd product} {ergonomic}
    uintx ProfiledCodeHeapSize                     = 122913754                              {pd product} {ergonomic}
    uintx ReservedCodeCacheSize                    = 251658240                              {pd product} {ergonomic}
     bool SegmentedCodeCache                       = true                                      {product} {ergonomic}
     bool UseCompressedClassPointers               = true                                 {lp64_product} {ergonomic}
     bool UseCompressedOops                        = true                                 {lp64_product} {ergonomic}
     bool UseG1GC                                  = true                                      {product} {ergonomic}
     bool UseLargePagesIndividualAllocation        = false                                  {pd product} {ergonomic}

Logging:
Log output configuration:
 #0: stdout all=warning uptime,level,tags
 #1: stderr all=off uptime,level,tags

Environment Variables:
JAVA_HOME=C:\Program Files\Java\jdk-11.0.15
CLASSPATH=C:\Users\Appdev_Design\Desktop\example\android\\gradle\wrapper\gradle-wrapper.jar
PATH=C:\Users\Appdev_Design\Desktop\example\android\node_modules\.bin;C:\Users\Appdev_Design\Desktop\example\node_modules\.bin;C:\Users\Appdev_Design\Desktop\node_modules\.bin;C:\Users\Appdev_Design\node_modules\.bin;C:\Users\node_modules\.bin;C:\node_modules\.bin;C:\Program Files\nodejs;C:\Users\Appdev_Design\Desktop\example\node_modules\.bin;C:\Users\Appdev_Design\Desktop\node_modules\.bin;C:\Users\Appdev_Design\node_modules\.bin;C:\Users\node_modules\.bin;C:\node_modules\.bin;C:\Program Files\nodejs\node_modules\npm\node_modules\@npmcli\run-script\lib\node-gyp-bin;C:\Program Files\Common Files\Oracle\Java\javapath;C:\Program Files (x86)\Common Files\Oracle\Java\javapath;C:\Python27\;C:\Python27\Scripts;C:\ProgramData\chocolatey\bin;C:\Program Files\nodejs;D:\Android;C:\Program Files\Git\cmd;C:\Program Files\nodejs\;C:\Program Files\Java\jdk-11.0.15\bin;D:\Android\platform-tools;D:\sqllite;C:\Program Files\MySQL\MySQL Shell 8.0\bin\;C:\Users\Appdev_Design\AppData\Local\Microsoft\WindowsApps;C:\Users\Appdev_Design\AppData\Local\Programs\Microsoft VS Code\bin;C:\Users\Appdev_Design\AppData\Local\atom\bin;C:\Users\Appdev_Design\AppData\Roaming;C:\Users\Appdev_Design\AppData\Roaming\npm;C:\Users\Appdev_Design\Desktop\example\node_modules\.bin
USERNAME=Appdev_Design
OS=Windows_NT
PROCESSOR_IDENTIFIER=Intel64 Family 6 Model 94 Stepping 3, GenuineIntel



---------------  S Y S T E M  ---------------

OS: Windows 10 , 64 bit Build 19041 (10.0.19041.1889)
Hyper-V role detected

CPU:total 4 (initial active 4) (2 cores per cpu, 2 threads per core) family 6 model 94 stepping 3 microcode 0xcc, cmov, cx8, fxsr, mmx, sse, sse2, sse3, ssse3, sse4.1, sse4.2, popcnt, avx, avx2, aes, clmul, erms, 3dnowpref, lzcnt, ht, tsc, tscinvbit, bmi1, bmi2, adx, fma

Memory: 4k page, system-wide physical 8148M (430M free)
TotalPageFile size 22329M (AvailPageFile size 4M)
current process WorkingSet (physical memory assigned to process): 426M, peak: 461M
current process commit charge ("private bytes"): 576M, peak: 579M

vm_info: Java HotSpot(TM) 64-Bit Server VM (11.0.15+8-LTS-149) for windows-amd64 JRE (11.0.15+8-LTS-149), built on Mar  9 2022 22:42:32 by "mach5one" with MS VC++ 15.9 (VS2017)

END.
